<?xml version="1.0" encoding="utf-8"?>
<CoverageSession xmlns:xsd="http://www.w3.org/2001/XMLSchema" xmlns:xsi="http://www.w3.org/2001/XMLSchema-instance" Version="4.6.0.0">
  <Summary numSequencePoints="435" visitedSequencePoints="420" numBranchPoints="159" visitedBranchPoints="143" sequenceCoverage="96.55" branchCoverage="89.94" maxCyclomaticComplexity="7" minCyclomaticComplexity="1" maxCrapScore="8.81" minCrapScore="1" visitedClasses="13" numClasses="13" visitedMethods="70" numMethods="71" />
  <Modules>
    <Module hash="0D-4C-89-72-D2-79-4E-5C-9F-47-74-AB-5E-A1-34-66-E0-2F-7A-93">
      <Summary numSequencePoints="150" visitedSequencePoints="145" numBranchPoints="71" visitedBranchPoints="66" sequenceCoverage="96.67" branchCoverage="92.96" maxCyclomaticComplexity="7" minCyclomaticComplexity="0" maxCrapScore="8.81" minCrapScore="0" visitedClasses="4" numClasses="4" visitedMethods="17" numMethods="17" />
      <ModulePath>C:\Users\lucas.costa\Desktop\Academia\Dupla5\projeto-loterica\ProjetoLoterica.Aplicação.Teste\bin\Debug\ProjetoLoterica.Dominio.dll</ModulePath>
      <ModuleTime>2018-05-16T20:23:03.4348717Z</ModuleTime>
      <ModuleName>ProjetoLoterica.Dominio</ModuleName>
      <Files>
        <File uid="1" fullPath="C:\Users\lucas.costa\Desktop\Academia\Dupla5\projeto-loterica\ProjetoLoterica.Dominio\Features\Concursos\Concurso.cs" />
        <File uid="6" fullPath="C:\Users\lucas.costa\Desktop\Academia\Dupla5\projeto-loterica\ProjetoLoterica.Dominio\Features\Boloes\Bolao.cs" />
        <File uid="7" fullPath="C:\Users\lucas.costa\Desktop\Academia\Dupla5\projeto-loterica\ProjetoLoterica.Dominio\Features\Boloes\BolaoNumeroExeption.cs" />
        <File uid="8" fullPath="C:\Users\lucas.costa\Desktop\Academia\Dupla5\projeto-loterica\ProjetoLoterica.Dominio\Features\Apostas\Aposta.cs" />
      </Files>
      <Classes>
        <Class>
          <Summary numSequencePoints="132" visitedSequencePoints="128" numBranchPoints="57" visitedBranchPoints="53" sequenceCoverage="96.97" branchCoverage="92.98" maxCyclomaticComplexity="7" minCyclomaticComplexity="1" maxCrapScore="8.81" minCrapScore="1" visitedClasses="1" numClasses="1" visitedMethods="13" numMethods="13" />
          <FullName>ProjetoLoterica.Dominio.Features.Concursos.Concurso</FullName>
          <Methods>
            <Method skippedDueTo="AutoImplementedProperty" visited="false" cyclomaticComplexity="1" nPathComplexity="0" sequenceCoverage="0" branchCoverage="0" crapScore="0" isConstructor="false" isStatic="false" isGetter="true" isSetter="false">
              <MetadataToken>100663297</MetadataToken>
              <Name>System.Int64 ProjetoLoterica.Dominio.Features.Concursos.Concurso::get_Id()</Name>
              <FileRef uid="1" />
              <SequencePoints />
              <BranchPoints />
            </Method>
            <Method skippedDueTo="AutoImplementedProperty" visited="false" cyclomaticComplexity="1" nPathComplexity="0" sequenceCoverage="0" branchCoverage="0" crapScore="0" isConstructor="false" isStatic="false" isGetter="false" isSetter="true">
              <MetadataToken>100663298</MetadataToken>
              <Name>System.Void ProjetoLoterica.Dominio.Features.Concursos.Concurso::set_Id(System.Int64)</Name>
              <FileRef uid="1" />
              <SequencePoints />
              <BranchPoints />
            </Method>
            <Method skippedDueTo="AutoImplementedProperty" visited="false" cyclomaticComplexity="1" nPathComplexity="0" sequenceCoverage="0" branchCoverage="0" crapScore="0" isConstructor="false" isStatic="false" isGetter="true" isSetter="false">
              <MetadataToken>100663299</MetadataToken>
              <Name>System.Int64 ProjetoLoterica.Dominio.Features.Concursos.Concurso::get_Numero()</Name>
              <FileRef uid="1" />
              <SequencePoints />
              <BranchPoints />
            </Method>
            <Method skippedDueTo="AutoImplementedProperty" visited="false" cyclomaticComplexity="1" nPathComplexity="0" sequenceCoverage="0" branchCoverage="0" crapScore="0" isConstructor="false" isStatic="false" isGetter="false" isSetter="true">
              <MetadataToken>100663300</MetadataToken>
              <Name>System.Void ProjetoLoterica.Dominio.Features.Concursos.Concurso::set_Numero(System.Int64)</Name>
              <FileRef uid="1" />
              <SequencePoints />
              <BranchPoints />
            </Method>
            <Method skippedDueTo="AutoImplementedProperty" visited="false" cyclomaticComplexity="1" nPathComplexity="0" sequenceCoverage="0" branchCoverage="0" crapScore="0" isConstructor="false" isStatic="false" isGetter="true" isSetter="false">
              <MetadataToken>100663301</MetadataToken>
              <Name>System.Double ProjetoLoterica.Dominio.Features.Concursos.Concurso::get_Premio()</Name>
              <FileRef uid="1" />
              <SequencePoints />
              <BranchPoints />
            </Method>
            <Method skippedDueTo="AutoImplementedProperty" visited="false" cyclomaticComplexity="1" nPathComplexity="0" sequenceCoverage="0" branchCoverage="0" crapScore="0" isConstructor="false" isStatic="false" isGetter="false" isSetter="true">
              <MetadataToken>100663302</MetadataToken>
              <Name>System.Void ProjetoLoterica.Dominio.Features.Concursos.Concurso::set_Premio(System.Double)</Name>
              <FileRef uid="1" />
              <SequencePoints />
              <BranchPoints />
            </Method>
            <Method skippedDueTo="AutoImplementedProperty" visited="false" cyclomaticComplexity="1" nPathComplexity="0" sequenceCoverage="0" branchCoverage="0" crapScore="0" isConstructor="false" isStatic="false" isGetter="true" isSetter="false">
              <MetadataToken>100663303</MetadataToken>
              <Name>System.Double ProjetoLoterica.Dominio.Features.Concursos.Concurso::get_PremioSena()</Name>
              <FileRef uid="1" />
              <SequencePoints />
              <BranchPoints />
            </Method>
            <Method skippedDueTo="AutoImplementedProperty" visited="false" cyclomaticComplexity="1" nPathComplexity="0" sequenceCoverage="0" branchCoverage="0" crapScore="0" isConstructor="false" isStatic="false" isGetter="false" isSetter="true">
              <MetadataToken>100663304</MetadataToken>
              <Name>System.Void ProjetoLoterica.Dominio.Features.Concursos.Concurso::set_PremioSena(System.Double)</Name>
              <FileRef uid="1" />
              <SequencePoints />
              <BranchPoints />
            </Method>
            <Method skippedDueTo="AutoImplementedProperty" visited="false" cyclomaticComplexity="1" nPathComplexity="0" sequenceCoverage="0" branchCoverage="0" crapScore="0" isConstructor="false" isStatic="false" isGetter="true" isSetter="false">
              <MetadataToken>100663305</MetadataToken>
              <Name>System.Double ProjetoLoterica.Dominio.Features.Concursos.Concurso::get_PremioQuina()</Name>
              <FileRef uid="1" />
              <SequencePoints />
              <BranchPoints />
            </Method>
            <Method skippedDueTo="AutoImplementedProperty" visited="false" cyclomaticComplexity="1" nPathComplexity="0" sequenceCoverage="0" branchCoverage="0" crapScore="0" isConstructor="false" isStatic="false" isGetter="false" isSetter="true">
              <MetadataToken>100663306</MetadataToken>
              <Name>System.Void ProjetoLoterica.Dominio.Features.Concursos.Concurso::set_PremioQuina(System.Double)</Name>
              <FileRef uid="1" />
              <SequencePoints />
              <BranchPoints />
            </Method>
            <Method skippedDueTo="AutoImplementedProperty" visited="false" cyclomaticComplexity="1" nPathComplexity="0" sequenceCoverage="0" branchCoverage="0" crapScore="0" isConstructor="false" isStatic="false" isGetter="true" isSetter="false">
              <MetadataToken>100663307</MetadataToken>
              <Name>System.Double ProjetoLoterica.Dominio.Features.Concursos.Concurso::get_PremioQuadra()</Name>
              <FileRef uid="1" />
              <SequencePoints />
              <BranchPoints />
            </Method>
            <Method skippedDueTo="AutoImplementedProperty" visited="false" cyclomaticComplexity="1" nPathComplexity="0" sequenceCoverage="0" branchCoverage="0" crapScore="0" isConstructor="false" isStatic="false" isGetter="false" isSetter="true">
              <MetadataToken>100663308</MetadataToken>
              <Name>System.Void ProjetoLoterica.Dominio.Features.Concursos.Concurso::set_PremioQuadra(System.Double)</Name>
              <FileRef uid="1" />
              <SequencePoints />
              <BranchPoints />
            </Method>
            <Method skippedDueTo="AutoImplementedProperty" visited="false" cyclomaticComplexity="1" nPathComplexity="0" sequenceCoverage="0" branchCoverage="0" crapScore="0" isConstructor="false" isStatic="false" isGetter="true" isSetter="false">
              <MetadataToken>100663309</MetadataToken>
              <Name>System.DateTime ProjetoLoterica.Dominio.Features.Concursos.Concurso::get_Data()</Name>
              <FileRef uid="1" />
              <SequencePoints />
              <BranchPoints />
            </Method>
            <Method skippedDueTo="AutoImplementedProperty" visited="false" cyclomaticComplexity="1" nPathComplexity="0" sequenceCoverage="0" branchCoverage="0" crapScore="0" isConstructor="false" isStatic="false" isGetter="false" isSetter="true">
              <MetadataToken>100663310</MetadataToken>
              <Name>System.Void ProjetoLoterica.Dominio.Features.Concursos.Concurso::set_Data(System.DateTime)</Name>
              <FileRef uid="1" />
              <SequencePoints />
              <BranchPoints />
            </Method>
            <Method skippedDueTo="AutoImplementedProperty" visited="false" cyclomaticComplexity="1" nPathComplexity="0" sequenceCoverage="0" branchCoverage="0" crapScore="0" isConstructor="false" isStatic="false" isGetter="true" isSetter="false">
              <MetadataToken>100663311</MetadataToken>
              <Name>System.Double ProjetoLoterica.Dominio.Features.Concursos.Concurso::get_LucroLoterica()</Name>
              <FileRef uid="1" />
              <SequencePoints />
              <BranchPoints />
            </Method>
            <Method skippedDueTo="AutoImplementedProperty" visited="false" cyclomaticComplexity="1" nPathComplexity="0" sequenceCoverage="0" branchCoverage="0" crapScore="0" isConstructor="false" isStatic="false" isGetter="false" isSetter="true">
              <MetadataToken>100663312</MetadataToken>
              <Name>System.Void ProjetoLoterica.Dominio.Features.Concursos.Concurso::set_LucroLoterica(System.Double)</Name>
              <FileRef uid="1" />
              <SequencePoints />
              <BranchPoints />
            </Method>
            <Method visited="true" cyclomaticComplexity="5" nPathComplexity="16" sequenceCoverage="100" branchCoverage="100" crapScore="5" isConstructor="false" isStatic="false" isGetter="false" isSetter="false">
              <Summary numSequencePoints="10" visitedSequencePoints="10" numBranchPoints="9" visitedBranchPoints="9" sequenceCoverage="100" branchCoverage="100" maxCyclomaticComplexity="5" minCyclomaticComplexity="5" maxCrapScore="5" minCrapScore="5" visitedClasses="0" numClasses="0" visitedMethods="1" numMethods="1" />
              <MetadataToken>100663313</MetadataToken>
              <Name>System.Void ProjetoLoterica.Dominio.Features.Concursos.Concurso::Validar()</Name>
              <FileRef uid="1" />
              <SequencePoints>
                <SequencePoint vc="17" uspid="1" ordinal="0" offset="0" sl="22" sc="9" el="22" ec="10" bec="0" bev="0" fileid="1" />
                <SequencePoint vc="17" uspid="2" ordinal="1" offset="1" sl="23" sc="13" el="23" ec="29" bec="2" bev="2" fileid="1" />
                <SequencePoint vc="3" uspid="3" ordinal="2" offset="18" sl="24" sc="17" el="24" ec="53" bec="0" bev="0" fileid="1" />
                <SequencePoint vc="14" uspid="4" ordinal="3" offset="24" sl="25" sc="13" el="25" ec="28" bec="2" bev="2" fileid="1" />
                <SequencePoint vc="3" uspid="5" ordinal="4" offset="45" sl="26" sc="17" el="26" ec="53" bec="0" bev="0" fileid="1" />
                <SequencePoint vc="11" uspid="6" ordinal="5" offset="51" sl="27" sc="13" el="27" ec="37" bec="2" bev="2" fileid="1" />
                <SequencePoint vc="3" uspid="7" ordinal="6" offset="71" sl="28" sc="17" el="28" ec="51" bec="0" bev="0" fileid="1" />
                <SequencePoint vc="8" uspid="8" ordinal="7" offset="77" sl="29" sc="13" el="29" ec="35" bec="2" bev="2" fileid="1" />
                <SequencePoint vc="3" uspid="9" ordinal="8" offset="95" sl="30" sc="17" el="30" ec="53" bec="0" bev="0" fileid="1" />
                <SequencePoint vc="5" uspid="10" ordinal="9" offset="101" sl="31" sc="9" el="31" ec="10" bec="0" bev="0" fileid="1" />
              </SequencePoints>
              <BranchPoints>
                <BranchPoint vc="3" uspid="11" ordinal="0" offset="16" sl="23" path="0" offsetend="18" fileid="1" />
                <BranchPoint vc="14" uspid="12" ordinal="1" offset="16" sl="23" path="1" offsetend="24" fileid="1" />
                <BranchPoint vc="3" uspid="13" ordinal="2" offset="43" sl="25" path="0" offsetend="45" fileid="1" />
                <BranchPoint vc="11" uspid="14" ordinal="3" offset="43" sl="25" path="1" offsetend="51" fileid="1" />
                <BranchPoint vc="3" uspid="15" ordinal="4" offset="69" sl="27" path="0" offsetend="71" fileid="1" />
                <BranchPoint vc="8" uspid="16" ordinal="5" offset="69" sl="27" path="1" offsetend="77" fileid="1" />
                <BranchPoint vc="3" uspid="17" ordinal="6" offset="93" sl="29" path="0" offsetend="95" fileid="1" />
                <BranchPoint vc="5" uspid="18" ordinal="7" offset="93" sl="29" path="1" offsetend="101" fileid="1" />
              </BranchPoints>
              <MethodPoint xsi:type="SequencePoint" vc="17" uspid="1" ordinal="0" offset="0" sl="22" sc="9" el="22" ec="10" bec="0" bev="0" fileid="1" />
            </Method>
            <Method visited="true" cyclomaticComplexity="2" nPathComplexity="0" sequenceCoverage="100" branchCoverage="100" crapScore="2" isConstructor="false" isStatic="false" isGetter="false" isSetter="false">
              <Summary numSequencePoints="11" visitedSequencePoints="11" numBranchPoints="1" visitedBranchPoints="1" sequenceCoverage="100" branchCoverage="100" maxCyclomaticComplexity="2" minCyclomaticComplexity="2" maxCrapScore="2" minCrapScore="2" visitedClasses="0" numClasses="0" visitedMethods="1" numMethods="1" />
              <MetadataToken>100663314</MetadataToken>
              <Name>System.Void ProjetoLoterica.Dominio.Features.Concursos.Concurso::CalclularPremio()</Name>
              <FileRef uid="1" />
              <SequencePoints>
                <SequencePoint vc="1" uspid="19" ordinal="0" offset="0" sl="34" sc="9" el="34" ec="10" bec="0" bev="0" fileid="1" />
                <SequencePoint vc="1" uspid="20" ordinal="1" offset="1" sl="35" sc="13" el="35" ec="20" bec="0" bev="0" fileid="1" />
                <SequencePoint vc="1" uspid="21" ordinal="2" offset="2" sl="35" sc="36" el="35" ec="43" bec="0" bev="0" fileid="1" />
                <SequencePoint vc="1" uspid="22" ordinal="3" offset="16" sl="35" sc="22" el="35" ec="32" bec="0" bev="0" fileid="1" />
                <SequencePoint vc="1" uspid="23" ordinal="4" offset="24" sl="36" sc="13" el="36" ec="14" bec="0" bev="0" fileid="1" />
                <SequencePoint vc="1" uspid="24" ordinal="5" offset="25" sl="37" sc="17" el="37" ec="40" bec="0" bev="0" fileid="1" />
                <SequencePoint vc="1" uspid="25" ordinal="6" offset="45" sl="38" sc="13" el="38" ec="14" bec="0" bev="0" fileid="1" />
                <SequencePoint vc="2" uspid="26" ordinal="7" offset="46" sl="35" sc="33" el="35" ec="35" bec="0" bev="0" fileid="1" />
                <SequencePoint vc="1" uspid="27" ordinal="8" offset="72" sl="40" sc="13" el="40" ec="43" bec="0" bev="0" fileid="1" />
                <SequencePoint vc="1" uspid="28" ordinal="9" offset="95" sl="41" sc="13" el="41" ec="37" bec="0" bev="0" fileid="1" />
                <SequencePoint vc="1" uspid="29" ordinal="10" offset="115" sl="42" sc="9" el="42" ec="10" bec="0" bev="0" fileid="1" />
              </SequencePoints>
              <BranchPoints />
              <MethodPoint xsi:type="SequencePoint" vc="1" uspid="19" ordinal="0" offset="0" sl="34" sc="9" el="34" ec="10" bec="0" bev="0" fileid="1" />
            </Method>
            <Method visited="true" cyclomaticComplexity="1" nPathComplexity="0" sequenceCoverage="100" branchCoverage="100" crapScore="1" isConstructor="false" isStatic="false" isGetter="false" isSetter="false">
              <Summary numSequencePoints="3" visitedSequencePoints="3" numBranchPoints="1" visitedBranchPoints="1" sequenceCoverage="100" branchCoverage="100" maxCyclomaticComplexity="1" minCyclomaticComplexity="1" maxCrapScore="1" minCrapScore="1" visitedClasses="0" numClasses="0" visitedMethods="1" numMethods="1" />
              <MetadataToken>100663315</MetadataToken>
              <Name>System.Void ProjetoLoterica.Dominio.Features.Concursos.Concurso::CalclularPremioQuadra()</Name>
              <FileRef uid="1" />
              <SequencePoints>
                <SequencePoint vc="1" uspid="32" ordinal="0" offset="0" sl="45" sc="9" el="45" ec="10" bec="0" bev="0" fileid="1" />
                <SequencePoint vc="1" uspid="33" ordinal="1" offset="1" sl="46" sc="13" el="46" ec="42" bec="0" bev="0" fileid="1" />
                <SequencePoint vc="1" uspid="34" ordinal="2" offset="24" sl="47" sc="9" el="47" ec="10" bec="0" bev="0" fileid="1" />
              </SequencePoints>
              <BranchPoints />
              <MethodPoint xsi:type="SequencePoint" vc="1" uspid="32" ordinal="0" offset="0" sl="45" sc="9" el="45" ec="10" bec="0" bev="0" fileid="1" />
            </Method>
            <Method visited="true" cyclomaticComplexity="2" nPathComplexity="2" sequenceCoverage="80" branchCoverage="66.67" crapScore="2.03" isConstructor="false" isStatic="false" isGetter="false" isSetter="false">
              <Summary numSequencePoints="5" visitedSequencePoints="4" numBranchPoints="3" visitedBranchPoints="2" sequenceCoverage="80" branchCoverage="66.67" maxCyclomaticComplexity="2" minCyclomaticComplexity="2" maxCrapScore="2.03" minCrapScore="2.03" visitedClasses="0" numClasses="0" visitedMethods="1" numMethods="1" />
              <MetadataToken>100663316</MetadataToken>
              <Name>System.Void ProjetoLoterica.Dominio.Features.Concursos.Concurso::CalclularPremioQuina()</Name>
              <FileRef uid="1" />
              <SequencePoints>
                <SequencePoint vc="1" uspid="35" ordinal="0" offset="0" sl="50" sc="9" el="50" ec="10" bec="0" bev="0" fileid="1" />
                <SequencePoint vc="1" uspid="36" ordinal="1" offset="1" sl="51" sc="13" el="51" ec="40" bec="2" bev="1" fileid="1" />
                <SequencePoint vc="0" uspid="37" ordinal="2" offset="14" sl="52" sc="17" el="52" ec="45" bec="0" bev="0" fileid="1" />
                <SequencePoint vc="1" uspid="38" ordinal="3" offset="39" sl="54" sc="17" el="54" ec="45" bec="0" bev="0" fileid="1" />
                <SequencePoint vc="1" uspid="39" ordinal="4" offset="62" sl="55" sc="9" el="55" ec="10" bec="0" bev="0" fileid="1" />
              </SequencePoints>
              <BranchPoints>
                <BranchPoint vc="0" uspid="40" ordinal="0" offset="12" sl="51" path="0" offsetend="14" fileid="1" />
                <BranchPoint vc="1" uspid="41" ordinal="1" offset="12" sl="51" path="1" offsetend="39" fileid="1" />
              </BranchPoints>
              <MethodPoint xsi:type="SequencePoint" vc="1" uspid="35" ordinal="0" offset="0" sl="50" sc="9" el="50" ec="10" bec="0" bev="0" fileid="1" />
            </Method>
            <Method visited="true" cyclomaticComplexity="7" nPathComplexity="8" sequenceCoverage="66.67" branchCoverage="57.14" crapScore="8.81" isConstructor="false" isStatic="false" isGetter="false" isSetter="false">
              <Summary numSequencePoints="9" visitedSequencePoints="6" numBranchPoints="7" visitedBranchPoints="4" sequenceCoverage="66.67" branchCoverage="57.14" maxCyclomaticComplexity="7" minCyclomaticComplexity="7" maxCrapScore="8.81" minCrapScore="8.81" visitedClasses="0" numClasses="0" visitedMethods="1" numMethods="1" />
              <MetadataToken>100663317</MetadataToken>
              <Name>System.Void ProjetoLoterica.Dominio.Features.Concursos.Concurso::CalclularPremioSena()</Name>
              <FileRef uid="1" />
              <SequencePoints>
                <SequencePoint vc="1" uspid="42" ordinal="0" offset="0" sl="58" sc="9" el="58" ec="10" bec="0" bev="0" fileid="1" />
                <SequencePoint vc="1" uspid="43" ordinal="1" offset="1" sl="59" sc="13" el="59" ec="65" bec="2" bev="1" fileid="1" />
                <SequencePoint vc="0" uspid="44" ordinal="2" offset="26" sl="60" sc="17" el="60" ec="44" bec="0" bev="0" fileid="1" />
                <SequencePoint vc="1" uspid="45" ordinal="3" offset="51" sl="61" sc="18" el="61" ec="71" bec="2" bev="1" fileid="1" />
                <SequencePoint vc="0" uspid="46" ordinal="4" offset="75" sl="62" sc="17" el="62" ec="44" bec="0" bev="0" fileid="1" />
                <SequencePoint vc="1" uspid="47" ordinal="5" offset="100" sl="63" sc="18" el="63" ec="71" bec="2" bev="1" fileid="1" />
                <SequencePoint vc="0" uspid="48" ordinal="6" offset="125" sl="64" sc="17" el="64" ec="44" bec="0" bev="0" fileid="1" />
                <SequencePoint vc="1" uspid="49" ordinal="7" offset="150" sl="66" sc="17" el="66" ec="37" bec="0" bev="0" fileid="1" />
                <SequencePoint vc="1" uspid="50" ordinal="8" offset="163" sl="67" sc="9" el="67" ec="10" bec="0" bev="0" fileid="1" />
              </SequencePoints>
              <BranchPoints>
                <BranchPoint vc="0" uspid="53" ordinal="2" offset="24" sl="59" path="0" offsetend="26" fileid="1" />
                <BranchPoint vc="1" uspid="54" ordinal="3" offset="24" sl="59" path="1" offsetend="51" fileid="1" />
                <BranchPoint vc="0" uspid="57" ordinal="6" offset="73" sl="61" path="0" offsetend="75" fileid="1" />
                <BranchPoint vc="1" uspid="58" ordinal="7" offset="73" sl="61" path="1" offsetend="100" fileid="1" />
                <BranchPoint vc="0" uspid="61" ordinal="10" offset="123" sl="63" path="0" offsetend="125" fileid="1" />
                <BranchPoint vc="1" uspid="62" ordinal="11" offset="123" sl="63" path="1" offsetend="150" fileid="1" />
              </BranchPoints>
              <MethodPoint xsi:type="SequencePoint" vc="1" uspid="42" ordinal="0" offset="0" sl="58" sc="9" el="58" ec="10" bec="0" bev="0" fileid="1" />
            </Method>
            <Method visited="true" cyclomaticComplexity="2" nPathComplexity="2" sequenceCoverage="100" branchCoverage="100" crapScore="2" isConstructor="false" isStatic="false" isGetter="false" isSetter="false">
              <Summary numSequencePoints="5" visitedSequencePoints="5" numBranchPoints="3" visitedBranchPoints="3" sequenceCoverage="100" branchCoverage="100" maxCyclomaticComplexity="2" minCyclomaticComplexity="2" maxCrapScore="2" minCrapScore="2" visitedClasses="0" numClasses="0" visitedMethods="1" numMethods="1" />
              <MetadataToken>100663318</MetadataToken>
              <Name>System.String ProjetoLoterica.Dominio.Features.Concursos.Concurso::RelacaoPremioQuadraGanhadores()</Name>
              <FileRef uid="1" />
              <SequencePoints>
                <SequencePoint vc="2" uspid="63" ordinal="0" offset="0" sl="70" sc="9" el="70" ec="10" bec="0" bev="0" fileid="1" />
                <SequencePoint vc="2" uspid="64" ordinal="1" offset="1" sl="71" sc="13" el="71" ec="41" bec="2" bev="2" fileid="1" />
                <SequencePoint vc="1" uspid="65" ordinal="2" offset="14" sl="72" sc="17" el="72" ec="46" bec="0" bev="0" fileid="1" />
                <SequencePoint vc="1" uspid="66" ordinal="3" offset="22" sl="74" sc="17" el="74" ec="137" bec="0" bev="0" fileid="1" />
                <SequencePoint vc="2" uspid="67" ordinal="4" offset="65" sl="75" sc="9" el="75" ec="10" bec="0" bev="0" fileid="1" />
              </SequencePoints>
              <BranchPoints>
                <BranchPoint vc="1" uspid="68" ordinal="0" offset="12" sl="71" path="0" offsetend="14" fileid="1" />
                <BranchPoint vc="1" uspid="69" ordinal="1" offset="12" sl="71" path="1" offsetend="22" fileid="1" />
              </BranchPoints>
              <MethodPoint xsi:type="SequencePoint" vc="2" uspid="63" ordinal="0" offset="0" sl="70" sc="9" el="70" ec="10" bec="0" bev="0" fileid="1" />
            </Method>
            <Method visited="true" cyclomaticComplexity="2" nPathComplexity="2" sequenceCoverage="100" branchCoverage="100" crapScore="2" isConstructor="false" isStatic="false" isGetter="false" isSetter="false">
              <Summary numSequencePoints="5" visitedSequencePoints="5" numBranchPoints="3" visitedBranchPoints="3" sequenceCoverage="100" branchCoverage="100" maxCyclomaticComplexity="2" minCyclomaticComplexity="2" maxCrapScore="2" minCrapScore="2" visitedClasses="0" numClasses="0" visitedMethods="1" numMethods="1" />
              <MetadataToken>100663319</MetadataToken>
              <Name>System.String ProjetoLoterica.Dominio.Features.Concursos.Concurso::RelacaoPremioQuinaGanhadores()</Name>
              <FileRef uid="1" />
              <SequencePoints>
                <SequencePoint vc="2" uspid="70" ordinal="0" offset="0" sl="78" sc="9" el="78" ec="10" bec="0" bev="0" fileid="1" />
                <SequencePoint vc="2" uspid="71" ordinal="1" offset="1" sl="79" sc="13" el="79" ec="40" bec="2" bev="2" fileid="1" />
                <SequencePoint vc="1" uspid="72" ordinal="2" offset="14" sl="80" sc="17" el="80" ec="46" bec="0" bev="0" fileid="1" />
                <SequencePoint vc="1" uspid="73" ordinal="3" offset="22" sl="82" sc="17" el="82" ec="133" bec="0" bev="0" fileid="1" />
                <SequencePoint vc="2" uspid="74" ordinal="4" offset="65" sl="83" sc="9" el="83" ec="10" bec="0" bev="0" fileid="1" />
              </SequencePoints>
              <BranchPoints>
                <BranchPoint vc="1" uspid="75" ordinal="0" offset="12" sl="79" path="0" offsetend="14" fileid="1" />
                <BranchPoint vc="1" uspid="76" ordinal="1" offset="12" sl="79" path="1" offsetend="22" fileid="1" />
              </BranchPoints>
              <MethodPoint xsi:type="SequencePoint" vc="2" uspid="70" ordinal="0" offset="0" sl="78" sc="9" el="78" ec="10" bec="0" bev="0" fileid="1" />
            </Method>
            <Method visited="true" cyclomaticComplexity="2" nPathComplexity="2" sequenceCoverage="100" branchCoverage="100" crapScore="2" isConstructor="false" isStatic="false" isGetter="false" isSetter="false">
              <Summary numSequencePoints="5" visitedSequencePoints="5" numBranchPoints="3" visitedBranchPoints="3" sequenceCoverage="100" branchCoverage="100" maxCyclomaticComplexity="2" minCyclomaticComplexity="2" maxCrapScore="2" minCrapScore="2" visitedClasses="0" numClasses="0" visitedMethods="1" numMethods="1" />
              <MetadataToken>100663320</MetadataToken>
              <Name>System.String ProjetoLoterica.Dominio.Features.Concursos.Concurso::RelacaoPremioMegaGanhadores()</Name>
              <FileRef uid="1" />
              <SequencePoints>
                <SequencePoint vc="2" uspid="77" ordinal="0" offset="0" sl="86" sc="9" el="86" ec="10" bec="0" bev="0" fileid="1" />
                <SequencePoint vc="2" uspid="78" ordinal="1" offset="1" sl="87" sc="13" el="87" ec="39" bec="2" bev="2" fileid="1" />
                <SequencePoint vc="1" uspid="79" ordinal="2" offset="14" sl="88" sc="17" el="88" ec="46" bec="0" bev="0" fileid="1" />
                <SequencePoint vc="1" uspid="80" ordinal="3" offset="22" sl="90" sc="17" el="90" ec="129" bec="0" bev="0" fileid="1" />
                <SequencePoint vc="2" uspid="81" ordinal="4" offset="65" sl="91" sc="9" el="91" ec="10" bec="0" bev="0" fileid="1" />
              </SequencePoints>
              <BranchPoints>
                <BranchPoint vc="1" uspid="82" ordinal="0" offset="12" sl="87" path="0" offsetend="14" fileid="1" />
                <BranchPoint vc="1" uspid="83" ordinal="1" offset="12" sl="87" path="1" offsetend="22" fileid="1" />
              </BranchPoints>
              <MethodPoint xsi:type="SequencePoint" vc="2" uspid="77" ordinal="0" offset="0" sl="86" sc="9" el="86" ec="10" bec="0" bev="0" fileid="1" />
            </Method>
            <Method visited="true" cyclomaticComplexity="5" nPathComplexity="8" sequenceCoverage="100" branchCoverage="100" crapScore="5" isConstructor="false" isStatic="false" isGetter="false" isSetter="false">
              <Summary numSequencePoints="20" visitedSequencePoints="20" numBranchPoints="7" visitedBranchPoints="7" sequenceCoverage="100" branchCoverage="100" maxCyclomaticComplexity="5" minCyclomaticComplexity="5" maxCrapScore="5" minCrapScore="5" visitedClasses="0" numClasses="0" visitedMethods="1" numMethods="1" />
              <MetadataToken>100663321</MetadataToken>
              <Name>System.Int32 ProjetoLoterica.Dominio.Features.Concursos.Concurso::GanhadoresMega()</Name>
              <FileRef uid="1" />
              <SequencePoints>
                <SequencePoint vc="4" uspid="84" ordinal="0" offset="0" sl="94" sc="9" el="94" ec="10" bec="0" bev="0" fileid="1" />
                <SequencePoint vc="4" uspid="85" ordinal="1" offset="1" sl="95" sc="13" el="95" ec="43" bec="0" bev="0" fileid="1" />
                <SequencePoint vc="4" uspid="86" ordinal="2" offset="3" sl="96" sc="13" el="96" ec="41" bec="0" bev="0" fileid="1" />
                <SequencePoint vc="4" uspid="87" ordinal="3" offset="5" sl="97" sc="13" el="97" ec="20" bec="0" bev="0" fileid="1" />
                <SequencePoint vc="4" uspid="88" ordinal="4" offset="6" sl="97" sc="36" el="97" ec="43" bec="0" bev="0" fileid="1" />
                <SequencePoint vc="4" uspid="89" ordinal="5" offset="20" sl="97" sc="22" el="97" ec="32" bec="0" bev="0" fileid="1" />
                <SequencePoint vc="4" uspid="90" ordinal="6" offset="28" sl="98" sc="13" el="98" ec="14" bec="0" bev="0" fileid="1" />
                <SequencePoint vc="4" uspid="91" ordinal="7" offset="29" sl="99" sc="22" el="99" ec="31" bec="0" bev="0" fileid="1" />
                <SequencePoint vc="24" uspid="92" ordinal="8" offset="34" sl="100" sc="17" el="100" ec="18" bec="0" bev="0" fileid="1" />
                <SequencePoint vc="24" uspid="93" ordinal="9" offset="35" sl="101" sc="21" el="101" ec="61" bec="2" bev="2" fileid="1" />
                <SequencePoint vc="21" uspid="94" ordinal="10" offset="65" sl="102" sc="25" el="102" ec="49" bec="0" bev="0" fileid="1" />
                <SequencePoint vc="24" uspid="95" ordinal="11" offset="69" sl="103" sc="17" el="103" ec="18" bec="0" bev="0" fileid="1" />
                <SequencePoint vc="24" uspid="96" ordinal="12" offset="70" sl="99" sc="40" el="99" ec="43" bec="0" bev="0" fileid="1" />
                <SequencePoint vc="28" uspid="97" ordinal="13" offset="76" sl="99" sc="33" el="99" ec="38" bec="2" bev="2" fileid="1" />
                <SequencePoint vc="4" uspid="98" ordinal="14" offset="87" sl="104" sc="17" el="104" ec="48" bec="2" bev="2" fileid="1" />
                <SequencePoint vc="3" uspid="99" ordinal="15" offset="97" sl="105" sc="21" el="105" ec="43" bec="0" bev="0" fileid="1" />
                <SequencePoint vc="4" uspid="100" ordinal="16" offset="101" sl="106" sc="13" el="106" ec="14" bec="0" bev="0" fileid="1" />
                <SequencePoint vc="8" uspid="101" ordinal="17" offset="102" sl="97" sc="33" el="97" ec="35" bec="0" bev="0" fileid="1" />
                <SequencePoint vc="4" uspid="102" ordinal="18" offset="128" sl="107" sc="13" el="107" ec="40" bec="0" bev="0" fileid="1" />
                <SequencePoint vc="4" uspid="103" ordinal="19" offset="133" sl="108" sc="9" el="108" ec="10" bec="0" bev="0" fileid="1" />
              </SequencePoints>
              <BranchPoints>
                <BranchPoint vc="21" uspid="104" ordinal="0" offset="63" sl="101" path="0" offsetend="65" fileid="1" />
                <BranchPoint vc="3" uspid="105" ordinal="1" offset="63" sl="101" path="1" offsetend="69" fileid="1" />
                <BranchPoint vc="4" uspid="106" ordinal="2" offset="85" sl="99" path="0" offsetend="87" fileid="1" />
                <BranchPoint vc="24" uspid="107" ordinal="3" offset="85" sl="99" path="1" offsetend="34" fileid="1" />
                <BranchPoint vc="3" uspid="108" ordinal="4" offset="95" sl="104" path="0" offsetend="97" fileid="1" />
                <BranchPoint vc="1" uspid="109" ordinal="5" offset="95" sl="104" path="1" offsetend="101" fileid="1" />
              </BranchPoints>
              <MethodPoint xsi:type="SequencePoint" vc="4" uspid="84" ordinal="0" offset="0" sl="94" sc="9" el="94" ec="10" bec="0" bev="0" fileid="1" />
            </Method>
            <Method visited="true" cyclomaticComplexity="5" nPathComplexity="8" sequenceCoverage="100" branchCoverage="100" crapScore="5" isConstructor="false" isStatic="false" isGetter="false" isSetter="false">
              <Summary numSequencePoints="20" visitedSequencePoints="20" numBranchPoints="7" visitedBranchPoints="7" sequenceCoverage="100" branchCoverage="100" maxCyclomaticComplexity="5" minCyclomaticComplexity="5" maxCrapScore="5" minCrapScore="5" visitedClasses="0" numClasses="0" visitedMethods="1" numMethods="1" />
              <MetadataToken>100663322</MetadataToken>
              <Name>System.Int32 ProjetoLoterica.Dominio.Features.Concursos.Concurso::GanhadoresQuina()</Name>
              <FileRef uid="1" />
              <SequencePoints>
                <SequencePoint vc="5" uspid="112" ordinal="0" offset="0" sl="111" sc="9" el="111" ec="10" bec="0" bev="0" fileid="1" />
                <SequencePoint vc="5" uspid="113" ordinal="1" offset="1" sl="112" sc="13" el="112" ec="43" bec="0" bev="0" fileid="1" />
                <SequencePoint vc="5" uspid="114" ordinal="2" offset="3" sl="113" sc="13" el="113" ec="42" bec="0" bev="0" fileid="1" />
                <SequencePoint vc="5" uspid="115" ordinal="3" offset="5" sl="115" sc="13" el="115" ec="20" bec="0" bev="0" fileid="1" />
                <SequencePoint vc="5" uspid="116" ordinal="4" offset="6" sl="115" sc="36" el="115" ec="43" bec="0" bev="0" fileid="1" />
                <SequencePoint vc="5" uspid="117" ordinal="5" offset="20" sl="115" sc="22" el="115" ec="32" bec="0" bev="0" fileid="1" />
                <SequencePoint vc="5" uspid="118" ordinal="6" offset="28" sl="116" sc="13" el="116" ec="14" bec="0" bev="0" fileid="1" />
                <SequencePoint vc="5" uspid="119" ordinal="7" offset="29" sl="117" sc="22" el="117" ec="31" bec="0" bev="0" fileid="1" />
                <SequencePoint vc="30" uspid="120" ordinal="8" offset="34" sl="118" sc="17" el="118" ec="18" bec="0" bev="0" fileid="1" />
                <SequencePoint vc="30" uspid="121" ordinal="9" offset="35" sl="119" sc="21" el="119" ec="61" bec="2" bev="2" fileid="1" />
                <SequencePoint vc="27" uspid="122" ordinal="10" offset="65" sl="120" sc="25" el="120" ec="49" bec="0" bev="0" fileid="1" />
                <SequencePoint vc="30" uspid="123" ordinal="11" offset="69" sl="121" sc="17" el="121" ec="18" bec="0" bev="0" fileid="1" />
                <SequencePoint vc="30" uspid="124" ordinal="12" offset="70" sl="117" sc="40" el="117" ec="43" bec="0" bev="0" fileid="1" />
                <SequencePoint vc="35" uspid="125" ordinal="13" offset="76" sl="117" sc="33" el="117" ec="38" bec="2" bev="2" fileid="1" />
                <SequencePoint vc="5" uspid="126" ordinal="14" offset="87" sl="122" sc="17" el="122" ec="48" bec="2" bev="2" fileid="1" />
                <SequencePoint vc="3" uspid="127" ordinal="15" offset="97" sl="123" sc="21" el="123" ec="44" bec="0" bev="0" fileid="1" />
                <SequencePoint vc="5" uspid="128" ordinal="16" offset="101" sl="124" sc="13" el="124" ec="14" bec="0" bev="0" fileid="1" />
                <SequencePoint vc="10" uspid="129" ordinal="17" offset="102" sl="115" sc="33" el="115" ec="35" bec="0" bev="0" fileid="1" />
                <SequencePoint vc="5" uspid="130" ordinal="18" offset="128" sl="125" sc="13" el="125" ec="41" bec="0" bev="0" fileid="1" />
                <SequencePoint vc="5" uspid="131" ordinal="19" offset="133" sl="126" sc="9" el="126" ec="10" bec="0" bev="0" fileid="1" />
              </SequencePoints>
              <BranchPoints>
                <BranchPoint vc="27" uspid="132" ordinal="0" offset="63" sl="119" path="0" offsetend="65" fileid="1" />
                <BranchPoint vc="3" uspid="133" ordinal="1" offset="63" sl="119" path="1" offsetend="69" fileid="1" />
                <BranchPoint vc="5" uspid="134" ordinal="2" offset="85" sl="117" path="0" offsetend="87" fileid="1" />
                <BranchPoint vc="30" uspid="135" ordinal="3" offset="85" sl="117" path="1" offsetend="34" fileid="1" />
                <BranchPoint vc="3" uspid="136" ordinal="4" offset="95" sl="122" path="0" offsetend="97" fileid="1" />
                <BranchPoint vc="2" uspid="137" ordinal="5" offset="95" sl="122" path="1" offsetend="101" fileid="1" />
              </BranchPoints>
              <MethodPoint xsi:type="SequencePoint" vc="5" uspid="112" ordinal="0" offset="0" sl="111" sc="9" el="111" ec="10" bec="0" bev="0" fileid="1" />
            </Method>
            <Method visited="true" cyclomaticComplexity="5" nPathComplexity="8" sequenceCoverage="100" branchCoverage="100" crapScore="5" isConstructor="false" isStatic="false" isGetter="false" isSetter="false">
              <Summary numSequencePoints="20" visitedSequencePoints="20" numBranchPoints="7" visitedBranchPoints="7" sequenceCoverage="100" branchCoverage="100" maxCyclomaticComplexity="5" minCyclomaticComplexity="5" maxCrapScore="5" minCrapScore="5" visitedClasses="0" numClasses="0" visitedMethods="1" numMethods="1" />
              <MetadataToken>100663323</MetadataToken>
              <Name>System.Int32 ProjetoLoterica.Dominio.Features.Concursos.Concurso::GanhadoresQuadra()</Name>
              <FileRef uid="1" />
              <SequencePoints>
                <SequencePoint vc="8" uspid="140" ordinal="0" offset="0" sl="129" sc="9" el="129" ec="10" bec="0" bev="0" fileid="1" />
                <SequencePoint vc="8" uspid="141" ordinal="1" offset="1" sl="130" sc="13" el="130" ec="43" bec="0" bev="0" fileid="1" />
                <SequencePoint vc="8" uspid="142" ordinal="2" offset="3" sl="131" sc="13" el="131" ec="43" bec="0" bev="0" fileid="1" />
                <SequencePoint vc="8" uspid="143" ordinal="3" offset="5" sl="133" sc="13" el="133" ec="20" bec="0" bev="0" fileid="1" />
                <SequencePoint vc="8" uspid="144" ordinal="4" offset="6" sl="133" sc="36" el="133" ec="43" bec="0" bev="0" fileid="1" />
                <SequencePoint vc="8" uspid="145" ordinal="5" offset="20" sl="133" sc="22" el="133" ec="32" bec="0" bev="0" fileid="1" />
                <SequencePoint vc="8" uspid="146" ordinal="6" offset="28" sl="134" sc="13" el="134" ec="14" bec="0" bev="0" fileid="1" />
                <SequencePoint vc="8" uspid="147" ordinal="7" offset="29" sl="135" sc="22" el="135" ec="31" bec="0" bev="0" fileid="1" />
                <SequencePoint vc="48" uspid="148" ordinal="8" offset="34" sl="136" sc="17" el="136" ec="18" bec="0" bev="0" fileid="1" />
                <SequencePoint vc="48" uspid="149" ordinal="9" offset="35" sl="137" sc="21" el="137" ec="61" bec="2" bev="2" fileid="1" />
                <SequencePoint vc="42" uspid="150" ordinal="10" offset="65" sl="138" sc="25" el="138" ec="49" bec="0" bev="0" fileid="1" />
                <SequencePoint vc="48" uspid="151" ordinal="11" offset="69" sl="139" sc="17" el="139" ec="18" bec="0" bev="0" fileid="1" />
                <SequencePoint vc="48" uspid="152" ordinal="12" offset="70" sl="135" sc="40" el="135" ec="43" bec="0" bev="0" fileid="1" />
                <SequencePoint vc="56" uspid="153" ordinal="13" offset="76" sl="135" sc="33" el="135" ec="38" bec="2" bev="2" fileid="1" />
                <SequencePoint vc="8" uspid="154" ordinal="14" offset="87" sl="140" sc="17" el="140" ec="48" bec="2" bev="2" fileid="1" />
                <SequencePoint vc="3" uspid="155" ordinal="15" offset="97" sl="141" sc="21" el="141" ec="45" bec="0" bev="0" fileid="1" />
                <SequencePoint vc="8" uspid="156" ordinal="16" offset="101" sl="142" sc="13" el="142" ec="14" bec="0" bev="0" fileid="1" />
                <SequencePoint vc="16" uspid="157" ordinal="17" offset="102" sl="133" sc="33" el="133" ec="35" bec="0" bev="0" fileid="1" />
                <SequencePoint vc="8" uspid="158" ordinal="18" offset="128" sl="143" sc="13" el="143" ec="42" bec="0" bev="0" fileid="1" />
                <SequencePoint vc="8" uspid="159" ordinal="19" offset="133" sl="144" sc="9" el="144" ec="10" bec="0" bev="0" fileid="1" />
              </SequencePoints>
              <BranchPoints>
                <BranchPoint vc="42" uspid="160" ordinal="0" offset="63" sl="137" path="0" offsetend="65" fileid="1" />
                <BranchPoint vc="6" uspid="161" ordinal="1" offset="63" sl="137" path="1" offsetend="69" fileid="1" />
                <BranchPoint vc="8" uspid="162" ordinal="2" offset="85" sl="135" path="0" offsetend="87" fileid="1" />
                <BranchPoint vc="48" uspid="163" ordinal="3" offset="85" sl="135" path="1" offsetend="34" fileid="1" />
                <BranchPoint vc="3" uspid="164" ordinal="4" offset="95" sl="140" path="0" offsetend="97" fileid="1" />
                <BranchPoint vc="5" uspid="165" ordinal="5" offset="95" sl="140" path="1" offsetend="101" fileid="1" />
              </BranchPoints>
              <MethodPoint xsi:type="SequencePoint" vc="8" uspid="140" ordinal="0" offset="0" sl="129" sc="9" el="129" ec="10" bec="0" bev="0" fileid="1" />
            </Method>
            <Method visited="true" cyclomaticComplexity="3" nPathComplexity="4" sequenceCoverage="100" branchCoverage="100" crapScore="3" isConstructor="false" isStatic="false" isGetter="false" isSetter="false">
              <Summary numSequencePoints="17" visitedSequencePoints="17" numBranchPoints="5" visitedBranchPoints="5" sequenceCoverage="100" branchCoverage="100" maxCyclomaticComplexity="3" minCyclomaticComplexity="3" maxCrapScore="3" minCrapScore="3" visitedClasses="0" numClasses="0" visitedMethods="1" numMethods="1" />
              <MetadataToken>100663324</MetadataToken>
              <Name>System.Void ProjetoLoterica.Dominio.Features.Concursos.Concurso::DezenasVencedoras()</Name>
              <FileRef uid="1" />
              <SequencePoints>
                <SequencePoint vc="2" uspid="168" ordinal="0" offset="0" sl="146" sc="9" el="146" ec="10" bec="0" bev="0" fileid="1" />
                <SequencePoint vc="2" uspid="169" ordinal="1" offset="1" sl="147" sc="13" el="147" ec="39" bec="0" bev="0" fileid="1" />
                <SequencePoint vc="2" uspid="170" ordinal="2" offset="7" sl="148" sc="18" el="148" ec="27" bec="0" bev="0" fileid="1" />
                <SequencePoint vc="12" uspid="171" ordinal="3" offset="11" sl="149" sc="13" el="149" ec="14" bec="0" bev="0" fileid="1" />
                <SequencePoint vc="12" uspid="172" ordinal="4" offset="12" sl="150" sc="17" el="150" ec="44" bec="0" bev="0" fileid="1" />
                <SequencePoint vc="14" uspid="173" ordinal="5" offset="24" sl="152" sc="17" el="152" ec="18" bec="0" bev="0" fileid="1" />
                <SequencePoint vc="14" uspid="174" ordinal="6" offset="25" sl="153" sc="21" el="153" ec="48" bec="2" bev="2" fileid="1" />
                <SequencePoint vc="2" uspid="175" ordinal="7" offset="41" sl="154" sc="25" el="154" ec="48" bec="0" bev="0" fileid="1" />
                <SequencePoint vc="12" uspid="176" ordinal="8" offset="53" sl="156" sc="21" el="156" ec="22" bec="0" bev="0" fileid="1" />
                <SequencePoint vc="12" uspid="177" ordinal="9" offset="54" sl="157" sc="25" el="157" ec="43" bec="0" bev="0" fileid="1" />
                <SequencePoint vc="12" uspid="178" ordinal="10" offset="68" sl="158" sc="25" el="158" ec="31" bec="0" bev="0" fileid="1" />
                <SequencePoint vc="2" uspid="179" ordinal="11" offset="70" sl="160" sc="17" el="160" ec="18" bec="0" bev="0" fileid="1" />
                <SequencePoint vc="14" uspid="180" ordinal="12" offset="71" sl="151" sc="17" el="151" ec="29" bec="0" bev="0" fileid="1" />
                <SequencePoint vc="12" uspid="181" ordinal="13" offset="76" sl="161" sc="13" el="161" ec="14" bec="0" bev="0" fileid="1" />
                <SequencePoint vc="12" uspid="182" ordinal="14" offset="77" sl="148" sc="36" el="148" ec="39" bec="0" bev="0" fileid="1" />
                <SequencePoint vc="14" uspid="183" ordinal="15" offset="81" sl="148" sc="29" el="148" ec="34" bec="2" bev="2" fileid="1" />
                <SequencePoint vc="2" uspid="184" ordinal="16" offset="91" sl="162" sc="9" el="162" ec="10" bec="0" bev="0" fileid="1" />
              </SequencePoints>
              <BranchPoints>
                <BranchPoint vc="2" uspid="185" ordinal="0" offset="39" sl="153" path="0" offsetend="41" fileid="1" />
                <BranchPoint vc="12" uspid="186" ordinal="1" offset="39" sl="153" path="1" offsetend="53" fileid="1" />
                <BranchPoint vc="2" uspid="187" ordinal="2" offset="89" sl="148" path="0" offsetend="91" fileid="1" />
                <BranchPoint vc="12" uspid="188" ordinal="3" offset="89" sl="148" path="1" offsetend="11" fileid="1" />
              </BranchPoints>
              <MethodPoint xsi:type="SequencePoint" vc="2" uspid="168" ordinal="0" offset="0" sl="146" sc="9" el="146" ec="10" bec="0" bev="0" fileid="1" />
            </Method>
            <Method visited="true" cyclomaticComplexity="1" nPathComplexity="0" sequenceCoverage="100" branchCoverage="100" crapScore="1" isConstructor="true" isStatic="false" isGetter="false" isSetter="false">
              <Summary numSequencePoints="2" visitedSequencePoints="2" numBranchPoints="1" visitedBranchPoints="1" sequenceCoverage="100" branchCoverage="100" maxCyclomaticComplexity="1" minCyclomaticComplexity="1" maxCrapScore="1" minCrapScore="1" visitedClasses="0" numClasses="0" visitedMethods="1" numMethods="1" />
              <MetadataToken>100663325</MetadataToken>
              <Name>System.Void ProjetoLoterica.Dominio.Features.Concursos.Concurso::.ctor()</Name>
              <FileRef uid="1" />
              <SequencePoints>
                <SequencePoint vc="38" uspid="189" ordinal="0" offset="0" sl="18" sc="9" el="18" ec="52" bec="0" bev="0" fileid="1" />
                <SequencePoint vc="38" uspid="190" ordinal="1" offset="11" sl="19" sc="9" el="19" ec="58" bec="0" bev="0" fileid="1" />
              </SequencePoints>
              <BranchPoints />
              <MethodPoint xsi:type="SequencePoint" vc="38" uspid="189" ordinal="0" offset="0" sl="18" sc="9" el="18" ec="52" bec="0" bev="0" fileid="1" />
            </Method>
          </Methods>
        </Class>
        <Class>
          <Summary numSequencePoints="4" visitedSequencePoints="4" numBranchPoints="3" visitedBranchPoints="3" sequenceCoverage="100" branchCoverage="100" maxCyclomaticComplexity="2" minCyclomaticComplexity="1" maxCrapScore="2" minCrapScore="2" visitedClasses="1" numClasses="1" visitedMethods="1" numMethods="1" />
          <FullName>ProjetoLoterica.Dominio.Features.Boloes.Bolao</FullName>
          <Methods>
            <Method skippedDueTo="AutoImplementedProperty" visited="false" cyclomaticComplexity="1" nPathComplexity="0" sequenceCoverage="0" branchCoverage="0" crapScore="0" isConstructor="false" isStatic="false" isGetter="true" isSetter="false">
              <MetadataToken>100663335</MetadataToken>
              <Name>System.Int32 ProjetoLoterica.Dominio.Features.Boloes.Bolao::get_Id()</Name>
              <FileRef uid="6" />
              <SequencePoints />
              <BranchPoints />
            </Method>
            <Method skippedDueTo="AutoImplementedProperty" visited="false" cyclomaticComplexity="1" nPathComplexity="0" sequenceCoverage="0" branchCoverage="0" crapScore="0" isConstructor="false" isStatic="false" isGetter="false" isSetter="true">
              <MetadataToken>100663336</MetadataToken>
              <Name>System.Void ProjetoLoterica.Dominio.Features.Boloes.Bolao::set_Id(System.Int32)</Name>
              <FileRef uid="6" />
              <SequencePoints />
              <BranchPoints />
            </Method>
            <Method skippedDueTo="AutoImplementedProperty" visited="false" cyclomaticComplexity="1" nPathComplexity="0" sequenceCoverage="0" branchCoverage="0" crapScore="0" isConstructor="false" isStatic="false" isGetter="true" isSetter="false">
              <MetadataToken>100663337</MetadataToken>
              <Name>System.Int32 ProjetoLoterica.Dominio.Features.Boloes.Bolao::get_Numero()</Name>
              <FileRef uid="6" />
              <SequencePoints />
              <BranchPoints />
            </Method>
            <Method skippedDueTo="AutoImplementedProperty" visited="false" cyclomaticComplexity="1" nPathComplexity="0" sequenceCoverage="0" branchCoverage="0" crapScore="0" isConstructor="false" isStatic="false" isGetter="false" isSetter="true">
              <MetadataToken>100663338</MetadataToken>
              <Name>System.Void ProjetoLoterica.Dominio.Features.Boloes.Bolao::set_Numero(System.Int32)</Name>
              <FileRef uid="6" />
              <SequencePoints />
              <BranchPoints />
            </Method>
            <Method visited="true" cyclomaticComplexity="2" nPathComplexity="2" sequenceCoverage="100" branchCoverage="100" crapScore="2" isConstructor="false" isStatic="false" isGetter="false" isSetter="false">
              <Summary numSequencePoints="4" visitedSequencePoints="4" numBranchPoints="3" visitedBranchPoints="3" sequenceCoverage="100" branchCoverage="100" maxCyclomaticComplexity="2" minCyclomaticComplexity="2" maxCrapScore="2" minCrapScore="2" visitedClasses="0" numClasses="0" visitedMethods="1" numMethods="1" />
              <MetadataToken>100663339</MetadataToken>
              <Name>System.Void ProjetoLoterica.Dominio.Features.Boloes.Bolao::Validar()</Name>
              <FileRef uid="6" />
              <SequencePoints>
                <SequencePoint vc="2" uspid="191" ordinal="0" offset="0" sl="9" sc="9" el="9" ec="10" bec="0" bev="0" fileid="6" />
                <SequencePoint vc="2" uspid="192" ordinal="1" offset="1" sl="10" sc="13" el="10" ec="29" bec="2" bev="2" fileid="6" />
                <SequencePoint vc="1" uspid="193" ordinal="2" offset="17" sl="11" sc="17" el="11" ec="49" bec="0" bev="0" fileid="6" />
                <SequencePoint vc="1" uspid="194" ordinal="3" offset="23" sl="12" sc="9" el="12" ec="10" bec="0" bev="0" fileid="6" />
              </SequencePoints>
              <BranchPoints>
                <BranchPoint vc="1" uspid="195" ordinal="0" offset="15" sl="10" path="0" offsetend="17" fileid="6" />
                <BranchPoint vc="1" uspid="196" ordinal="1" offset="15" sl="10" path="1" offsetend="23" fileid="6" />
              </BranchPoints>
              <MethodPoint xsi:type="SequencePoint" vc="2" uspid="191" ordinal="0" offset="0" sl="9" sc="9" el="9" ec="10" bec="0" bev="0" fileid="6" />
            </Method>
            <Method visited="false" cyclomaticComplexity="1" nPathComplexity="0" sequenceCoverage="0" branchCoverage="0" crapScore="2" isConstructor="true" isStatic="false" isGetter="false" isSetter="false">
              <Summary numSequencePoints="0" visitedSequencePoints="0" numBranchPoints="0" visitedBranchPoints="0" sequenceCoverage="0" branchCoverage="0" maxCyclomaticComplexity="1" minCyclomaticComplexity="1" maxCrapScore="2" minCrapScore="2" visitedClasses="0" numClasses="0" visitedMethods="0" numMethods="0" />
              <MetadataToken>100663340</MetadataToken>
              <Name>System.Void ProjetoLoterica.Dominio.Features.Boloes.Bolao::.ctor()</Name>
              <SequencePoints />
              <BranchPoints />
              <MethodPoint vc="0" uspid="197" ordinal="0" offset="0" />
            </Method>
          </Methods>
        </Class>
        <Class>
          <Summary numSequencePoints="3" visitedSequencePoints="3" numBranchPoints="1" visitedBranchPoints="1" sequenceCoverage="100" branchCoverage="100" maxCyclomaticComplexity="1" minCyclomaticComplexity="1" maxCrapScore="1" minCrapScore="1" visitedClasses="1" numClasses="1" visitedMethods="1" numMethods="1" />
          <FullName>ProjetoLoterica.Dominio.Features.Boloes.BolaoNumeroExeption</FullName>
          <Methods>
            <Method visited="true" cyclomaticComplexity="1" nPathComplexity="0" sequenceCoverage="100" branchCoverage="100" crapScore="1" isConstructor="true" isStatic="false" isGetter="false" isSetter="false">
              <Summary numSequencePoints="3" visitedSequencePoints="3" numBranchPoints="1" visitedBranchPoints="1" sequenceCoverage="100" branchCoverage="100" maxCyclomaticComplexity="1" minCyclomaticComplexity="1" maxCrapScore="1" minCrapScore="1" visitedClasses="0" numClasses="0" visitedMethods="1" numMethods="1" />
              <MetadataToken>100663341</MetadataToken>
              <Name>System.Void ProjetoLoterica.Dominio.Features.Boloes.BolaoNumeroExeption::.ctor()</Name>
              <FileRef uid="7" />
              <SequencePoints>
                <SequencePoint vc="1" uspid="198" ordinal="0" offset="0" sl="7" sc="40" el="7" ec="90" bec="0" bev="0" fileid="7" />
                <SequencePoint vc="1" uspid="199" ordinal="1" offset="12" sl="8" sc="9" el="8" ec="10" bec="0" bev="0" fileid="7" />
                <SequencePoint vc="1" uspid="200" ordinal="2" offset="13" sl="9" sc="9" el="9" ec="10" bec="0" bev="0" fileid="7" />
              </SequencePoints>
              <BranchPoints />
              <MethodPoint xsi:type="SequencePoint" vc="1" uspid="198" ordinal="0" offset="0" sl="7" sc="40" el="7" ec="90" bec="0" bev="0" fileid="7" />
            </Method>
          </Methods>
        </Class>
        <Class>
          <Summary numSequencePoints="11" visitedSequencePoints="10" numBranchPoints="10" visitedBranchPoints="9" sequenceCoverage="90.91" branchCoverage="90" maxCyclomaticComplexity="5" minCyclomaticComplexity="1" maxCrapScore="5.02" minCrapScore="1" visitedClasses="1" numClasses="1" visitedMethods="2" numMethods="2" />
          <FullName>ProjetoLoterica.Dominio.Features.Apostas.Aposta</FullName>
          <Methods>
            <Method skippedDueTo="AutoImplementedProperty" visited="false" cyclomaticComplexity="1" nPathComplexity="0" sequenceCoverage="0" branchCoverage="0" crapScore="0" isConstructor="false" isStatic="false" isGetter="true" isSetter="false">
              <MetadataToken>100663342</MetadataToken>
              <Name>System.Int64 ProjetoLoterica.Dominio.Features.Apostas.Aposta::get_Id()</Name>
              <FileRef uid="8" />
              <SequencePoints />
              <BranchPoints />
            </Method>
            <Method skippedDueTo="AutoImplementedProperty" visited="false" cyclomaticComplexity="1" nPathComplexity="0" sequenceCoverage="0" branchCoverage="0" crapScore="0" isConstructor="false" isStatic="false" isGetter="false" isSetter="true">
              <MetadataToken>100663343</MetadataToken>
              <Name>System.Void ProjetoLoterica.Dominio.Features.Apostas.Aposta::set_Id(System.Int64)</Name>
              <FileRef uid="8" />
              <SequencePoints />
              <BranchPoints />
            </Method>
            <Method skippedDueTo="AutoImplementedProperty" visited="false" cyclomaticComplexity="1" nPathComplexity="0" sequenceCoverage="0" branchCoverage="0" crapScore="0" isConstructor="false" isStatic="false" isGetter="true" isSetter="false">
              <MetadataToken>100663344</MetadataToken>
              <Name>System.Int64 ProjetoLoterica.Dominio.Features.Apostas.Aposta::get_ConcursoId()</Name>
              <FileRef uid="8" />
              <SequencePoints />
              <BranchPoints />
            </Method>
            <Method skippedDueTo="AutoImplementedProperty" visited="false" cyclomaticComplexity="1" nPathComplexity="0" sequenceCoverage="0" branchCoverage="0" crapScore="0" isConstructor="false" isStatic="false" isGetter="false" isSetter="true">
              <MetadataToken>100663345</MetadataToken>
              <Name>System.Void ProjetoLoterica.Dominio.Features.Apostas.Aposta::set_ConcursoId(System.Int64)</Name>
              <FileRef uid="8" />
              <SequencePoints />
              <BranchPoints />
            </Method>
            <Method skippedDueTo="AutoImplementedProperty" visited="false" cyclomaticComplexity="1" nPathComplexity="0" sequenceCoverage="0" branchCoverage="0" crapScore="0" isConstructor="false" isStatic="false" isGetter="true" isSetter="false">
              <MetadataToken>100663346</MetadataToken>
              <Name>System.DateTime ProjetoLoterica.Dominio.Features.Apostas.Aposta::get_Data()</Name>
              <FileRef uid="8" />
              <SequencePoints />
              <BranchPoints />
            </Method>
            <Method skippedDueTo="AutoImplementedProperty" visited="false" cyclomaticComplexity="1" nPathComplexity="0" sequenceCoverage="0" branchCoverage="0" crapScore="0" isConstructor="false" isStatic="false" isGetter="false" isSetter="true">
              <MetadataToken>100663347</MetadataToken>
              <Name>System.Void ProjetoLoterica.Dominio.Features.Apostas.Aposta::set_Data(System.DateTime)</Name>
              <FileRef uid="8" />
              <SequencePoints />
              <BranchPoints />
            </Method>
            <Method skippedDueTo="AutoImplementedProperty" visited="false" cyclomaticComplexity="1" nPathComplexity="0" sequenceCoverage="0" branchCoverage="0" crapScore="0" isConstructor="false" isStatic="false" isGetter="true" isSetter="false">
              <MetadataToken>100663348</MetadataToken>
              <Name>System.Double ProjetoLoterica.Dominio.Features.Apostas.Aposta::get_Valor()</Name>
              <FileRef uid="8" />
              <SequencePoints />
              <BranchPoints />
            </Method>
            <Method skippedDueTo="AutoImplementedProperty" visited="false" cyclomaticComplexity="1" nPathComplexity="0" sequenceCoverage="0" branchCoverage="0" crapScore="0" isConstructor="false" isStatic="false" isGetter="false" isSetter="true">
              <MetadataToken>100663349</MetadataToken>
              <Name>System.Void ProjetoLoterica.Dominio.Features.Apostas.Aposta::set_Valor(System.Double)</Name>
              <FileRef uid="8" />
              <SequencePoints />
              <BranchPoints />
            </Method>
            <Method visited="true" cyclomaticComplexity="5" nPathComplexity="16" sequenceCoverage="90" branchCoverage="88.89" crapScore="5.02" isConstructor="false" isStatic="false" isGetter="false" isSetter="false">
              <Summary numSequencePoints="10" visitedSequencePoints="9" numBranchPoints="9" visitedBranchPoints="8" sequenceCoverage="90" branchCoverage="88.89" maxCyclomaticComplexity="5" minCyclomaticComplexity="5" maxCrapScore="5.02" minCrapScore="5.02" visitedClasses="0" numClasses="0" visitedMethods="1" numMethods="1" />
              <MetadataToken>100663350</MetadataToken>
              <Name>System.Void ProjetoLoterica.Dominio.Features.Apostas.Aposta::Validar()</Name>
              <FileRef uid="8" />
              <SequencePoints>
                <SequencePoint vc="14" uspid="201" ordinal="0" offset="0" sl="16" sc="9" el="16" ec="10" bec="0" bev="0" fileid="8" />
                <SequencePoint vc="14" uspid="202" ordinal="1" offset="1" sl="17" sc="13" el="17" ec="33" bec="2" bev="1" fileid="8" />
                <SequencePoint vc="0" uspid="203" ordinal="2" offset="18" sl="18" sc="17" el="18" ec="55" bec="0" bev="0" fileid="8" />
                <SequencePoint vc="14" uspid="204" ordinal="3" offset="24" sl="19" sc="13" el="19" ec="37" bec="2" bev="2" fileid="8" />
                <SequencePoint vc="2" uspid="205" ordinal="4" offset="44" sl="20" sc="17" el="20" ec="49" bec="0" bev="0" fileid="8" />
                <SequencePoint vc="12" uspid="206" ordinal="5" offset="50" sl="21" sc="13" el="21" ec="28" bec="2" bev="2" fileid="8" />
                <SequencePoint vc="2" uspid="207" ordinal="6" offset="74" sl="22" sc="17" el="22" ec="50" bec="0" bev="0" fileid="8" />
                <SequencePoint vc="10" uspid="208" ordinal="7" offset="80" sl="23" sc="13" el="23" ec="35" bec="2" bev="2" fileid="8" />
                <SequencePoint vc="2" uspid="209" ordinal="8" offset="98" sl="24" sc="17" el="24" ec="52" bec="0" bev="0" fileid="8" />
                <SequencePoint vc="8" uspid="210" ordinal="9" offset="104" sl="25" sc="9" el="25" ec="10" bec="0" bev="0" fileid="8" />
              </SequencePoints>
              <BranchPoints>
                <BranchPoint vc="0" uspid="211" ordinal="0" offset="16" sl="17" path="0" offsetend="18" fileid="8" />
                <BranchPoint vc="14" uspid="212" ordinal="1" offset="16" sl="17" path="1" offsetend="24" fileid="8" />
                <BranchPoint vc="2" uspid="213" ordinal="2" offset="42" sl="19" path="0" offsetend="44" fileid="8" />
                <BranchPoint vc="12" uspid="214" ordinal="3" offset="42" sl="19" path="1" offsetend="50" fileid="8" />
                <BranchPoint vc="2" uspid="215" ordinal="4" offset="72" sl="21" path="0" offsetend="74" fileid="8" />
                <BranchPoint vc="10" uspid="216" ordinal="5" offset="72" sl="21" path="1" offsetend="80" fileid="8" />
                <BranchPoint vc="2" uspid="217" ordinal="6" offset="96" sl="23" path="0" offsetend="98" fileid="8" />
                <BranchPoint vc="8" uspid="218" ordinal="7" offset="96" sl="23" path="1" offsetend="104" fileid="8" />
              </BranchPoints>
              <MethodPoint xsi:type="SequencePoint" vc="14" uspid="201" ordinal="0" offset="0" sl="16" sc="9" el="16" ec="10" bec="0" bev="0" fileid="8" />
            </Method>
            <Method visited="true" cyclomaticComplexity="1" nPathComplexity="0" sequenceCoverage="100" branchCoverage="100" crapScore="1" isConstructor="true" isStatic="false" isGetter="false" isSetter="false">
              <Summary numSequencePoints="1" visitedSequencePoints="1" numBranchPoints="1" visitedBranchPoints="1" sequenceCoverage="100" branchCoverage="100" maxCyclomaticComplexity="1" minCyclomaticComplexity="1" maxCrapScore="1" minCrapScore="1" visitedClasses="0" numClasses="0" visitedMethods="1" numMethods="1" />
              <MetadataToken>100663351</MetadataToken>
              <Name>System.Void ProjetoLoterica.Dominio.Features.Apostas.Aposta::.ctor()</Name>
              <FileRef uid="8" />
              <SequencePoints>
                <SequencePoint vc="47" uspid="219" ordinal="0" offset="0" sl="13" sc="9" el="13" ec="52" bec="0" bev="0" fileid="8" />
              </SequencePoints>
              <BranchPoints />
              <MethodPoint xsi:type="SequencePoint" vc="47" uspid="219" ordinal="0" offset="0" sl="13" sc="9" el="13" ec="52" bec="0" bev="0" fileid="8" />
            </Method>
          </Methods>
        </Class>
      </Classes>
    </Module>
    <Module hash="17-60-75-88-09-E4-70-41-B9-04-AE-24-D6-40-BB-83-F4-66-0A-C5">
      <Summary numSequencePoints="52" visitedSequencePoints="51" numBranchPoints="22" visitedBranchPoints="21" sequenceCoverage="98.08" branchCoverage="95.45" maxCyclomaticComplexity="2" minCyclomaticComplexity="1" maxCrapScore="2.03" minCrapScore="1" visitedClasses="2" numClasses="2" visitedMethods="12" numMethods="12" />
      <ModulePath>C:\Users\lucas.costa\Desktop\Academia\Dupla5\projeto-loterica\ProjetoLoterica.Aplicação.Teste\bin\Debug\ProjetoLoterica.Aplicação.dll</ModulePath>
      <ModuleTime>2018-05-16T20:23:04.2435404Z</ModuleTime>
      <ModuleName>ProjetoLoterica.Aplicação</ModuleName>
      <Files>
        <File uid="31" fullPath="C:\Users\lucas.costa\Desktop\Academia\Dupla5\projeto-loterica\ProjetoLoterica.Aplicação\Features\Concursos\ConcursoService.cs" />
        <File uid="32" fullPath="C:\Users\lucas.costa\Desktop\Academia\Dupla5\projeto-loterica\ProjetoLoterica.Aplicação\Features\Apostas\ApostaService.cs" />
      </Files>
      <Classes>
        <Class>
          <Summary numSequencePoints="23" visitedSequencePoints="22" numBranchPoints="8" visitedBranchPoints="7" sequenceCoverage="95.65" branchCoverage="87.5" maxCyclomaticComplexity="2" minCyclomaticComplexity="1" maxCrapScore="2.03" minCrapScore="1" visitedClasses="1" numClasses="1" visitedMethods="6" numMethods="6" />
          <FullName>ProjetoLoterica.Aplicação.Features.Concursos.ConcursoService</FullName>
          <Methods>
            <Method visited="true" cyclomaticComplexity="1" nPathComplexity="0" sequenceCoverage="100" branchCoverage="100" crapScore="1" isConstructor="true" isStatic="false" isGetter="false" isSetter="false">
              <Summary numSequencePoints="4" visitedSequencePoints="4" numBranchPoints="1" visitedBranchPoints="1" sequenceCoverage="100" branchCoverage="100" maxCyclomaticComplexity="1" minCyclomaticComplexity="1" maxCrapScore="1" minCrapScore="1" visitedClasses="0" numClasses="0" visitedMethods="1" numMethods="1" />
              <MetadataToken>100663297</MetadataToken>
              <Name>System.Void ProjetoLoterica.Aplicação.Features.Concursos.ConcursoService::.ctor(ProjetoLoterica.Dominio.Features.Concursos.IConcursoRepository)</Name>
              <FileRef uid="31" />
              <SequencePoints>
                <SequencePoint vc="9" uspid="220" ordinal="0" offset="0" sl="15" sc="9" el="15" ec="71" bec="0" bev="0" fileid="31" />
                <SequencePoint vc="9" uspid="221" ordinal="1" offset="7" sl="16" sc="9" el="16" ec="10" bec="0" bev="0" fileid="31" />
                <SequencePoint vc="9" uspid="222" ordinal="2" offset="8" sl="17" sc="13" el="17" ec="54" bec="0" bev="0" fileid="31" />
                <SequencePoint vc="9" uspid="223" ordinal="3" offset="15" sl="18" sc="9" el="18" ec="10" bec="0" bev="0" fileid="31" />
              </SequencePoints>
              <BranchPoints />
              <MethodPoint xsi:type="SequencePoint" vc="9" uspid="220" ordinal="0" offset="0" sl="15" sc="9" el="15" ec="71" bec="0" bev="0" fileid="31" />
            </Method>
            <Method visited="true" cyclomaticComplexity="1" nPathComplexity="0" sequenceCoverage="100" branchCoverage="100" crapScore="1" isConstructor="false" isStatic="false" isGetter="false" isSetter="false">
              <Summary numSequencePoints="4" visitedSequencePoints="4" numBranchPoints="1" visitedBranchPoints="1" sequenceCoverage="100" branchCoverage="100" maxCyclomaticComplexity="1" minCyclomaticComplexity="1" maxCrapScore="1" minCrapScore="1" visitedClasses="0" numClasses="0" visitedMethods="1" numMethods="1" />
              <MetadataToken>100663298</MetadataToken>
              <Name>ProjetoLoterica.Dominio.Features.Concursos.Concurso ProjetoLoterica.Aplicação.Features.Concursos.ConcursoService::Add(ProjetoLoterica.Dominio.Features.Concursos.Concurso)</Name>
              <FileRef uid="31" />
              <SequencePoints>
                <SequencePoint vc="1" uspid="224" ordinal="0" offset="0" sl="21" sc="9" el="21" ec="10" bec="0" bev="0" fileid="31" />
                <SequencePoint vc="1" uspid="225" ordinal="1" offset="1" sl="22" sc="13" el="22" ec="32" bec="0" bev="0" fileid="31" />
                <SequencePoint vc="1" uspid="226" ordinal="2" offset="8" sl="23" sc="13" el="23" ec="54" bec="0" bev="0" fileid="31" />
                <SequencePoint vc="1" uspid="227" ordinal="3" offset="23" sl="24" sc="9" el="24" ec="10" bec="0" bev="0" fileid="31" />
              </SequencePoints>
              <BranchPoints />
              <MethodPoint xsi:type="SequencePoint" vc="1" uspid="224" ordinal="0" offset="0" sl="21" sc="9" el="21" ec="10" bec="0" bev="0" fileid="31" />
            </Method>
            <Method visited="true" cyclomaticComplexity="1" nPathComplexity="0" sequenceCoverage="100" branchCoverage="100" crapScore="1" isConstructor="false" isStatic="false" isGetter="false" isSetter="false">
              <Summary numSequencePoints="3" visitedSequencePoints="3" numBranchPoints="1" visitedBranchPoints="1" sequenceCoverage="100" branchCoverage="100" maxCyclomaticComplexity="1" minCyclomaticComplexity="1" maxCrapScore="1" minCrapScore="1" visitedClasses="0" numClasses="0" visitedMethods="1" numMethods="1" />
              <MetadataToken>100663299</MetadataToken>
              <Name>System.Void ProjetoLoterica.Aplicação.Features.Concursos.ConcursoService::Delete(ProjetoLoterica.Dominio.Features.Concursos.Concurso)</Name>
              <FileRef uid="31" />
              <SequencePoints>
                <SequencePoint vc="1" uspid="228" ordinal="0" offset="0" sl="27" sc="9" el="27" ec="10" bec="0" bev="0" fileid="31" />
                <SequencePoint vc="1" uspid="229" ordinal="1" offset="1" sl="28" sc="13" el="28" ec="50" bec="0" bev="0" fileid="31" />
                <SequencePoint vc="1" uspid="230" ordinal="2" offset="14" sl="29" sc="9" el="29" ec="10" bec="0" bev="0" fileid="31" />
              </SequencePoints>
              <BranchPoints />
              <MethodPoint xsi:type="SequencePoint" vc="1" uspid="228" ordinal="0" offset="0" sl="27" sc="9" el="27" ec="10" bec="0" bev="0" fileid="31" />
            </Method>
            <Method visited="true" cyclomaticComplexity="2" nPathComplexity="2" sequenceCoverage="80" branchCoverage="66.67" crapScore="2.03" isConstructor="false" isStatic="false" isGetter="false" isSetter="false">
              <Summary numSequencePoints="5" visitedSequencePoints="4" numBranchPoints="3" visitedBranchPoints="2" sequenceCoverage="80" branchCoverage="66.67" maxCyclomaticComplexity="2" minCyclomaticComplexity="2" maxCrapScore="2.03" minCrapScore="2.03" visitedClasses="0" numClasses="0" visitedMethods="1" numMethods="1" />
              <MetadataToken>100663300</MetadataToken>
              <Name>ProjetoLoterica.Dominio.Features.Concursos.Concurso ProjetoLoterica.Aplicação.Features.Concursos.ConcursoService::Get(System.Int64)</Name>
              <FileRef uid="31" />
              <SequencePoints>
                <SequencePoint vc="1" uspid="231" ordinal="0" offset="0" sl="32" sc="9" el="32" ec="10" bec="0" bev="0" fileid="31" />
                <SequencePoint vc="1" uspid="232" ordinal="1" offset="1" sl="33" sc="13" el="33" ec="25" bec="2" bev="1" fileid="31" />
                <SequencePoint vc="0" uspid="233" ordinal="2" offset="13" sl="34" sc="17" el="34" ec="58" bec="0" bev="0" fileid="31" />
                <SequencePoint vc="1" uspid="234" ordinal="3" offset="19" sl="36" sc="13" el="36" ec="48" bec="0" bev="0" fileid="31" />
                <SequencePoint vc="1" uspid="235" ordinal="4" offset="34" sl="37" sc="9" el="37" ec="10" bec="0" bev="0" fileid="31" />
              </SequencePoints>
              <BranchPoints>
                <BranchPoint vc="0" uspid="236" ordinal="0" offset="11" sl="33" path="0" offsetend="13" fileid="31" />
                <BranchPoint vc="1" uspid="237" ordinal="1" offset="11" sl="33" path="1" offsetend="19" fileid="31" />
              </BranchPoints>
              <MethodPoint xsi:type="SequencePoint" vc="1" uspid="231" ordinal="0" offset="0" sl="32" sc="9" el="32" ec="10" bec="0" bev="0" fileid="31" />
            </Method>
            <Method visited="true" cyclomaticComplexity="1" nPathComplexity="0" sequenceCoverage="100" branchCoverage="100" crapScore="1" isConstructor="false" isStatic="false" isGetter="false" isSetter="false">
              <Summary numSequencePoints="3" visitedSequencePoints="3" numBranchPoints="1" visitedBranchPoints="1" sequenceCoverage="100" branchCoverage="100" maxCyclomaticComplexity="1" minCyclomaticComplexity="1" maxCrapScore="1" minCrapScore="1" visitedClasses="0" numClasses="0" visitedMethods="1" numMethods="1" />
              <MetadataToken>100663301</MetadataToken>
              <Name>System.Collections.Generic.IList`1&lt;ProjetoLoterica.Dominio.Features.Concursos.Concurso&gt; ProjetoLoterica.Aplicação.Features.Concursos.ConcursoService::GetAll()</Name>
              <FileRef uid="31" />
              <SequencePoints>
                <SequencePoint vc="1" uspid="238" ordinal="0" offset="0" sl="40" sc="9" el="40" ec="10" bec="0" bev="0" fileid="31" />
                <SequencePoint vc="1" uspid="239" ordinal="1" offset="1" sl="41" sc="13" el="41" ec="49" bec="0" bev="0" fileid="31" />
                <SequencePoint vc="1" uspid="240" ordinal="2" offset="15" sl="42" sc="9" el="42" ec="10" bec="0" bev="0" fileid="31" />
              </SequencePoints>
              <BranchPoints />
              <MethodPoint xsi:type="SequencePoint" vc="1" uspid="238" ordinal="0" offset="0" sl="40" sc="9" el="40" ec="10" bec="0" bev="0" fileid="31" />
            </Method>
            <Method visited="true" cyclomaticComplexity="1" nPathComplexity="0" sequenceCoverage="100" branchCoverage="100" crapScore="1" isConstructor="false" isStatic="false" isGetter="false" isSetter="false">
              <Summary numSequencePoints="4" visitedSequencePoints="4" numBranchPoints="1" visitedBranchPoints="1" sequenceCoverage="100" branchCoverage="100" maxCyclomaticComplexity="1" minCyclomaticComplexity="1" maxCrapScore="1" minCrapScore="1" visitedClasses="0" numClasses="0" visitedMethods="1" numMethods="1" />
              <MetadataToken>100663302</MetadataToken>
              <Name>ProjetoLoterica.Dominio.Features.Concursos.Concurso ProjetoLoterica.Aplicação.Features.Concursos.ConcursoService::Update(ProjetoLoterica.Dominio.Features.Concursos.Concurso)</Name>
              <FileRef uid="31" />
              <SequencePoints>
                <SequencePoint vc="1" uspid="241" ordinal="0" offset="0" sl="45" sc="9" el="45" ec="10" bec="0" bev="0" fileid="31" />
                <SequencePoint vc="1" uspid="242" ordinal="1" offset="1" sl="46" sc="13" el="46" ec="32" bec="0" bev="0" fileid="31" />
                <SequencePoint vc="1" uspid="243" ordinal="2" offset="8" sl="47" sc="13" el="47" ec="57" bec="0" bev="0" fileid="31" />
                <SequencePoint vc="1" uspid="244" ordinal="3" offset="23" sl="48" sc="9" el="48" ec="10" bec="0" bev="0" fileid="31" />
              </SequencePoints>
              <BranchPoints />
              <MethodPoint xsi:type="SequencePoint" vc="1" uspid="241" ordinal="0" offset="0" sl="45" sc="9" el="45" ec="10" bec="0" bev="0" fileid="31" />
            </Method>
          </Methods>
        </Class>
        <Class>
          <Summary numSequencePoints="29" visitedSequencePoints="29" numBranchPoints="14" visitedBranchPoints="14" sequenceCoverage="100" branchCoverage="100" maxCyclomaticComplexity="2" minCyclomaticComplexity="1" maxCrapScore="2" minCrapScore="1" visitedClasses="1" numClasses="1" visitedMethods="6" numMethods="6" />
          <FullName>ProjetoLoterica.Aplicação.Features.Apostas.ApostaService</FullName>
          <Methods>
            <Method visited="true" cyclomaticComplexity="1" nPathComplexity="0" sequenceCoverage="100" branchCoverage="100" crapScore="1" isConstructor="true" isStatic="false" isGetter="false" isSetter="false">
              <Summary numSequencePoints="4" visitedSequencePoints="4" numBranchPoints="1" visitedBranchPoints="1" sequenceCoverage="100" branchCoverage="100" maxCyclomaticComplexity="1" minCyclomaticComplexity="1" maxCrapScore="1" minCrapScore="1" visitedClasses="0" numClasses="0" visitedMethods="1" numMethods="1" />
              <MetadataToken>100663308</MetadataToken>
              <Name>System.Void ProjetoLoterica.Aplicação.Features.Apostas.ApostaService::.ctor(ProjetoLoterica.Dominio.Features.Apostas.IApostaRepository)</Name>
              <FileRef uid="32" />
              <SequencePoints>
                <SequencePoint vc="13" uspid="245" ordinal="0" offset="0" sl="12" sc="9" el="12" ec="65" bec="0" bev="0" fileid="32" />
                <SequencePoint vc="13" uspid="246" ordinal="1" offset="7" sl="13" sc="9" el="13" ec="10" bec="0" bev="0" fileid="32" />
                <SequencePoint vc="13" uspid="247" ordinal="2" offset="8" sl="14" sc="13" el="14" ec="50" bec="0" bev="0" fileid="32" />
                <SequencePoint vc="13" uspid="248" ordinal="3" offset="15" sl="15" sc="9" el="15" ec="10" bec="0" bev="0" fileid="32" />
              </SequencePoints>
              <BranchPoints />
              <MethodPoint xsi:type="SequencePoint" vc="13" uspid="245" ordinal="0" offset="0" sl="12" sc="9" el="12" ec="65" bec="0" bev="0" fileid="32" />
            </Method>
            <Method visited="true" cyclomaticComplexity="2" nPathComplexity="2" sequenceCoverage="100" branchCoverage="100" crapScore="2" isConstructor="false" isStatic="false" isGetter="false" isSetter="false">
              <Summary numSequencePoints="6" visitedSequencePoints="6" numBranchPoints="3" visitedBranchPoints="3" sequenceCoverage="100" branchCoverage="100" maxCyclomaticComplexity="2" minCyclomaticComplexity="2" maxCrapScore="2" minCrapScore="2" visitedClasses="0" numClasses="0" visitedMethods="1" numMethods="1" />
              <MetadataToken>100663309</MetadataToken>
              <Name>ProjetoLoterica.Dominio.Features.Apostas.Aposta ProjetoLoterica.Aplicação.Features.Apostas.ApostaService::Add(ProjetoLoterica.Dominio.Features.Apostas.Aposta)</Name>
              <FileRef uid="32" />
              <SequencePoints>
                <SequencePoint vc="6" uspid="249" ordinal="0" offset="0" sl="18" sc="9" el="18" ec="10" bec="0" bev="0" fileid="32" />
                <SequencePoint vc="6" uspid="250" ordinal="1" offset="1" sl="19" sc="13" el="19" ec="32" bec="2" bev="2" fileid="32" />
                <SequencePoint vc="1" uspid="251" ordinal="2" offset="18" sl="20" sc="17" el="20" ec="58" bec="0" bev="0" fileid="32" />
                <SequencePoint vc="5" uspid="252" ordinal="3" offset="24" sl="22" sc="13" el="22" ec="30" bec="0" bev="0" fileid="32" />
                <SequencePoint vc="2" uspid="253" ordinal="4" offset="31" sl="24" sc="13" el="24" ec="50" bec="0" bev="0" fileid="32" />
                <SequencePoint vc="2" uspid="254" ordinal="5" offset="46" sl="25" sc="9" el="25" ec="10" bec="0" bev="0" fileid="32" />
              </SequencePoints>
              <BranchPoints>
                <BranchPoint vc="1" uspid="255" ordinal="0" offset="16" sl="19" path="0" offsetend="18" fileid="32" />
                <BranchPoint vc="5" uspid="256" ordinal="1" offset="16" sl="19" path="1" offsetend="24" fileid="32" />
              </BranchPoints>
              <MethodPoint xsi:type="SequencePoint" vc="6" uspid="249" ordinal="0" offset="0" sl="18" sc="9" el="18" ec="10" bec="0" bev="0" fileid="32" />
            </Method>
            <Method visited="true" cyclomaticComplexity="2" nPathComplexity="2" sequenceCoverage="100" branchCoverage="100" crapScore="2" isConstructor="false" isStatic="false" isGetter="false" isSetter="false">
              <Summary numSequencePoints="5" visitedSequencePoints="5" numBranchPoints="3" visitedBranchPoints="3" sequenceCoverage="100" branchCoverage="100" maxCyclomaticComplexity="2" minCyclomaticComplexity="2" maxCrapScore="2" minCrapScore="2" visitedClasses="0" numClasses="0" visitedMethods="1" numMethods="1" />
[...]
              <Summary numSequencePoints="16" visitedSequencePoints="16" numBranchPoints="3" visitedBranchPoints="3" sequenceCoverage="100" branchCoverage="100" maxCyclomaticComplexity="4" minCyclomaticComplexity="4" maxCrapScore="4" minCrapScore="4" visitedClasses="0" numClasses="0" visitedMethods="1" numMethods="1" />
              <MetadataToken>100663298</MetadataToken>
              <Name>System.Collections.Generic.List`1&lt;T&gt; ProjetoLoterica.Infra.Db::GetAll(System.String,System.Func`2&lt;System.Data.IDataReader,T&gt;,System.Object[])</Name>
              <FileRef uid="115" />
              <SequencePoints>
                <SequencePoint vc="2" uspid="996" ordinal="0" offset="0" sl="62" sc="9" el="62" ec="10" bec="0" bev="0" fileid="115" />
                <SequencePoint vc="2" uspid="997" ordinal="1" offset="1" sl="63" sc="20" el="63" ec="63" bec="0" bev="0" fileid="115" />
                <SequencePoint vc="2" uspid="998" ordinal="2" offset="12" sl="64" sc="13" el="64" ec="14" bec="0" bev="0" fileid="115" />
                <SequencePoint vc="2" uspid="999" ordinal="3" offset="13" sl="65" sc="17" el="65" ec="64" bec="0" bev="0" fileid="115" />
                <SequencePoint vc="2" uspid="1000" ordinal="4" offset="25" sl="67" sc="24" el="67" ec="61" bec="0" bev="0" fileid="115" />
                <SequencePoint vc="2" uspid="1001" ordinal="5" offset="36" sl="68" sc="17" el="68" ec="18" bec="0" bev="0" fileid="115" />
                <SequencePoint vc="2" uspid="1002" ordinal="6" offset="37" sl="69" sc="21" el="69" ec="53" bec="0" bev="0" fileid="115" />
                <SequencePoint vc="2" uspid="1003" ordinal="7" offset="45" sl="70" sc="21" el="70" ec="47" bec="0" bev="0" fileid="115" />
                <SequencePoint vc="2" uspid="1004" ordinal="8" offset="53" sl="71" sc="21" el="71" ec="50" bec="0" bev="0" fileid="115" />
                <SequencePoint vc="2" uspid="1005" ordinal="9" offset="61" sl="73" sc="21" el="73" ec="39" bec="0" bev="0" fileid="115" />
                <SequencePoint vc="2" uspid="1006" ordinal="10" offset="68" sl="75" sc="21" el="75" ec="46" bec="0" bev="0" fileid="115" />
                <SequencePoint vc="2" uspid="1007" ordinal="11" offset="74" sl="76" sc="21" el="76" ec="58" bec="0" bev="0" fileid="115" />
                <SequencePoint vc="2" uspid="1008" ordinal="12" offset="83" sl="79" sc="25" el="79" ec="48" bec="0" bev="0" fileid="115" />
                <SequencePoint vc="4" uspid="1009" ordinal="13" offset="97" sl="78" sc="21" el="78" ec="42" bec="2" bev="2" fileid="115" />
                <SequencePoint vc="2" uspid="1010" ordinal="14" offset="109" sl="81" sc="21" el="81" ec="33" bec="0" bev="0" fileid="115" />
                <SequencePoint vc="2" uspid="1011" ordinal="15" offset="136" sl="84" sc="9" el="84" ec="10" bec="0" bev="0" fileid="115" />
              </SequencePoints>
              <BranchPoints>
                <BranchPoint vc="2" uspid="1012" ordinal="0" offset="107" sl="78" path="0" offsetend="109" fileid="115" />
                <BranchPoint vc="2" uspid="1013" ordinal="1" offset="107" sl="78" path="1" offsetend="83" fileid="115" />
              </BranchPoints>
              <MethodPoint xsi:type="SequencePoint" vc="2" uspid="996" ordinal="0" offset="0" sl="62" sc="9" el="62" ec="10" bec="0" bev="0" fileid="115" />
            </Method>
            <Method visited="true" cyclomaticComplexity="3" nPathComplexity="0" sequenceCoverage="100" branchCoverage="100" crapScore="3" isConstructor="false" isStatic="true" isGetter="false" isSetter="false">
              <Summary numSequencePoints="12" visitedSequencePoints="12" numBranchPoints="1" visitedBranchPoints="1" sequenceCoverage="100" branchCoverage="100" maxCyclomaticComplexity="3" minCyclomaticComplexity="3" maxCrapScore="3" minCrapScore="3" visitedClasses="0" numClasses="0" visitedMethods="1" numMethods="1" />
              <MetadataToken>100663299</MetadataToken>
              <Name>System.Int64 ProjetoLoterica.Infra.Db::Insert(System.String,System.Object[])</Name>
              <FileRef uid="115" />
              <SequencePoints>
                <SequencePoint vc="21" uspid="1014" ordinal="0" offset="0" sl="93" sc="9" el="93" ec="10" bec="0" bev="0" fileid="115" />
                <SequencePoint vc="21" uspid="1015" ordinal="1" offset="1" sl="94" sc="20" el="94" ec="63" bec="0" bev="0" fileid="115" />
                <SequencePoint vc="21" uspid="1016" ordinal="2" offset="12" sl="95" sc="13" el="95" ec="14" bec="0" bev="0" fileid="115" />
                <SequencePoint vc="21" uspid="1017" ordinal="3" offset="13" sl="96" sc="17" el="96" ec="64" bec="0" bev="0" fileid="115" />
                <SequencePoint vc="21" uspid="1018" ordinal="4" offset="25" sl="98" sc="24" el="98" ec="61" bec="0" bev="0" fileid="115" />
                <SequencePoint vc="21" uspid="1019" ordinal="5" offset="36" sl="99" sc="17" el="99" ec="18" bec="0" bev="0" fileid="115" />
                <SequencePoint vc="21" uspid="1020" ordinal="6" offset="37" sl="100" sc="21" el="100" ec="53" bec="0" bev="0" fileid="115" />
                <SequencePoint vc="21" uspid="1021" ordinal="7" offset="45" sl="101" sc="21" el="101" ec="50" bec="0" bev="0" fileid="115" />
                <SequencePoint vc="21" uspid="1022" ordinal="8" offset="53" sl="102" sc="21" el="102" ec="70" bec="0" bev="0" fileid="115" />
                <SequencePoint vc="21" uspid="1023" ordinal="9" offset="66" sl="104" sc="21" el="104" ec="39" bec="0" bev="0" fileid="115" />
                <SequencePoint vc="21" uspid="1024" ordinal="10" offset="73" sl="105" sc="21" el="105" ec="69" bec="0" bev="0" fileid="115" />
                <SequencePoint vc="21" uspid="1025" ordinal="11" offset="110" sl="108" sc="9" el="108" ec="10" bec="0" bev="0" fileid="115" />
              </SequencePoints>
              <BranchPoints />
              <MethodPoint xsi:type="SequencePoint" vc="21" uspid="1014" ordinal="0" offset="0" sl="93" sc="9" el="93" ec="10" bec="0" bev="0" fileid="115" />
            </Method>
            <Method visited="true" cyclomaticComplexity="3" nPathComplexity="0" sequenceCoverage="100" branchCoverage="100" crapScore="3" isConstructor="false" isStatic="true" isGetter="false" isSetter="false">
              <Summary numSequencePoints="14" visitedSequencePoints="14" numBranchPoints="1" visitedBranchPoints="1" sequenceCoverage="100" branchCoverage="100" maxCyclomaticComplexity="3" minCyclomaticComplexity="3" maxCrapScore="3" minCrapScore="3" visitedClasses="0" numClasses="0" visitedMethods="1" numMethods="1" />
              <MetadataToken>100663300</MetadataToken>
              <Name>System.Void ProjetoLoterica.Infra.Db::Update(System.String,System.Object[])</Name>
              <FileRef uid="115" />
              <SequencePoints>
                <SequencePoint vc="164" uspid="1026" ordinal="0" offset="0" sl="116" sc="9" el="116" ec="10" bec="0" bev="0" fileid="115" />
                <SequencePoint vc="164" uspid="1027" ordinal="1" offset="1" sl="117" sc="20" el="117" ec="63" bec="0" bev="0" fileid="115" />
                <SequencePoint vc="164" uspid="1028" ordinal="2" offset="12" sl="118" sc="13" el="118" ec="14" bec="0" bev="0" fileid="115" />
                <SequencePoint vc="164" uspid="1029" ordinal="3" offset="13" sl="119" sc="17" el="119" ec="64" bec="0" bev="0" fileid="115" />
                <SequencePoint vc="164" uspid="1030" ordinal="4" offset="25" sl="121" sc="24" el="121" ec="61" bec="0" bev="0" fileid="115" />
                <SequencePoint vc="164" uspid="1031" ordinal="5" offset="36" sl="122" sc="17" el="122" ec="18" bec="0" bev="0" fileid="115" />
                <SequencePoint vc="164" uspid="1032" ordinal="6" offset="37" sl="123" sc="21" el="123" ec="53" bec="0" bev="0" fileid="115" />
                <SequencePoint vc="164" uspid="1033" ordinal="7" offset="45" sl="124" sc="21" el="124" ec="47" bec="0" bev="0" fileid="115" />
                <SequencePoint vc="164" uspid="1034" ordinal="8" offset="53" sl="125" sc="21" el="125" ec="50" bec="0" bev="0" fileid="115" />
                <SequencePoint vc="164" uspid="1035" ordinal="9" offset="61" sl="127" sc="21" el="127" ec="39" bec="0" bev="0" fileid="115" />
                <SequencePoint vc="164" uspid="1036" ordinal="10" offset="68" sl="128" sc="21" el="128" ec="47" bec="0" bev="0" fileid="115" />
                <SequencePoint vc="164" uspid="1037" ordinal="11" offset="75" sl="129" sc="17" el="129" ec="18" bec="0" bev="0" fileid="115" />
                <SequencePoint vc="164" uspid="1038" ordinal="12" offset="89" sl="130" sc="13" el="130" ec="14" bec="0" bev="0" fileid="115" />
                <SequencePoint vc="164" uspid="1039" ordinal="13" offset="103" sl="131" sc="9" el="131" ec="10" bec="0" bev="0" fileid="115" />
              </SequencePoints>
              <BranchPoints />
              <MethodPoint xsi:type="SequencePoint" vc="164" uspid="1026" ordinal="0" offset="0" sl="116" sc="9" el="116" ec="10" bec="0" bev="0" fileid="115" />
            </Method>
            <Method visited="true" cyclomaticComplexity="1" nPathComplexity="0" sequenceCoverage="100" branchCoverage="100" crapScore="1" isConstructor="false" isStatic="true" isGetter="false" isSetter="false">
              <Summary numSequencePoints="3" visitedSequencePoints="3" numBranchPoints="1" visitedBranchPoints="1" sequenceCoverage="100" branchCoverage="100" maxCyclomaticComplexity="1" minCyclomaticComplexity="1" maxCrapScore="1" minCrapScore="1" visitedClasses="0" numClasses="0" visitedMethods="1" numMethods="1" />
              <MetadataToken>100663301</MetadataToken>
              <Name>System.Void ProjetoLoterica.Infra.Db::Delete(System.String,System.Object[])</Name>
              <FileRef uid="115" />
              <SequencePoints>
                <SequencePoint vc="2" uspid="1040" ordinal="0" offset="0" sl="139" sc="9" el="139" ec="10" bec="0" bev="0" fileid="115" />
                <SequencePoint vc="2" uspid="1041" ordinal="1" offset="1" sl="140" sc="13" el="140" ec="32" bec="0" bev="0" fileid="115" />
                <SequencePoint vc="2" uspid="1042" ordinal="2" offset="9" sl="141" sc="9" el="141" ec="10" bec="0" bev="0" fileid="115" />
              </SequencePoints>
              <BranchPoints />
              <MethodPoint xsi:type="SequencePoint" vc="2" uspid="1040" ordinal="0" offset="0" sl="139" sc="9" el="139" ec="10" bec="0" bev="0" fileid="115" />
            </Method>
            <Method visited="true" cyclomaticComplexity="5" nPathComplexity="16" sequenceCoverage="50" branchCoverage="33.33" crapScore="8.12" isConstructor="false" isStatic="true" isGetter="false" isSetter="false">
              <Summary numSequencePoints="8" visitedSequencePoints="4" numBranchPoints="9" visitedBranchPoints="3" sequenceCoverage="50" branchCoverage="33.33" maxCyclomaticComplexity="5" minCyclomaticComplexity="5" maxCrapScore="8.12" minCrapScore="8.12" visitedClasses="0" numClasses="0" visitedMethods="1" numMethods="1" />
              <MetadataToken>100663302</MetadataToken>
              <Name>System.String ProjetoLoterica.Infra.Db::AppendIdentitySelect(System.String)</Name>
              <FileRef uid="115" />
              <SequencePoints>
                <SequencePoint vc="21" uspid="1043" ordinal="0" offset="0" sl="151" sc="9" el="151" ec="10" bec="0" bev="0" fileid="115" />
                <SequencePoint vc="21" uspid="1044" ordinal="1" offset="1" sl="152" sc="13" el="152" ec="34" bec="8" bev="2" fileid="115" />
                <SequencePoint vc="0" uspid="1045" ordinal="2" offset="61" sl="155" sc="43" el="155" ec="54" bec="0" bev="0" fileid="115" />
                <SequencePoint vc="21" uspid="1046" ordinal="3" offset="65" sl="156" sc="47" el="156" ec="87" bec="0" bev="0" fileid="115" />
                <SequencePoint vc="0" uspid="1047" ordinal="4" offset="79" sl="157" sc="50" el="157" ec="102" bec="0" bev="0" fileid="115" />
                <SequencePoint vc="0" uspid="1048" ordinal="5" offset="93" sl="158" sc="53" el="158" ec="86" bec="0" bev="0" fileid="115" />
                <SequencePoint vc="0" uspid="1049" ordinal="6" offset="107" sl="159" sc="26" el="159" ec="60" bec="0" bev="0" fileid="115" />
                <SequencePoint vc="21" uspid="1050" ordinal="7" offset="121" sl="161" sc="9" el="161" ec="10" bec="0" bev="0" fileid="115" />
              </SequencePoints>
              <BranchPoints>
                <BranchPoint vc="21" uspid="1051" ordinal="0" offset="18" sl="152" path="0" offsetend="20" fileid="115" />
                <BranchPoint vc="0" uspid="1052" ordinal="1" offset="18" sl="152" path="1" offsetend="61" fileid="115" />
                <BranchPoint vc="0" uspid="1053" ordinal="2" offset="31" sl="152" path="0" offsetend="33" fileid="115" />
                <BranchPoint vc="21" uspid="1054" ordinal="3" offset="31" sl="152" path="1" offsetend="65" fileid="115" />
                <BranchPoint vc="0" uspid="1055" ordinal="4" offset="44" sl="152" path="0" offsetend="46" fileid="115" />
                <BranchPoint vc="0" uspid="1056" ordinal="5" offset="44" sl="152" path="1" offsetend="79" fileid="115" />
                <BranchPoint vc="0" uspid="1057" ordinal="6" offset="57" sl="152" path="0" offsetchain="59" offsetend="107" fileid="115" />
                <BranchPoint vc="0" uspid="1058" ordinal="7" offset="57" sl="152" path="1" offsetend="93" fileid="115" />
              </BranchPoints>
              <MethodPoint xsi:type="SequencePoint" vc="21" uspid="1043" ordinal="0" offset="0" sl="151" sc="9" el="151" ec="10" bec="0" bev="0" fileid="115" />
            </Method>
            <Method visited="true" cyclomaticComplexity="7" nPathComplexity="16" sequenceCoverage="94.44" branchCoverage="77.78" crapScore="7.01" isConstructor="false" isStatic="true" isGetter="false" isSetter="false">
              <Summary numSequencePoints="18" visitedSequencePoints="17" numBranchPoints="9" visitedBranchPoints="7" sequenceCoverage="94.44" branchCoverage="77.78" maxCyclomaticComplexity="7" minCyclomaticComplexity="7" maxCrapScore="7.01" minCrapScore="7.01" visitedClasses="0" numClasses="0" visitedMethods="1" numMethods="1" />
              <MetadataToken>100663303</MetadataToken>
              <Name>System.Void ProjetoLoterica.Infra.Db::SetParameters(System.Data.Common.DbCommand,System.Object[])</Name>
              <FileRef uid="115" />
              <SequencePoints>
                <SequencePoint vc="191" uspid="1059" ordinal="0" offset="0" sl="169" sc="9" el="169" ec="10" bec="0" bev="0" fileid="115" />
                <SequencePoint vc="191" uspid="1060" ordinal="1" offset="1" sl="170" sc="13" el="170" ec="51" bec="2" bev="2" fileid="115" />
                <SequencePoint vc="29" uspid="1061" ordinal="2" offset="19" sl="171" sc="13" el="171" ec="14" bec="0" bev="0" fileid="115" />
                <SequencePoint vc="29" uspid="1062" ordinal="3" offset="20" sl="172" sc="22" el="172" ec="31" bec="0" bev="0" fileid="115" />
                <SequencePoint vc="65" uspid="1063" ordinal="4" offset="24" sl="173" sc="17" el="173" ec="18" bec="0" bev="0" fileid="115" />
                <SequencePoint vc="65" uspid="1064" ordinal="5" offset="25" sl="174" sc="21" el="174" ec="55" bec="0" bev="0" fileid="115" />
                <SequencePoint vc="65" uspid="1065" ordinal="6" offset="34" sl="176" sc="21" el="176" ec="78" bec="2" bev="1" fileid="115" />
                <SequencePoint vc="0" uspid="1066" ordinal="7" offset="75" sl="177" sc="25" el="177" ec="45" bec="0" bev="0" fileid="115" />
                <SequencePoint vc="65" uspid="1067" ordinal="8" offset="81" sl="179" sc="21" el="179" ec="65" bec="2" bev="1" fileid="115" />
                <SequencePoint vc="65" uspid="1068" ordinal="9" offset="96" sl="181" sc="21" el="181" ec="65" bec="0" bev="0" fileid="115" />
                <SequencePoint vc="65" uspid="1069" ordinal="10" offset="104" sl="182" sc="21" el="182" ec="54" bec="0" bev="0" fileid="115" />
                <SequencePoint vc="65" uspid="1070" ordinal="11" offset="113" sl="183" sc="21" el="183" ec="47" bec="0" bev="0" fileid="115" />
                <SequencePoint vc="65" uspid="1071" ordinal="12" offset="122" sl="185" sc="21" el="185" ec="57" bec="0" bev="0" fileid="115" />
                <SequencePoint vc="65" uspid="1072" ordinal="13" offset="136" sl="186" sc="17" el="186" ec="18" bec="0" bev="0" fileid="115" />
                <SequencePoint vc="65" uspid="1073" ordinal="14" offset="137" sl="172" sc="51" el="172" ec="57" bec="0" bev="0" fileid="115" />
                <SequencePoint vc="94" uspid="1074" ordinal="15" offset="141" sl="172" sc="33" el="172" ec="49" bec="2" bev="2" fileid="115" />
                <SequencePoint vc="29" uspid="1075" ordinal="16" offset="156" sl="187" sc="13" el="187" ec="14" bec="0" bev="0" fileid="115" />
                <SequencePoint vc="191" uspid="1076" ordinal="17" offset="157" sl="188" sc="9" el="188" ec="10" bec="0" bev="0" fileid="115" />
              </SequencePoints>
              <BranchPoints>
                <BranchPoint vc="29" uspid="1079" ordinal="2" offset="14" sl="170" path="0" offsetend="19" fileid="115" />
                <BranchPoint vc="162" uspid="1080" ordinal="3" offset="14" sl="170" path="1" offsetend="157" fileid="115" />
                <BranchPoint vc="0" uspid="1083" ordinal="6" offset="73" sl="176" path="0" offsetend="75" fileid="115" />
                <BranchPoint vc="65" uspid="1084" ordinal="7" offset="73" sl="176" path="1" offsetend="81" fileid="115" />
                <BranchPoint vc="0" uspid="1085" ordinal="8" offset="87" sl="179" path="0" offsetend="89" fileid="115" />
                <BranchPoint vc="65" uspid="1086" ordinal="9" offset="87" sl="179" path="1" offsetend="95" fileid="115" />
                <BranchPoint vc="29" uspid="1087" ordinal="10" offset="151" sl="172" path="0" offsetend="156" fileid="115" />
                <BranchPoint vc="65" uspid="1088" ordinal="11" offset="151" sl="172" path="1" offsetend="24" fileid="115" />
              </BranchPoints>
              <MethodPoint xsi:type="SequencePoint" vc="191" uspid="1059" ordinal="0" offset="0" sl="169" sc="9" el="169" ec="10" bec="0" bev="0" fileid="115" />
            </Method>
            <Method visited="true" cyclomaticComplexity="1" nPathComplexity="0" sequenceCoverage="100" branchCoverage="100" crapScore="1" isConstructor="true" isStatic="true" isGetter="false" isSetter="false">
              <Summary numSequencePoints="4" visitedSequencePoints="4" numBranchPoints="1" visitedBranchPoints="1" sequenceCoverage="100" branchCoverage="100" maxCyclomaticComplexity="1" minCyclomaticComplexity="1" maxCrapScore="1" minCrapScore="1" visitedClasses="0" numClasses="0" visitedMethods="1" numMethods="1" />
              <MetadataToken>100663304</MetadataToken>
              <Name>System.Void ProjetoLoterica.Infra.Db::.cctor()</Name>
              <FileRef uid="115" />
              <SequencePoints>
                <SequencePoint vc="2" uspid="1089" ordinal="0" offset="0" sl="14" sc="9" el="14" ec="108" bec="0" bev="0" fileid="115" />
                <SequencePoint vc="2" uspid="1090" ordinal="1" offset="20" sl="15" sc="9" el="15" ec="106" bec="0" bev="0" fileid="115" />
                <SequencePoint vc="2" uspid="1091" ordinal="2" offset="35" sl="17" sc="9" el="17" ec="124" bec="0" bev="0" fileid="115" />
                <SequencePoint vc="2" uspid="1092" ordinal="3" offset="55" sl="18" sc="9" el="18" ec="137" bec="0" bev="0" fileid="115" />
              </SequencePoints>
              <BranchPoints />
              <MethodPoint xsi:type="SequencePoint" vc="2" uspid="1089" ordinal="0" offset="0" sl="14" sc="9" el="14" ec="108" bec="0" bev="0" fileid="115" />
            </Method>
          </Methods>
        </Class>
      </Classes>
    </Module>
  </Modules>
</CoverageSession>