<?xml version="1.0" encoding="utf-8"?>
<CoverageSession xmlns:xsd="http://www.w3.org/2001/XMLSchema" xmlns:xsi="http://www.w3.org/2001/XMLSchema-instance" Version="4.6.0.0">
  <Summary numSequencePoints="194" visitedSequencePoints="145" numBranchPoints="75" visitedBranchPoints="55" sequenceCoverage="74.74" branchCoverage="73.33" maxCyclomaticComplexity="7" minCyclomaticComplexity="1" maxCrapScore="20" minCrapScore="1" visitedClasses="7" numClasses="7" visitedMethods="24" numMethods="31" />
  <Modules>
    <Module hash="9D-EF-8A-A4-D5-A3-1E-A7-3B-15-C0-3E-5B-A5-E3-01-41-8A-03-A0">
      <Summary numSequencePoints="22" visitedSequencePoints="21" numBranchPoints="20" visitedBranchPoints="19" sequenceCoverage="95.45" branchCoverage="95" maxCyclomaticComplexity="5" minCyclomaticComplexity="0" maxCrapScore="5.02" minCrapScore="0" visitedClasses="2" numClasses="2" visitedMethods="4" numMethods="4" />
      <ModulePath>C:\Users\lucas.costa\Desktop\Academia\Dupla5\projeto-loterica\ProjetoLoterica.Aplicação.Teste\bin\Debug\ProjetoLoterica.Dominio.dll</ModulePath>
      <ModuleTime>2018-05-14T19:48:46.836629Z</ModuleTime>
      <ModuleName>ProjetoLoterica.Dominio</ModuleName>
      <Files>
        <File uid="1" fullPath="C:\Users\lucas.costa\Desktop\Academia\Dupla5\projeto-loterica\ProjetoLoterica.Dominio\Features\Concursos\Concurso.cs" />
        <File uid="6" fullPath="C:\Users\lucas.costa\Desktop\Academia\Dupla5\projeto-loterica\ProjetoLoterica.Dominio\Features\Apostas\Aposta.cs" />
      </Files>
      <Classes>
        <Class>
          <Summary numSequencePoints="11" visitedSequencePoints="11" numBranchPoints="10" visitedBranchPoints="10" sequenceCoverage="100" branchCoverage="100" maxCyclomaticComplexity="5" minCyclomaticComplexity="1" maxCrapScore="5" minCrapScore="1" visitedClasses="1" numClasses="1" visitedMethods="2" numMethods="2" />
          <FullName>ProjetoLoterica.Dominio.Features.Concursos.Concurso</FullName>
          <Methods>
            <Method skippedDueTo="AutoImplementedProperty" visited="false" cyclomaticComplexity="1" nPathComplexity="0" sequenceCoverage="0" branchCoverage="0" crapScore="0" isConstructor="false" isStatic="false" isGetter="true" isSetter="false">
              <MetadataToken>100663297</MetadataToken>
              <Name>System.Int64 ProjetoLoterica.Dominio.Features.Concursos.Concurso::get_Id()</Name>
              <FileRef uid="1" />
              <SequencePoints />
              <BranchPoints />
            </Method>
            <Method skippedDueTo="AutoImplementedProperty" visited="false" cyclomaticComplexity="1" nPathComplexity="0" sequenceCoverage="0" branchCoverage="0" crapScore="0" isConstructor="false" isStatic="false" isGetter="false" isSetter="true">
              <MetadataToken>100663298</MetadataToken>
              <Name>System.Void ProjetoLoterica.Dominio.Features.Concursos.Concurso::set_Id(System.Int64)</Name>
              <FileRef uid="1" />
              <SequencePoints />
              <BranchPoints />
            </Method>
            <Method skippedDueTo="AutoImplementedProperty" visited="false" cyclomaticComplexity="1" nPathComplexity="0" sequenceCoverage="0" branchCoverage="0" crapScore="0" isConstructor="false" isStatic="false" isGetter="true" isSetter="false">
              <MetadataToken>100663299</MetadataToken>
              <Name>System.Int64 ProjetoLoterica.Dominio.Features.Concursos.Concurso::get_Numero()</Name>
              <FileRef uid="1" />
              <SequencePoints />
              <BranchPoints />
            </Method>
            <Method skippedDueTo="AutoImplementedProperty" visited="false" cyclomaticComplexity="1" nPathComplexity="0" sequenceCoverage="0" branchCoverage="0" crapScore="0" isConstructor="false" isStatic="false" isGetter="false" isSetter="true">
              <MetadataToken>100663300</MetadataToken>
              <Name>System.Void ProjetoLoterica.Dominio.Features.Concursos.Concurso::set_Numero(System.Int64)</Name>
              <FileRef uid="1" />
              <SequencePoints />
              <BranchPoints />
            </Method>
            <Method skippedDueTo="AutoImplementedProperty" visited="false" cyclomaticComplexity="1" nPathComplexity="0" sequenceCoverage="0" branchCoverage="0" crapScore="0" isConstructor="false" isStatic="false" isGetter="true" isSetter="false">
              <MetadataToken>100663301</MetadataToken>
              <Name>System.Decimal ProjetoLoterica.Dominio.Features.Concursos.Concurso::get_Premio()</Name>
              <FileRef uid="1" />
              <SequencePoints />
              <BranchPoints />
            </Method>
            <Method skippedDueTo="AutoImplementedProperty" visited="false" cyclomaticComplexity="1" nPathComplexity="0" sequenceCoverage="0" branchCoverage="0" crapScore="0" isConstructor="false" isStatic="false" isGetter="false" isSetter="true">
              <MetadataToken>100663302</MetadataToken>
              <Name>System.Void ProjetoLoterica.Dominio.Features.Concursos.Concurso::set_Premio(System.Decimal)</Name>
              <FileRef uid="1" />
              <SequencePoints />
              <BranchPoints />
            </Method>
            <Method skippedDueTo="AutoImplementedProperty" visited="false" cyclomaticComplexity="1" nPathComplexity="0" sequenceCoverage="0" branchCoverage="0" crapScore="0" isConstructor="false" isStatic="false" isGetter="true" isSetter="false">
              <MetadataToken>100663303</MetadataToken>
              <Name>System.DateTime ProjetoLoterica.Dominio.Features.Concursos.Concurso::get_Data()</Name>
              <FileRef uid="1" />
              <SequencePoints />
              <BranchPoints />
            </Method>
            <Method skippedDueTo="AutoImplementedProperty" visited="false" cyclomaticComplexity="1" nPathComplexity="0" sequenceCoverage="0" branchCoverage="0" crapScore="0" isConstructor="false" isStatic="false" isGetter="false" isSetter="true">
              <MetadataToken>100663304</MetadataToken>
              <Name>System.Void ProjetoLoterica.Dominio.Features.Concursos.Concurso::set_Data(System.DateTime)</Name>
              <FileRef uid="1" />
              <SequencePoints />
              <BranchPoints />
            </Method>
            <Method visited="true" cyclomaticComplexity="5" nPathComplexity="16" sequenceCoverage="100" branchCoverage="100" crapScore="5" isConstructor="false" isStatic="false" isGetter="false" isSetter="false">
              <Summary numSequencePoints="10" visitedSequencePoints="10" numBranchPoints="9" visitedBranchPoints="9" sequenceCoverage="100" branchCoverage="100" maxCyclomaticComplexity="5" minCyclomaticComplexity="5" maxCrapScore="5" minCrapScore="5" visitedClasses="0" numClasses="0" visitedMethods="1" numMethods="1" />
              <MetadataToken>100663305</MetadataToken>
              <Name>System.Void ProjetoLoterica.Dominio.Features.Concursos.Concurso::Validar()</Name>
              <FileRef uid="1" />
              <SequencePoints>
                <SequencePoint vc="5" uspid="1" ordinal="0" offset="0" sl="20" sc="9" el="20" ec="10" bec="0" bev="0" fileid="1" />
                <SequencePoint vc="5" uspid="2" ordinal="1" offset="1" sl="21" sc="13" el="21" ec="29" bec="2" bev="2" fileid="1" />
                <SequencePoint vc="1" uspid="3" ordinal="2" offset="18" sl="22" sc="17" el="22" ec="53" bec="0" bev="0" fileid="1" />
                <SequencePoint vc="4" uspid="4" ordinal="3" offset="24" sl="23" sc="13" el="23" ec="28" bec="2" bev="2" fileid="1" />
                <SequencePoint vc="1" uspid="5" ordinal="4" offset="44" sl="24" sc="17" el="24" ec="53" bec="0" bev="0" fileid="1" />
                <SequencePoint vc="3" uspid="6" ordinal="5" offset="50" sl="25" sc="13" el="25" ec="37" bec="2" bev="2" fileid="1" />
                <SequencePoint vc="1" uspid="7" ordinal="6" offset="70" sl="26" sc="17" el="26" ec="51" bec="0" bev="0" fileid="1" />
                <SequencePoint vc="2" uspid="8" ordinal="7" offset="76" sl="27" sc="13" el="27" ec="35" bec="2" bev="2" fileid="1" />
                <SequencePoint vc="1" uspid="9" ordinal="8" offset="94" sl="28" sc="17" el="28" ec="53" bec="0" bev="0" fileid="1" />
                <SequencePoint vc="1" uspid="10" ordinal="9" offset="100" sl="29" sc="9" el="29" ec="10" bec="0" bev="0" fileid="1" />
              </SequencePoints>
              <BranchPoints>
                <BranchPoint vc="1" uspid="11" ordinal="0" offset="16" sl="21" path="0" offsetend="18" fileid="1" />
                <BranchPoint vc="4" uspid="12" ordinal="1" offset="16" sl="21" path="1" offsetend="24" fileid="1" />
                <BranchPoint vc="1" uspid="13" ordinal="2" offset="42" sl="23" path="0" offsetend="44" fileid="1" />
                <BranchPoint vc="3" uspid="14" ordinal="3" offset="42" sl="23" path="1" offsetend="50" fileid="1" />
                <BranchPoint vc="1" uspid="15" ordinal="4" offset="68" sl="25" path="0" offsetend="70" fileid="1" />
                <BranchPoint vc="2" uspid="16" ordinal="5" offset="68" sl="25" path="1" offsetend="76" fileid="1" />
                <BranchPoint vc="1" uspid="17" ordinal="6" offset="92" sl="27" path="0" offsetend="94" fileid="1" />
                <BranchPoint vc="1" uspid="18" ordinal="7" offset="92" sl="27" path="1" offsetend="100" fileid="1" />
              </BranchPoints>
              <MethodPoint xsi:type="SequencePoint" vc="5" uspid="1" ordinal="0" offset="0" sl="20" sc="9" el="20" ec="10" bec="0" bev="0" fileid="1" />
            </Method>
            <Method visited="true" cyclomaticComplexity="1" nPathComplexity="0" sequenceCoverage="100" branchCoverage="100" crapScore="1" isConstructor="true" isStatic="false" isGetter="false" isSetter="false">
              <Summary numSequencePoints="1" visitedSequencePoints="1" numBranchPoints="1" visitedBranchPoints="1" sequenceCoverage="100" branchCoverage="100" maxCyclomaticComplexity="1" minCyclomaticComplexity="1" maxCrapScore="1" minCrapScore="1" visitedClasses="0" numClasses="0" visitedMethods="1" numMethods="1" />
              <MetadataToken>100663306</MetadataToken>
              <Name>System.Void ProjetoLoterica.Dominio.Features.Concursos.Concurso::.ctor()</Name>
              <FileRef uid="1" />
              <SequencePoints>
                <SequencePoint vc="5" uspid="19" ordinal="0" offset="0" sl="16" sc="9" el="16" ec="52" bec="0" bev="0" fileid="1" />
              </SequencePoints>
              <BranchPoints />
              <MethodPoint xsi:type="SequencePoint" vc="5" uspid="19" ordinal="0" offset="0" sl="16" sc="9" el="16" ec="52" bec="0" bev="0" fileid="1" />
            </Method>
          </Methods>
        </Class>
        <Class>
          <Summary numSequencePoints="11" visitedSequencePoints="10" numBranchPoints="10" visitedBranchPoints="9" sequenceCoverage="90.91" branchCoverage="90" maxCyclomaticComplexity="5" minCyclomaticComplexity="1" maxCrapScore="5.02" minCrapScore="1" visitedClasses="1" numClasses="1" visitedMethods="2" numMethods="2" />
          <FullName>ProjetoLoterica.Dominio.Features.Apostas.Aposta</FullName>
          <Methods>
            <Method skippedDueTo="AutoImplementedProperty" visited="false" cyclomaticComplexity="1" nPathComplexity="0" sequenceCoverage="0" branchCoverage="0" crapScore="0" isConstructor="false" isStatic="false" isGetter="true" isSetter="false">
              <MetadataToken>100663311</MetadataToken>
              <Name>System.Int64 ProjetoLoterica.Dominio.Features.Apostas.Aposta::get_Id()</Name>
              <FileRef uid="6" />
              <SequencePoints />
              <BranchPoints />
            </Method>
            <Method skippedDueTo="AutoImplementedProperty" visited="false" cyclomaticComplexity="1" nPathComplexity="0" sequenceCoverage="0" branchCoverage="0" crapScore="0" isConstructor="false" isStatic="false" isGetter="false" isSetter="true">
              <MetadataToken>100663312</MetadataToken>
              <Name>System.Void ProjetoLoterica.Dominio.Features.Apostas.Aposta::set_Id(System.Int64)</Name>
              <FileRef uid="6" />
              <SequencePoints />
              <BranchPoints />
            </Method>
            <Method skippedDueTo="AutoImplementedProperty" visited="false" cyclomaticComplexity="1" nPathComplexity="0" sequenceCoverage="0" branchCoverage="0" crapScore="0" isConstructor="false" isStatic="false" isGetter="true" isSetter="false">
              <MetadataToken>100663313</MetadataToken>
              <Name>System.Int64 ProjetoLoterica.Dominio.Features.Apostas.Aposta::get_ConcursoId()</Name>
              <FileRef uid="6" />
              <SequencePoints />
              <BranchPoints />
            </Method>
            <Method skippedDueTo="AutoImplementedProperty" visited="false" cyclomaticComplexity="1" nPathComplexity="0" sequenceCoverage="0" branchCoverage="0" crapScore="0" isConstructor="false" isStatic="false" isGetter="false" isSetter="true">
              <MetadataToken>100663314</MetadataToken>
              <Name>System.Void ProjetoLoterica.Dominio.Features.Apostas.Aposta::set_ConcursoId(System.Int64)</Name>
              <FileRef uid="6" />
              <SequencePoints />
              <BranchPoints />
            </Method>
            <Method skippedDueTo="AutoImplementedProperty" visited="false" cyclomaticComplexity="1" nPathComplexity="0" sequenceCoverage="0" branchCoverage="0" crapScore="0" isConstructor="false" isStatic="false" isGetter="true" isSetter="false">
              <MetadataToken>100663315</MetadataToken>
              <Name>System.DateTime ProjetoLoterica.Dominio.Features.Apostas.Aposta::get_Data()</Name>
              <FileRef uid="6" />
              <SequencePoints />
              <BranchPoints />
            </Method>
            <Method skippedDueTo="AutoImplementedProperty" visited="false" cyclomaticComplexity="1" nPathComplexity="0" sequenceCoverage="0" branchCoverage="0" crapScore="0" isConstructor="false" isStatic="false" isGetter="false" isSetter="true">
              <MetadataToken>100663316</MetadataToken>
              <Name>System.Void ProjetoLoterica.Dominio.Features.Apostas.Aposta::set_Data(System.DateTime)</Name>
              <FileRef uid="6" />
              <SequencePoints />
              <BranchPoints />
            </Method>
            <Method skippedDueTo="AutoImplementedProperty" visited="false" cyclomaticComplexity="1" nPathComplexity="0" sequenceCoverage="0" branchCoverage="0" crapScore="0" isConstructor="false" isStatic="false" isGetter="true" isSetter="false">
              <MetadataToken>100663317</MetadataToken>
              <Name>System.Decimal ProjetoLoterica.Dominio.Features.Apostas.Aposta::get_Valor()</Name>
              <FileRef uid="6" />
              <SequencePoints />
              <BranchPoints />
            </Method>
            <Method skippedDueTo="AutoImplementedProperty" visited="false" cyclomaticComplexity="1" nPathComplexity="0" sequenceCoverage="0" branchCoverage="0" crapScore="0" isConstructor="false" isStatic="false" isGetter="false" isSetter="true">
              <MetadataToken>100663318</MetadataToken>
              <Name>System.Void ProjetoLoterica.Dominio.Features.Apostas.Aposta::set_Valor(System.Decimal)</Name>
              <FileRef uid="6" />
              <SequencePoints />
              <BranchPoints />
            </Method>
            <Method visited="true" cyclomaticComplexity="5" nPathComplexity="16" sequenceCoverage="90" branchCoverage="88.89" crapScore="5.02" isConstructor="false" isStatic="false" isGetter="false" isSetter="false">
              <Summary numSequencePoints="10" visitedSequencePoints="9" numBranchPoints="9" visitedBranchPoints="8" sequenceCoverage="90" branchCoverage="88.89" maxCyclomaticComplexity="5" minCyclomaticComplexity="5" maxCrapScore="5.02" minCrapScore="5.02" visitedClasses="0" numClasses="0" visitedMethods="1" numMethods="1" />
              <MetadataToken>100663319</MetadataToken>
              <Name>System.Void ProjetoLoterica.Dominio.Features.Apostas.Aposta::Validar()</Name>
              <FileRef uid="6" />
              <SequencePoints>
                <SequencePoint vc="9" uspid="20" ordinal="0" offset="0" sl="16" sc="9" el="16" ec="10" bec="0" bev="0" fileid="6" />
                <SequencePoint vc="9" uspid="21" ordinal="1" offset="1" sl="17" sc="13" el="17" ec="33" bec="2" bev="1" fileid="6" />
                <SequencePoint vc="0" uspid="22" ordinal="2" offset="18" sl="18" sc="17" el="18" ec="55" bec="0" bev="0" fileid="6" />
                <SequencePoint vc="9" uspid="23" ordinal="3" offset="24" sl="19" sc="13" el="19" ec="37" bec="2" bev="2" fileid="6" />
                <SequencePoint vc="2" uspid="24" ordinal="4" offset="44" sl="20" sc="17" el="20" ec="49" bec="0" bev="0" fileid="6" />
                <SequencePoint vc="7" uspid="25" ordinal="5" offset="50" sl="21" sc="13" el="21" ec="28" bec="2" bev="2" fileid="6" />
                <SequencePoint vc="2" uspid="26" ordinal="6" offset="70" sl="22" sc="17" el="22" ec="50" bec="0" bev="0" fileid="6" />
                <SequencePoint vc="5" uspid="27" ordinal="7" offset="76" sl="23" sc="13" el="23" ec="35" bec="2" bev="2" fileid="6" />
                <SequencePoint vc="2" uspid="28" ordinal="8" offset="94" sl="24" sc="17" el="24" ec="52" bec="0" bev="0" fileid="6" />
                <SequencePoint vc="3" uspid="29" ordinal="9" offset="100" sl="25" sc="9" el="25" ec="10" bec="0" bev="0" fileid="6" />
              </SequencePoints>
              <BranchPoints>
                <BranchPoint vc="0" uspid="30" ordinal="0" offset="16" sl="17" path="0" offsetend="18" fileid="6" />
                <BranchPoint vc="9" uspid="31" ordinal="1" offset="16" sl="17" path="1" offsetend="24" fileid="6" />
                <BranchPoint vc="2" uspid="32" ordinal="2" offset="42" sl="19" path="0" offsetend="44" fileid="6" />
                <BranchPoint vc="7" uspid="33" ordinal="3" offset="42" sl="19" path="1" offsetend="50" fileid="6" />
                <BranchPoint vc="2" uspid="34" ordinal="4" offset="68" sl="21" path="0" offsetend="70" fileid="6" />
                <BranchPoint vc="5" uspid="35" ordinal="5" offset="68" sl="21" path="1" offsetend="76" fileid="6" />
                <BranchPoint vc="2" uspid="36" ordinal="6" offset="92" sl="23" path="0" offsetend="94" fileid="6" />
                <BranchPoint vc="3" uspid="37" ordinal="7" offset="92" sl="23" path="1" offsetend="100" fileid="6" />
              </BranchPoints>
              <MethodPoint xsi:type="SequencePoint" vc="9" uspid="20" ordinal="0" offset="0" sl="16" sc="9" el="16" ec="10" bec="0" bev="0" fileid="6" />
            </Method>
            <Method visited="true" cyclomaticComplexity="1" nPathComplexity="0" sequenceCoverage="100" branchCoverage="100" crapScore="1" isConstructor="true" isStatic="false" isGetter="false" isSetter="false">
              <Summary numSequencePoints="1" visitedSequencePoints="1" numBranchPoints="1" visitedBranchPoints="1" sequenceCoverage="100" branchCoverage="100" maxCyclomaticComplexity="1" minCyclomaticComplexity="1" maxCrapScore="1" minCrapScore="1" visitedClasses="0" numClasses="0" visitedMethods="1" numMethods="1" />
              <MetadataToken>100663320</MetadataToken>
              <Name>System.Void ProjetoLoterica.Dominio.Features.Apostas.Aposta::.ctor()</Name>
              <FileRef uid="6" />
              <SequencePoints>
                <SequencePoint vc="19" uspid="38" ordinal="0" offset="0" sl="13" sc="9" el="13" ec="52" bec="0" bev="0" fileid="6" />
              </SequencePoints>
              <BranchPoints />
              <MethodPoint xsi:type="SequencePoint" vc="19" uspid="38" ordinal="0" offset="0" sl="13" sc="9" el="13" ec="52" bec="0" bev="0" fileid="6" />
            </Method>
          </Methods>
        </Class>
      </Classes>
    </Module>
    <Module hash="23-84-14-A8-B5-87-77-99-FA-19-20-2B-7E-D8-4F-12-AF-76-98-3B">
      <Summary numSequencePoints="29" visitedSequencePoints="29" numBranchPoints="14" visitedBranchPoints="14" sequenceCoverage="100" branchCoverage="100" maxCyclomaticComplexity="2" minCyclomaticComplexity="1" maxCrapScore="2" minCrapScore="1" visitedClasses="1" numClasses="1" visitedMethods="6" numMethods="6" />
      <ModulePath>C:\Users\lucas.costa\Desktop\Academia\Dupla5\projeto-loterica\ProjetoLoterica.Aplicação.Teste\bin\Debug\ProjetoLoterica.Aplicação.dll</ModulePath>
      <ModuleTime>2018-05-14T20:19:57.2044998Z</ModuleTime>
      <ModuleName>ProjetoLoterica.Aplicação</ModuleName>
      <Files>
        <File uid="25" fullPath="C:\Users\lucas.costa\Desktop\Academia\Dupla5\projeto-loterica\ProjetoLoterica.Aplicação\Features\Apostas\ApostaService.cs" />
      </Files>
      <Classes>
        <Class>
          <Summary numSequencePoints="29" visitedSequencePoints="29" numBranchPoints="14" visitedBranchPoints="14" sequenceCoverage="100" branchCoverage="100" maxCyclomaticComplexity="2" minCyclomaticComplexity="1" maxCrapScore="2" minCrapScore="1" visitedClasses="1" numClasses="1" visitedMethods="6" numMethods="6" />
          <FullName>ProjetoLoterica.Aplicação.Features.Apostas.ApostaService</FullName>
          <Methods>
            <Method visited="true" cyclomaticComplexity="1" nPathComplexity="0" sequenceCoverage="100" branchCoverage="100" crapScore="1" isConstructor="true" isStatic="false" isGetter="false" isSetter="false">
              <Summary numSequencePoints="4" visitedSequencePoints="4" numBranchPoints="1" visitedBranchPoints="1" sequenceCoverage="100" branchCoverage="100" maxCyclomaticComplexity="1" minCyclomaticComplexity="1" maxCrapScore="1" minCrapScore="1" visitedClasses="0" numClasses="0" visitedMethods="1" numMethods="1" />
              <MetadataToken>100663297</MetadataToken>
              <Name>System.Void ProjetoLoterica.Aplicação.Features.Apostas.ApostaService::.ctor(ProjetoLoterica.Dominio.Features.Apostas.IApostaRepository)</Name>
              <FileRef uid="25" />
              <SequencePoints>
                <SequencePoint vc="12" uspid="39" ordinal="0" offset="0" sl="12" sc="9" el="12" ec="65" bec="0" bev="0" fileid="25" />
                <SequencePoint vc="12" uspid="40" ordinal="1" offset="7" sl="13" sc="9" el="13" ec="10" bec="0" bev="0" fileid="25" />
                <SequencePoint vc="12" uspid="41" ordinal="2" offset="8" sl="14" sc="13" el="14" ec="50" bec="0" bev="0" fileid="25" />
                <SequencePoint vc="12" uspid="42" ordinal="3" offset="15" sl="15" sc="9" el="15" ec="10" bec="0" bev="0" fileid="25" />
              </SequencePoints>
              <BranchPoints />
              <MethodPoint xsi:type="SequencePoint" vc="12" uspid="39" ordinal="0" offset="0" sl="12" sc="9" el="12" ec="65" bec="0" bev="0" fileid="25" />
            </Method>
            <Method visited="true" cyclomaticComplexity="2" nPathComplexity="2" sequenceCoverage="100" branchCoverage="100" crapScore="2" isConstructor="false" isStatic="false" isGetter="false" isSetter="false">
              <Summary numSequencePoints="6" visitedSequencePoints="6" numBranchPoints="3" visitedBranchPoints="3" sequenceCoverage="100" branchCoverage="100" maxCyclomaticComplexity="2" minCyclomaticComplexity="2" maxCrapScore="2" minCrapScore="2" visitedClasses="0" numClasses="0" visitedMethods="1" numMethods="1" />
              <MetadataToken>100663298</MetadataToken>
              <Name>ProjetoLoterica.Dominio.Features.Apostas.Aposta ProjetoLoterica.Aplicação.Features.Apostas.ApostaService::Add(ProjetoLoterica.Dominio.Features.Apostas.Aposta)</Name>
              <FileRef uid="25" />
              <SequencePoints>
                <SequencePoint vc="5" uspid="43" ordinal="0" offset="0" sl="18" sc="9" el="18" ec="10" bec="0" bev="0" fileid="25" />
                <SequencePoint vc="5" uspid="44" ordinal="1" offset="1" sl="19" sc="13" el="19" ec="32" bec="2" bev="2" fileid="25" />
                <SequencePoint vc="1" uspid="45" ordinal="2" offset="18" sl="20" sc="17" el="20" ec="58" bec="0" bev="0" fileid="25" />
                <SequencePoint vc="4" uspid="46" ordinal="3" offset="24" sl="22" sc="13" el="22" ec="30" bec="0" bev="0" fileid="25" />
                <SequencePoint vc="1" uspid="47" ordinal="4" offset="31" sl="24" sc="13" el="24" ec="50" bec="0" bev="0" fileid="25" />
                <SequencePoint vc="1" uspid="48" ordinal="5" offset="46" sl="25" sc="9" el="25" ec="10" bec="0" bev="0" fileid="25" />
              </SequencePoints>
              <BranchPoints>
                <BranchPoint vc="1" uspid="49" ordinal="0" offset="16" sl="19" path="0" offsetend="18" fileid="25" />
                <BranchPoint vc="4" uspid="50" ordinal="1" offset="16" sl="19" path="1" offsetend="24" fileid="25" />
              </BranchPoints>
              <MethodPoint xsi:type="SequencePoint" vc="5" uspid="43" ordinal="0" offset="0" sl="18" sc="9" el="18" ec="10" bec="0" bev="0" fileid="25" />
            </Method>
            <Method visited="true" cyclomaticComplexity="2" nPathComplexity="2" sequenceCoverage="100" branchCoverage="100" crapScore="2" isConstructor="false" isStatic="false" isGetter="false" isSetter="false">
              <Summary numSequencePoints="5" visitedSequencePoints="5" numBranchPoints="3" visitedBranchPoints="3" sequenceCoverage="100" branchCoverage="100" maxCyclomaticComplexity="2" minCyclomaticComplexity="2" maxCrapScore="2" minCrapScore="2" visitedClasses="0" numClasses="0" visitedMethods="1" numMethods="1" />
              <MetadataToken>100663299</MetadataToken>
              <Name>System.Void ProjetoLoterica.Aplicação.Features.Apostas.ApostaService::Delete(ProjetoLoterica.Dominio.Features.Apostas.Aposta)</Name>
              <FileRef uid="25" />
              <SequencePoints>
                <SequencePoint vc="2" uspid="51" ordinal="0" offset="0" sl="28" sc="9" el="28" ec="10" bec="0" bev="0" fileid="25" />
                <SequencePoint vc="2" uspid="52" ordinal="1" offset="1" sl="29" sc="13" el="29" ec="32" bec="2" bev="2" fileid="25" />
                <SequencePoint vc="1" uspid="53" ordinal="2" offset="18" sl="30" sc="17" el="30" ec="58" bec="0" bev="0" fileid="25" />
                <SequencePoint vc="1" uspid="54" ordinal="3" offset="24" sl="32" sc="13" el="32" ec="46" bec="0" bev="0" fileid="25" />
                <SequencePoint vc="1" uspid="55" ordinal="4" offset="37" sl="33" sc="9" el="33" ec="10" bec="0" bev="0" fileid="25" />
              </SequencePoints>
              <BranchPoints>
                <BranchPoint vc="1" uspid="56" ordinal="0" offset="16" sl="29" path="0" offsetend="18" fileid="25" />
                <BranchPoint vc="1" uspid="57" ordinal="1" offset="16" sl="29" path="1" offsetend="24" fileid="25" />
              </BranchPoints>
              <MethodPoint xsi:type="SequencePoint" vc="2" uspid="51" ordinal="0" offset="0" sl="28" sc="9" el="28" ec="10" bec="0" bev="0" fileid="25" />
            </Method>
            <Method visited="true" cyclomaticComplexity="2" nPathComplexity="2" sequenceCoverage="100" branchCoverage="100" crapScore="2" isConstructor="false" isStatic="false" isGetter="false" isSetter="false">
              <Summary numSequencePoints="5" visitedSequencePoints="5" numBranchPoints="3" visitedBranchPoints="3" sequenceCoverage="100" branchCoverage="100" maxCyclomaticComplexity="2" minCyclomaticComplexity="2" maxCrapScore="2" minCrapScore="2" visitedClasses="0" numClasses="0" visitedMethods="1" numMethods="1" />
              <MetadataToken>100663300</MetadataToken>
              <Name>ProjetoLoterica.Dominio.Features.Apostas.Aposta ProjetoLoterica.Aplicação.Features.Apostas.ApostaService::Get(System.Int64)</Name>
              <FileRef uid="25" />
              <SequencePoints>
                <SequencePoint vc="2" uspid="58" ordinal="0" offset="0" sl="36" sc="9" el="36" ec="10" bec="0" bev="0" fileid="25" />
                <SequencePoint vc="2" uspid="59" ordinal="1" offset="1" sl="37" sc="13" el="37" ec="25" bec="2" bev="2" fileid="25" />
                <SequencePoint vc="1" uspid="60" ordinal="2" offset="13" sl="38" sc="17" el="38" ec="58" bec="0" bev="0" fileid="25" />
                <SequencePoint vc="1" uspid="61" ordinal="3" offset="19" sl="40" sc="13" el="40" ec="46" bec="0" bev="0" fileid="25" />
                <SequencePoint vc="1" uspid="62" ordinal="4" offset="34" sl="41" sc="9" el="41" ec="10" bec="0" bev="0" fileid="25" />
              </SequencePoints>
              <BranchPoints>
                <BranchPoint vc="1" uspid="63" ordinal="0" offset="11" sl="37" path="0" offsetend="13" fileid="25" />
                <BranchPoint vc="1" uspid="64" ordinal="1" offset="11" sl="37" path="1" offsetend="19" fileid="25" />
              </BranchPoints>
              <MethodPoint xsi:type="SequencePoint" vc="2" uspid="58" ordinal="0" offset="0" sl="36" sc="9" el="36" ec="10" bec="0" bev="0" fileid="25" />
            </Method>
            <Method visited="true" cyclomaticComplexity="1" nPathComplexity="0" sequenceCoverage="100" branchCoverage="100" crapScore="1" isConstructor="false" isStatic="false" isGetter="false" isSetter="false">
              <Summary numSequencePoints="3" visitedSequencePoints="3" numBranchPoints="1" visitedBranchPoints="1" sequenceCoverage="100" branchCoverage="100" maxCyclomaticComplexity="1" minCyclomaticComplexity="1" maxCrapScore="1" minCrapScore="1" visitedClasses="0" numClasses="0" visitedMethods="1" numMethods="1" />
              <MetadataToken>100663301</MetadataToken>
              <Name>System.Collections.Generic.IList`1&lt;ProjetoLoterica.Dominio.Features.Apostas.Aposta&gt; ProjetoLoterica.Aplicação.Features.Apostas.ApostaService::GetAll()</Name>
              <FileRef uid="25" />
              <SequencePoints>
                <SequencePoint vc="1" uspid="65" ordinal="0" offset="0" sl="44" sc="9" el="44" ec="10" bec="0" bev="0" fileid="25" />
                <SequencePoint vc="1" uspid="66" ordinal="1" offset="1" sl="45" sc="13" el="45" ec="47" bec="0" bev="0" fileid="25" />
                <SequencePoint vc="1" uspid="67" ordinal="2" offset="15" sl="46" sc="9" el="46" ec="10" bec="0" bev="0" fileid="25" />
              </SequencePoints>
              <BranchPoints />
              <MethodPoint xsi:type="SequencePoint" vc="1" uspid="65" ordinal="0" offset="0" sl="44" sc="9" el="44" ec="10" bec="0" bev="0" fileid="25" />
            </Method>
            <Method visited="true" cyclomaticComplexity="2" nPathComplexity="2" sequenceCoverage="100" branchCoverage="100" crapScore="2" isConstructor="false" isStatic="false" isGetter="false" isSetter="false">
              <Summary numSequencePoints="6" visitedSequencePoints="6" numBranchPoints="3" visitedBranchPoints="3" sequenceCoverage="100" branchCoverage="100" maxCyclomaticComplexity="2" minCyclomaticComplexity="2" maxCrapScore="2" minCrapScore="2" visitedClasses="0" numClasses="0" visitedMethods="1" numMethods="1" />
              <MetadataToken>100663302</MetadataToken>
              <Name>ProjetoLoterica.Dominio.Features.Apostas.Aposta ProjetoLoterica.Aplicação.Features.Apostas.ApostaService::Update(ProjetoLoterica.Dominio.Features.Apostas.Aposta)</Name>
              <FileRef uid="25" />
              <SequencePoints>
                <SequencePoint vc="2" uspid="68" ordinal="0" offset="0" sl="49" sc="9" el="49" ec="10" bec="0" bev="0" fileid="25" />
                <SequencePoint vc="2" uspid="69" ordinal="1" offset="1" sl="50" sc="13" el="50" ec="32" bec="2" bev="2" fileid="25" />
                <SequencePoint vc="1" uspid="70" ordinal="2" offset="18" sl="51" sc="17" el="51" ec="58" bec="0" bev="0" fileid="25" />
                <SequencePoint vc="1" uspid="71" ordinal="3" offset="24" sl="53" sc="13" el="53" ec="30" bec="0" bev="0" fileid="25" />
                <SequencePoint vc="1" uspid="72" ordinal="4" offset="31" sl="55" sc="13" el="55" ec="53" bec="0" bev="0" fileid="25" />
                <SequencePoint vc="1" uspid="73" ordinal="5" offset="46" sl="56" sc="9" el="56" ec="10" bec="0" bev="0" fileid="25" />
              </SequencePoints>
              <BranchPoints>
                <BranchPoint vc="1" uspid="74" ordinal="0" offset="16" sl="50" path="0" offsetend="18" fileid="25" />
                <BranchPoint vc="1" uspid="75" ordinal="1" offset="16" sl="50" path="1" offsetend="24" fileid="25" />
              </BranchPoints>
              <MethodPoint xsi:type="SequencePoint" vc="2" uspid="68" ordinal="0" offset="0" sl="49" sc="9" el="49" ec="10" bec="0" bev="0" fileid="25" />
            </Method>
          </Methods>
        </Class>
      </Classes>
    </Module>
    <Module hash="81-AC-D5-9A-C2-5F-E1-E3-55-76-EB-D8-BF-04-CC-BD-21-C0-FC-51">
      <Summary numSequencePoints="25" visitedSequencePoints="25" numBranchPoints="6" visitedBranchPoints="6" sequenceCoverage="100" branchCoverage="100" maxCyclomaticComplexity="1" minCyclomaticComplexity="1" maxCrapScore="1" minCrapScore="1" visitedClasses="2" numClasses="2" visitedMethods="6" numMethods="6" />
      <ModulePath>C:\Users\lucas.costa\Desktop\Academia\Dupla5\projeto-loterica\ProjetoLoterica.Aplicação.Teste\bin\Debug\ProjetoLoterica.Common.Teste.dll</ModulePath>
      <ModuleTime>2018-05-15T17:29:06.1028065Z</ModuleTime>
      <ModuleName>ProjetoLoterica.Common.Teste</ModuleName>
      <Files>
        <File uid="27" fullPath="C:\Users\lucas.costa\Desktop\Academia\Dupla5\projeto-loterica\ProjetoLoterica.Common.Teste\Features\Apostas\ObjectMother.cs" />
        <File uid="28" fullPath="C:\Users\lucas.costa\Desktop\Academia\Dupla5\projeto-loterica\ProjetoLoterica.Common.Teste\Base\BaseSqlTest.cs" />
      </Files>
      <Classes>
        <Class>
          <Summary numSequencePoints="15" visitedSequencePoints="15" numBranchPoints="5" visitedBranchPoints="5" sequenceCoverage="100" branchCoverage="100" maxCyclomaticComplexity="1" minCyclomaticComplexity="1" maxCrapScore="1" minCrapScore="1" visitedClasses="1" numClasses="1" visitedMethods="5" numMethods="5" />
          <FullName>ProjetoLoterica.Common.Teste.Features.Apostas.ObjectMother</FullName>
          <Methods>
            <Method visited="true" cyclomaticComplexity="1" nPathComplexity="0" sequenceCoverage="100" branchCoverage="100" crapScore="1" isConstructor="false" isStatic="true" isGetter="false" isSetter="false">
              <Summary numSequencePoints="3" visitedSequencePoints="3" numBranchPoints="1" visitedBranchPoints="1" sequenceCoverage="100" branchCoverage="100" maxCyclomaticComplexity="1" minCyclomaticComplexity="1" maxCrapScore="1" minCrapScore="1" visitedClasses="0" numClasses="0" visitedMethods="1" numMethods="1" />
              <MetadataToken>100663297</MetadataToken>
              <Name>ProjetoLoterica.Dominio.Features.Apostas.Aposta ProjetoLoterica.Common.Teste.Features.Apostas.ObjectMother::CreateValidAposta()</Name>
              <FileRef uid="27" />
              <SequencePoints>
                <SequencePoint vc="5" uspid="76" ordinal="0" offset="0" sl="9" sc="9" el="9" ec="10" bec="0" bev="0" fileid="27" />
                <SequencePoint vc="5" uspid="77" ordinal="1" offset="1" sl="10" sc="13" el="17" ec="15" bec="0" bev="0" fileid="27" />
                <SequencePoint vc="5" uspid="78" ordinal="2" offset="147" sl="18" sc="9" el="18" ec="10" bec="0" bev="0" fileid="27" />
              </SequencePoints>
              <BranchPoints />
              <MethodPoint xsi:type="SequencePoint" vc="5" uspid="76" ordinal="0" offset="0" sl="9" sc="9" el="9" ec="10" bec="0" bev="0" fileid="27" />
            </Method>
            <Method visited="true" cyclomaticComplexity="1" nPathComplexity="0" sequenceCoverage="100" branchCoverage="100" crapScore="1" isConstructor="false" isStatic="true" isGetter="false" isSetter="false">
              <Summary numSequencePoints="3" visitedSequencePoints="3" numBranchPoints="1" visitedBranchPoints="1" sequenceCoverage="100" branchCoverage="100" maxCyclomaticComplexity="1" minCyclomaticComplexity="1" maxCrapScore="1" minCrapScore="1" visitedClasses="0" numClasses="0" visitedMethods="1" numMethods="1" />
              <MetadataToken>100663298</MetadataToken>
              <Name>ProjetoLoterica.Dominio.Features.Apostas.Aposta ProjetoLoterica.Common.Teste.Features.Apostas.ObjectMother::CreateInvalidApostaUndefinedId()</Name>
              <FileRef uid="27" />
              <SequencePoints>
                <SequencePoint vc="3" uspid="79" ordinal="0" offset="0" sl="21" sc="9" el="21" ec="10" bec="0" bev="0" fileid="27" />
                <SequencePoint vc="3" uspid="80" ordinal="1" offset="1" sl="22" sc="13" el="29" ec="15" bec="0" bev="0" fileid="27" />
                <SequencePoint vc="3" uspid="81" ordinal="2" offset="147" sl="30" sc="9" el="30" ec="10" bec="0" bev="0" fileid="27" />
              </SequencePoints>
              <BranchPoints />
              <MethodPoint xsi:type="SequencePoint" vc="3" uspid="79" ordinal="0" offset="0" sl="21" sc="9" el="21" ec="10" bec="0" bev="0" fileid="27" />
            </Method>
            <Method visited="true" cyclomaticComplexity="1" nPathComplexity="0" sequenceCoverage="100" branchCoverage="100" crapScore="1" isConstructor="false" isStatic="true" isGetter="false" isSetter="false">
              <Summary numSequencePoints="3" visitedSequencePoints="3" numBranchPoints="1" visitedBranchPoints="1" sequenceCoverage="100" branchCoverage="100" maxCyclomaticComplexity="1" minCyclomaticComplexity="1" maxCrapScore="1" minCrapScore="1" visitedClasses="0" numClasses="0" visitedMethods="1" numMethods="1" />
              <MetadataToken>100663299</MetadataToken>
              <Name>ProjetoLoterica.Dominio.Features.Apostas.Aposta ProjetoLoterica.Common.Teste.Features.Apostas.ObjectMother::CreateInvalidApostaInvalidDate()</Name>
              <FileRef uid="27" />
              <SequencePoints>
                <SequencePoint vc="2" uspid="82" ordinal="0" offset="0" sl="33" sc="9" el="33" ec="10" bec="0" bev="0" fileid="27" />
                <SequencePoint vc="2" uspid="83" ordinal="1" offset="1" sl="34" sc="13" el="39" ec="15" bec="0" bev="0" fileid="27" />
                <SequencePoint vc="2" uspid="84" ordinal="2" offset="56" sl="40" sc="9" el="40" ec="10" bec="0" bev="0" fileid="27" />
              </SequencePoints>
              <BranchPoints />
              <MethodPoint xsi:type="SequencePoint" vc="2" uspid="82" ordinal="0" offset="0" sl="33" sc="9" el="33" ec="10" bec="0" bev="0" fileid="27" />
            </Method>
            <Method visited="true" cyclomaticComplexity="1" nPathComplexity="0" sequenceCoverage="100" branchCoverage="100" crapScore="1" isConstructor="false" isStatic="true" isGetter="false" isSetter="false">
              <Summary numSequencePoints="3" visitedSequencePoints="3" numBranchPoints="1" visitedBranchPoints="1" sequenceCoverage="100" branchCoverage="100" maxCyclomaticComplexity="1" minCyclomaticComplexity="1" maxCrapScore="1" minCrapScore="1" visitedClasses="0" numClasses="0" visitedMethods="1" numMethods="1" />
              <MetadataToken>100663300</MetadataToken>
              <Name>ProjetoLoterica.Dominio.Features.Apostas.Aposta ProjetoLoterica.Common.Teste.Features.Apostas.ObjectMother::CreateInvalidApostaInvalidValue()</Name>
              <FileRef uid="27" />
              <SequencePoints>
                <SequencePoint vc="2" uspid="85" ordinal="0" offset="0" sl="43" sc="9" el="43" ec="10" bec="0" bev="0" fileid="27" />
                <SequencePoint vc="2" uspid="86" ordinal="1" offset="1" sl="44" sc="13" el="50" ec="15" bec="0" bev="0" fileid="27" />
                <SequencePoint vc="2" uspid="87" ordinal="2" offset="68" sl="51" sc="9" el="51" ec="10" bec="0" bev="0" fileid="27" />
              </SequencePoints>
              <BranchPoints />
              <MethodPoint xsi:type="SequencePoint" vc="2" uspid="85" ordinal="0" offset="0" sl="43" sc="9" el="43" ec="10" bec="0" bev="0" fileid="27" />
            </Method>
            <Method visited="true" cyclomaticComplexity="1" nPathComplexity="0" sequenceCoverage="100" branchCoverage="100" crapScore="1" isConstructor="false" isStatic="true" isGetter="false" isSetter="false">
              <Summary numSequencePoints="3" visitedSequencePoints="3" numBranchPoints="1" visitedBranchPoints="1" sequenceCoverage="100" branchCoverage="100" maxCyclomaticComplexity="1" minCyclomaticComplexity="1" maxCrapScore="1" minCrapScore="1" visitedClasses="0" numClasses="0" visitedMethods="1" numMethods="1" />
              <MetadataToken>100663301</MetadataToken>
              <Name>ProjetoLoterica.Dominio.Features.Apostas.Aposta ProjetoLoterica.Common.Teste.Features.Apostas.ObjectMother::CreateInvalidApostaInvalidDozens()</Name>
              <FileRef uid="27" />
              <SequencePoints>
                <SequencePoint vc="2" uspid="88" ordinal="0" offset="0" sl="54" sc="9" el="54" ec="10" bec="0" bev="0" fileid="27" />
                <SequencePoint vc="2" uspid="89" ordinal="1" offset="1" sl="55" sc="13" el="62" ec="15" bec="0" bev="0" fileid="27" />
                <SequencePoint vc="2" uspid="90" ordinal="2" offset="108" sl="63" sc="9" el="63" ec="10" bec="0" bev="0" fileid="27" />
              </SequencePoints>
              <BranchPoints />
              <MethodPoint xsi:type="SequencePoint" vc="2" uspid="88" ordinal="0" offset="0" sl="54" sc="9" el="54" ec="10" bec="0" bev="0" fileid="27" />
            </Method>
          </Methods>
        </Class>
        <Class>
          <Summary numSequencePoints="10" visitedSequencePoints="10" numBranchPoints="1" visitedBranchPoints="1" sequenceCoverage="100" branchCoverage="100" maxCyclomaticComplexity="1" minCyclomaticComplexity="1" maxCrapScore="1" minCrapScore="1" visitedClasses="1" numClasses="1" visitedMethods="1" numMethods="1" />
          <FullName>ProjetoLoterica.Common.Teste.Base.BaseSqlTest</FullName>
          <Methods>
            <Method visited="true" cyclomaticComplexity="1" nPathComplexity="0" sequenceCoverage="100" branchCoverage="100" crapScore="1" isConstructor="false" isStatic="true" isGetter="false" isSetter="false">
              <Summary numSequencePoints="10" visitedSequencePoints="10" numBranchPoints="1" visitedBranchPoints="1" sequenceCoverage="100" branchCoverage="100" maxCyclomaticComplexity="1" minCyclomaticComplexity="1" maxCrapScore="1" minCrapScore="1" visitedClasses="0" numClasses="0" visitedMethods="1" numMethods="1" />
              <MetadataToken>100663302</MetadataToken>
              <Name>System.Void ProjetoLoterica.Common.Teste.Base.BaseSqlTest::SeedDatabase()</Name>
              <FileRef uid="28" />
              <SequencePoints>
                <SequencePoint vc="1" uspid="91" ordinal="0" offset="0" sl="31" sc="9" el="31" ec="10" bec="0" bev="0" fileid="28" />
                <SequencePoint vc="1" uspid="92" ordinal="1" offset="1" sl="32" sc="13" el="32" ec="55" bec="0" bev="0" fileid="28" />
                <SequencePoint vc="1" uspid="93" ordinal="2" offset="13" sl="33" sc="13" el="33" ec="57" bec="0" bev="0" fileid="28" />
                <SequencePoint vc="1" uspid="94" ordinal="3" offset="25" sl="34" sc="13" el="34" ec="46" bec="0" bev="0" fileid="28" />
                <SequencePoint vc="1" uspid="95" ordinal="4" offset="37" sl="35" sc="13" el="35" ec="48" bec="0" bev="0" fileid="28" />
                <SequencePoint vc="1" uspid="96" ordinal="5" offset="49" sl="37" sc="13" el="37" ec="42" bec="0" bev="0" fileid="28" />
                <SequencePoint vc="1" uspid="97" ordinal="6" offset="61" sl="38" sc="13" el="38" ec="40" bec="0" bev="0" fileid="28" />
                <SequencePoint vc="1" uspid="98" ordinal="7" offset="73" sl="40" sc="13" el="40" ec="40" bec="0" bev="0" fileid="28" />
                <SequencePoint vc="1" uspid="99" ordinal="8" offset="85" sl="41" sc="13" el="41" ec="38" bec="0" bev="0" fileid="28" />
                <SequencePoint vc="1" uspid="100" ordinal="9" offset="97" sl="44" sc="9" el="44" ec="10" bec="0" bev="0" fileid="28" />
              </SequencePoints>
              <BranchPoints />
              <MethodPoint xsi:type="SequencePoint" vc="1" uspid="91" ordinal="0" offset="0" sl="31" sc="9" el="31" ec="10" bec="0" bev="0" fileid="28" />
            </Method>
          </Methods>
        </Class>
      </Classes>
    </Module>
    <Module hash="DE-AC-88-D3-59-FF-70-0B-13-98-90-E8-92-7D-1D-44-F3-8C-A4-B1">
      <Summary numSequencePoints="27" visitedSequencePoints="19" numBranchPoints="7" visitedBranchPoints="3" sequenceCoverage="70.37" branchCoverage="42.86" maxCyclomaticComplexity="2" minCyclomaticComplexity="1" maxCrapScore="2" minCrapScore="1" visitedClasses="1" numClasses="1" visitedMethods="3" numMethods="7" />
      <ModulePath>C:\Users\lucas.costa\Desktop\Academia\Dupla5\projeto-loterica\ProjetoLoterica.Infra.Data.Teste\bin\Debug\ProjetoLoterica.Infra.Data.dll</ModulePath>
      <ModuleTime>2018-05-14T20:19:56.9227519Z</ModuleTime>
      <ModuleName>ProjetoLoterica.Infra.Data</ModuleName>
      <Files>
        <File uid="63" fullPath="C:\Users\lucas.costa\Desktop\Academia\Dupla5\projeto-loterica\ProjetoLoterica.Infra.Data\Features\Apostas\ApostaRepository.cs" />
      </Files>
      <Classes>
        <Class>
          <Summary numSequencePoints="27" visitedSequencePoints="19" numBranchPoints="7" visitedBranchPoints="3" sequenceCoverage="70.37" branchCoverage="42.86" maxCyclomaticComplexity="2" minCyclomaticComplexity="1" maxCrapScore="2" minCrapScore="1" visitedClasses="1" numClasses="1" visitedMethods="3" numMethods="7" />
          <FullName>ProjetoLoterica.Infra.Data.Features.Apostas.ApostaRepository</FullName>
          <Methods>
            <Method visited="true" cyclomaticComplexity="2" nPathComplexity="0" sequenceCoverage="100" branchCoverage="100" crapScore="2" isConstructor="false" isStatic="false" isGetter="false" isSetter="false">
              <Summary numSequencePoints="13" visitedSequencePoints="13" numBranchPoints="1" visitedBranchPoints="1" sequenceCoverage="100" branchCoverage="100" maxCyclomaticComplexity="2" minCyclomaticComplexity="2" maxCrapScore="2" minCrapScore="2" visitedClasses="0" numClasses="0" visitedMethods="1" numMethods="1" />
              <MetadataToken>100663297</MetadataToken>
              <Name>ProjetoLoterica.Dominio.Features.Apostas.Aposta ProjetoLoterica.Infra.Data.Features.Apostas.ApostaRepository::Add(ProjetoLoterica.Dominio.Features.Apostas.Aposta)</Name>
              <FileRef uid="63" />
              <SequencePoints>
                <SequencePoint vc="1" uspid="189" ordinal="0" offset="0" sl="10" sc="9" el="10" ec="10" bec="0" bev="0" fileid="63" />
                <SequencePoint vc="1" uspid="190" ordinal="1" offset="1" sl="11" sc="13" el="13" ec="51" bec="0" bev="0" fileid="63" />
                <SequencePoint vc="1" uspid="191" ordinal="2" offset="7" sl="14" sc="13" el="14" ec="60" bec="0" bev="0" fileid="63" />
                <SequencePoint vc="1" uspid="192" ordinal="3" offset="27" sl="16" sc="13" el="16" ec="20" bec="0" bev="0" fileid="63" />
                <SequencePoint vc="1" uspid="193" ordinal="4" offset="28" sl="16" sc="34" el="16" ec="48" bec="0" bev="0" fileid="63" />
                <SequencePoint vc="6" uspid="194" ordinal="5" offset="42" sl="16" sc="22" el="16" ec="30" bec="0" bev="0" fileid="63" />
                <SequencePoint vc="6" uspid="195" ordinal="6" offset="50" sl="17" sc="13" el="17" ec="14" bec="0" bev="0" fileid="63" />
                <SequencePoint vc="6" uspid="196" ordinal="7" offset="51" sl="18" sc="17" el="19" ec="99" bec="0" bev="0" fileid="63" />
                <SequencePoint vc="6" uspid="197" ordinal="8" offset="57" sl="20" sc="17" el="20" ec="82" bec="0" bev="0" fileid="63" />
                <SequencePoint vc="6" uspid="198" ordinal="9" offset="72" sl="21" sc="13" el="21" ec="14" bec="0" bev="0" fileid="63" />
                <SequencePoint vc="7" uspid="199" ordinal="10" offset="73" sl="16" sc="31" el="16" ec="33" bec="0" bev="0" fileid="63" />
                <SequencePoint vc="1" uspid="200" ordinal="11" offset="99" sl="23" sc="13" el="23" ec="27" bec="0" bev="0" fileid="63" />
                <SequencePoint vc="1" uspid="201" ordinal="12" offset="104" sl="24" sc="9" el="24" ec="10" bec="0" bev="0" fileid="63" />
              </SequencePoints>
              <BranchPoints />
              <MethodPoint xsi:type="SequencePoint" vc="1" uspid="189" ordinal="0" offset="0" sl="10" sc="9" el="10" ec="10" bec="0" bev="0" fileid="63" />
            </Method>
            <Method visited="true" cyclomaticComplexity="1" nPathComplexity="0" sequenceCoverage="100" branchCoverage="100" crapScore="1" isConstructor="false" isStatic="false" isGetter="false" isSetter="false">
              <Summary numSequencePoints="3" visitedSequencePoints="3" numBranchPoints="1" visitedBranchPoints="1" sequenceCoverage="100" branchCoverage="100" maxCyclomaticComplexity="1" minCyclomaticComplexity="1" maxCrapScore="1" minCrapScore="1" visitedClasses="0" numClasses="0" visitedMethods="1" numMethods="1" />
              <MetadataToken>100663298</MetadataToken>
              <Name>System.Object[] ProjetoLoterica.Infra.Data.Features.Apostas.ApostaRepository::TakeApostaDezena(ProjetoLoterica.Dominio.Features.Apostas.Aposta,System.Int32)</Name>
              <FileRef uid="63" />
              <SequencePoints>
                <SequencePoint vc="6" uspid="204" ordinal="0" offset="0" sl="26" sc="9" el="26" ec="10" bec="0" bev="0" fileid="63" />
                <SequencePoint vc="6" uspid="205" ordinal="1" offset="1" sl="27" sc="13" el="31" ec="15" bec="0" bev="0" fileid="63" />
                <SequencePoint vc="6" uspid="206" ordinal="2" offset="49" sl="32" sc="9" el="32" ec="10" bec="0" bev="0" fileid="63" />
              </SequencePoints>
              <BranchPoints />
              <MethodPoint xsi:type="SequencePoint" vc="6" uspid="204" ordinal="0" offset="0" sl="26" sc="9" el="26" ec="10" bec="0" bev="0" fileid="63" />
            </Method>
            <Method visited="false" cyclomaticComplexity="1" nPathComplexity="0" sequenceCoverage="0" branchCoverage="0" crapScore="2" isConstructor="false" isStatic="false" isGetter="false" isSetter="false">
              <Summary numSequencePoints="2" visitedSequencePoints="0" numBranchPoints="1" visitedBranchPoints="0" sequenceCoverage="0" branchCoverage="0" maxCyclomaticComplexity="1" minCyclomaticComplexity="1" maxCrapScore="2" minCrapScore="2" visitedClasses="0" numClasses="0" visitedMethods="0" numMethods="1" />
              <MetadataToken>100663299</MetadataToken>
              <Name>System.Void ProjetoLoterica.Infra.Data.Features.Apostas.ApostaRepository::Delete(ProjetoLoterica.Dominio.Features.Apostas.Aposta)</Name>
              <FileRef uid="63" />
              <SequencePoints>
                <SequencePoint vc="0" uspid="207" ordinal="0" offset="0" sl="34" sc="9" el="34" ec="10" bec="0" bev="0" fileid="63" />
                <SequencePoint vc="0" uspid="208" ordinal="1" offset="1" sl="35" sc="13" el="35" ec="49" bec="0" bev="0" fileid="63" />
              </SequencePoints>
              <BranchPoints />
              <MethodPoint xsi:type="SequencePoint" vc="0" uspid="207" ordinal="0" offset="0" sl="34" sc="9" el="34" ec="10" bec="0" bev="0" fileid="63" />
            </Method>
            <Method visited="false" cyclomaticComplexity="1" nPathComplexity="0" sequenceCoverage="0" branchCoverage="0" crapScore="2" isConstructor="false" isStatic="false" isGetter="false" isSetter="false">
              <Summary numSequencePoints="2" visitedSequencePoints="0" numBranchPoints="1" visitedBranchPoints="0" sequenceCoverage="0" branchCoverage="0" maxCyclomaticComplexity="1" minCyclomaticComplexity="1" maxCrapScore="2" minCrapScore="2" visitedClasses="0" numClasses="0" visitedMethods="0" numMethods="1" />
              <MetadataToken>100663300</MetadataToken>
              <Name>ProjetoLoterica.Dominio.Features.Apostas.Aposta ProjetoLoterica.Infra.Data.Features.Apostas.ApostaRepository::Get(System.Int64)</Name>
              <FileRef uid="63" />
              <SequencePoints>
                <SequencePoint vc="0" uspid="209" ordinal="0" offset="0" sl="39" sc="9" el="39" ec="10" bec="0" bev="0" fileid="63" />
                <SequencePoint vc="0" uspid="210" ordinal="1" offset="1" sl="40" sc="13" el="40" ec="49" bec="0" bev="0" fileid="63" />
              </SequencePoints>
              <BranchPoints />
              <MethodPoint xsi:type="SequencePoint" vc="0" uspid="209" ordinal="0" offset="0" sl="39" sc="9" el="39" ec="10" bec="0" bev="0" fileid="63" />
            </Method>
            <Method visited="false" cyclomaticComplexity="1" nPathComplexity="0" sequenceCoverage="0" branchCoverage="0" crapScore="2" isConstructor="false" isStatic="false" isGetter="false" isSetter="false">
              <Summary numSequencePoints="2" visitedSequencePoints="0" numBranchPoints="1" visitedBranchPoints="0" sequenceCoverage="0" branchCoverage="0" maxCyclomaticComplexity="1" minCyclomaticComplexity="1" maxCrapScore="2" minCrapScore="2" visitedClasses="0" numClasses="0" visitedMethods="0" numMethods="1" />
              <MetadataToken>100663301</MetadataToken>
              <Name>System.Collections.Generic.IList`1&lt;ProjetoLoterica.Dominio.Features.Apostas.Aposta&gt; ProjetoLoterica.Infra.Data.Features.Apostas.ApostaRepository::GetAll()</Name>
              <FileRef uid="63" />
              <SequencePoints>
                <SequencePoint vc="0" uspid="211" ordinal="0" offset="0" sl="44" sc="9" el="44" ec="10" bec="0" bev="0" fileid="63" />
                <SequencePoint vc="0" uspid="212" ordinal="1" offset="1" sl="45" sc="13" el="45" ec="49" bec="0" bev="0" fileid="63" />
              </SequencePoints>
              <BranchPoints />
              <MethodPoint xsi:type="SequencePoint" vc="0" uspid="211" ordinal="0" offset="0" sl="44" sc="9" el="44" ec="10" bec="0" bev="0" fileid="63" />
            </Method>
            <Method visited="false" cyclomaticComplexity="1" nPathComplexity="0" sequenceCoverage="0" branchCoverage="0" crapScore="2" isConstructor="false" isStatic="false" isGetter="false" isSetter="false">
              <Summary numSequencePoints="2" visitedSequencePoints="0" numBranchPoints="1" visitedBranchPoints="0" sequenceCoverage="0" branchCoverage="0" maxCyclomaticComplexity="1" minCyclomaticComplexity="1" maxCrapScore="2" minCrapScore="2" visitedClasses="0" numClasses="0" visitedMethods="0" numMethods="1" />
              <MetadataToken>100663302</MetadataToken>
              <Name>ProjetoLoterica.Dominio.Features.Apostas.Aposta ProjetoLoterica.Infra.Data.Features.Apostas.ApostaRepository::Update(ProjetoLoterica.Dominio.Features.Apostas.Aposta)</Name>
              <FileRef uid="63" />
              <SequencePoints>
                <SequencePoint vc="0" uspid="213" ordinal="0" offset="0" sl="49" sc="9" el="49" ec="10" bec="0" bev="0" fileid="63" />
                <SequencePoint vc="0" uspid="214" ordinal="1" offset="1" sl="50" sc="13" el="50" ec="49" bec="0" bev="0" fileid="63" />
              </SequencePoints>
              <BranchPoints />
              <MethodPoint xsi:type="SequencePoint" vc="0" uspid="213" ordinal="0" offset="0" sl="49" sc="9" el="49" ec="10" bec="0" bev="0" fileid="63" />
            </Method>
            <Method visited="true" cyclomaticComplexity="1" nPathComplexity="0" sequenceCoverage="100" branchCoverage="100" crapScore="1" isConstructor="false" isStatic="false" isGetter="false" isSetter="false">
              <Summary numSequencePoints="3" visitedSequencePoints="3" numBranchPoints="1" visitedBranchPoints="1" sequenceCoverage="100" branchCoverage="100" maxCyclomaticComplexity="1" minCyclomaticComplexity="1" maxCrapScore="1" minCrapScore="1" visitedClasses="0" numClasses="0" visitedMethods="1" numMethods="1" />
              <MetadataToken>100663303</MetadataToken>
              <Name>System.Object[] ProjetoLoterica.Infra.Data.Features.Apostas.ApostaRepository::Take(ProjetoLoterica.Dominio.Features.Apostas.Aposta)</Name>
              <FileRef uid="63" />
              <SequencePoints>
                <SequencePoint vc="1" uspid="215" ordinal="0" offset="0" sl="53" sc="9" el="53" ec="10" bec="0" bev="0" fileid="63" />
                <SequencePoint vc="1" uspid="216" ordinal="1" offset="1" sl="54" sc="13" el="60" ec="15" bec="0" bev="0" fileid="63" />
                <SequencePoint vc="1" uspid="217" ordinal="2" offset="98" sl="61" sc="9" el="61" ec="10" bec="0" bev="0" fileid="63" />
              </SequencePoints>
              <BranchPoints />
              <MethodPoint xsi:type="SequencePoint" vc="1" uspid="215" ordinal="0" offset="0" sl="53" sc="9" el="53" ec="10" bec="0" bev="0" fileid="63" />
            </Method>
            <Method visited="false" cyclomaticComplexity="1" nPathComplexity="0" sequenceCoverage="0" branchCoverage="0" crapScore="2" isConstructor="true" isStatic="false" isGetter="false" isSetter="false">
              <Summary numSequencePoints="0" visitedSequencePoints="0" numBranchPoints="0" visitedBranchPoints="0" sequenceCoverage="0" branchCoverage="0" maxCyclomaticComplexity="1" minCyclomaticComplexity="1" maxCrapScore="2" minCrapScore="2" visitedClasses="0" numClasses="0" visitedMethods="0" numMethods="0" />
              <MetadataToken>100663304</MetadataToken>
              <Name>System.Void ProjetoLoterica.Infra.Data.Features.Apostas.ApostaRepository::.ctor()</Name>
              <SequencePoints />
              <BranchPoints />
              <MethodPoint vc="0" uspid="218" ordinal="0" offset="0" />
            </Method>
          </Methods>
        </Class>
      </Classes>
    </Module>
    <Module hash="2C-E8-E7-1E-14-28-8D-62-A2-13-4E-F5-53-47-D2-87-DA-E1-62-67">
      <Summary numSequencePoints="91" visitedSequencePoints="51" numBranchPoints="28" visitedBranchPoints="13" sequenceCoverage="56.04" branchCoverage="46.43" maxCyclomaticComplexity="7" minCyclomaticComplexity="1" maxCrapScore="20" minCrapScore="1" visitedClasses="1" numClasses="1" visitedMethods="5" numMethods="8" />
      <ModulePath>C:\Users\lucas.costa\Desktop\Academia\Dupla5\projeto-loterica\ProjetoLoterica.Infra.Data.Teste\bin\Debug\ProjetoLoterica.Infra.dll</ModulePath>
      <ModuleTime>2018-05-14T19:48:46.836629Z</ModuleTime>
      <ModuleName>ProjetoLoterica.Infra</ModuleName>
      <Files>
        <File uid="89" fullPath="C:\Users\lucas.costa\Desktop\Academia\Dupla5\projeto-loterica\ProjetoLoterica.Infra\Db.cs" />
      </Files>
      <Classes>
        <Class>
          <Summary numSequencePoints="91" visitedSequencePoints="51" numBranchPoints="28" visitedBranchPoints="13" sequenceCoverage="56.04" branchCoverage="46.43" maxCyclomaticComplexity="7" minCyclomaticComplexity="1" maxCrapScore="20" minCrapScore="1" visitedClasses="1" numClasses="1" visitedMethods="5" numMethods="8" />
          <FullName>ProjetoLoterica.Infra.Db</FullName>
          <Methods>
            <Method visited="false" cyclomaticComplexity="4" nPathComplexity="2" sequenceCoverage="0" branchCoverage="0" crapScore="20" isConstructor="false" isStatic="true" isGetter="false" isSetter="false">
              <Summary numSequencePoints="16" visitedSequencePoints="0" numBranchPoints="3" visitedBranchPoints="0" sequenceCoverage="0" branchCoverage="0" maxCyclomaticComplexity="4" minCyclomaticComplexity="4" maxCrapScore="20" minCrapScore="20" visitedClasses="0" numClasses="0" visitedMethods="0" numMethods="1" />
              <MetadataToken>100663297</MetadataToken>
              <Name>T ProjetoLoterica.Infra.Db::Get(System.String,System.Func`2&lt;System.Data.IDataReader,T&gt;,System.Object[])</Name>
              <FileRef uid="89" />
              <SequencePoints>
                <SequencePoint vc="0" uspid="257" ordinal="0" offset="0" sl="30" sc="9" el="30" ec="10" bec="0" bev="0" fileid="89" />
                <SequencePoint vc="0" uspid="258" ordinal="1" offset="1" sl="31" sc="20" el="31" ec="63" bec="0" bev="0" fileid="89" />
                <SequencePoint vc="0" uspid="259" ordinal="2" offset="12" sl="32" sc="13" el="32" ec="14" bec="0" bev="0" fileid="89" />
                <SequencePoint vc="0" uspid="260" ordinal="3" offset="13" sl="33" sc="17" el="33" ec="64" bec="0" bev="0" fileid="89" />
                <SequencePoint vc="0" uspid="261" ordinal="4" offset="25" sl="35" sc="24" el="35" ec="61" bec="0" bev="0" fileid="89" />
                <SequencePoint vc="0" uspid="262" ordinal="5" offset="36" sl="36" sc="17" el="36" ec="18" bec="0" bev="0" fileid="89" />
                <SequencePoint vc="0" uspid="263" ordinal="6" offset="37" sl="37" sc="21" el="37" ec="53" bec="0" bev="0" fileid="89" />
                <SequencePoint vc="0" uspid="264" ordinal="7" offset="45" sl="38" sc="21" el="38" ec="47" bec="0" bev="0" fileid="89" />
                <SequencePoint vc="0" uspid="265" ordinal="8" offset="53" sl="39" sc="21" el="39" ec="50" bec="0" bev="0" fileid="89" />
                <SequencePoint vc="0" uspid="266" ordinal="9" offset="61" sl="41" sc="21" el="41" ec="39" bec="0" bev="0" fileid="89" />
                <SequencePoint vc="0" uspid="267" ordinal="10" offset="68" sl="43" sc="21" el="43" ec="38" bec="0" bev="0" fileid="89" />
                <SequencePoint vc="0" uspid="268" ordinal="11" offset="76" sl="44" sc="21" el="44" ec="58" bec="0" bev="0" fileid="89" />
                <SequencePoint vc="0" uspid="269" ordinal="12" offset="83" sl="45" sc="21" el="45" ec="39" bec="2" bev="0" fileid="89" />
                <SequencePoint vc="0" uspid="270" ordinal="13" offset="95" sl="46" sc="25" el="46" ec="42" bec="0" bev="0" fileid="89" />
                <SequencePoint vc="0" uspid="271" ordinal="14" offset="103" sl="48" sc="21" el="48" ec="30" bec="0" bev="0" fileid="89" />
                <SequencePoint vc="0" uspid="272" ordinal="15" offset="130" sl="51" sc="9" el="51" ec="10" bec="0" bev="0" fileid="89" />
              </SequencePoints>
              <BranchPoints>
                <BranchPoint vc="0" uspid="273" ordinal="0" offset="93" sl="45" path="0" offsetend="95" fileid="89" />
                <BranchPoint vc="0" uspid="274" ordinal="1" offset="93" sl="45" path="1" offsetend="103" fileid="89" />
              </BranchPoints>
              <MethodPoint xsi:type="SequencePoint" vc="0" uspid="257" ordinal="0" offset="0" sl="30" sc="9" el="30" ec="10" bec="0" bev="0" fileid="89" />
            </Method>
            <Method visited="false" cyclomaticComplexity="4" nPathComplexity="2" sequenceCoverage="0" branchCoverage="0" crapScore="20" isConstructor="false" isStatic="true" isGetter="false" isSetter="false">
              <Summary numSequencePoints="16" visitedSequencePoints="0" numBranchPoints="3" visitedBranchPoints="0" sequenceCoverage="0" branchCoverage="0" maxCyclomaticComplexity="4" minCyclomaticComplexity="4" maxCrapScore="20" minCrapScore="20" visitedClasses="0" numClasses="0" visitedMethods="0" numMethods="1" />
              <MetadataToken>100663298</MetadataToken>
              <Name>System.Collections.Generic.List`1&lt;T&gt; ProjetoLoterica.Infra.Db::GetAll(System.String,System.Func`2&lt;System.Data.IDataReader,T&gt;,System.Object[])</Name>
              <FileRef uid="89" />
              <SequencePoints>
                <SequencePoint vc="0" uspid="275" ordinal="0" offset="0" sl="62" sc="9" el="62" ec="10" bec="0" bev="0" fileid="89" />
                <SequencePoint vc="0" uspid="276" ordinal="1" offset="1" sl="63" sc="20" el="63" ec="63" bec="0" bev="0" fileid="89" />
                <SequencePoint vc="0" uspid="277" ordinal="2" offset="12" sl="64" sc="13" el="64" ec="14" bec="0" bev="0" fileid="89" />
                <SequencePoint vc="0" uspid="278" ordinal="3" offset="13" sl="65" sc="17" el="65" ec="64" bec="0" bev="0" fileid="89" />
                <SequencePoint vc="0" uspid="279" ordinal="4" offset="25" sl="67" sc="24" el="67" ec="61" bec="0" bev="0" fileid="89" />
                <SequencePoint vc="0" uspid="280" ordinal="5" offset="36" sl="68" sc="17" el="68" ec="18" bec="0" bev="0" fileid="89" />
                <SequencePoint vc="0" uspid="281" ordinal="6" offset="37" sl="69" sc="21" el="69" ec="53" bec="0" bev="0" fileid="89" />
                <SequencePoint vc="0" uspid="282" ordinal="7" offset="45" sl="70" sc="21" el="70" ec="47" bec="0" bev="0" fileid="89" />
                <SequencePoint vc="0" uspid="283" ordinal="8" offset="53" sl="71" sc="21" el="71" ec="50" bec="0" bev="0" fileid="89" />
                <SequencePoint vc="0" uspid="284" ordinal="9" offset="61" sl="73" sc="21" el="73" ec="39" bec="0" bev="0" fileid="89" />
                <SequencePoint vc="0" uspid="285" ordinal="10" offset="68" sl="75" sc="21" el="75" ec="46" bec="0" bev="0" fileid="89" />
                <SequencePoint vc="0" uspid="286" ordinal="11" offset="74" sl="76" sc="21" el="76" ec="58" bec="0" bev="0" fileid="89" />
                <SequencePoint vc="0" uspid="287" ordinal="12" offset="83" sl="79" sc="25" el="79" ec="48" bec="0" bev="0" fileid="89" />
                <SequencePoint vc="0" uspid="288" ordinal="13" offset="97" sl="78" sc="21" el="78" ec="42" bec="2" bev="0" fileid="89" />
                <SequencePoint vc="0" uspid="289" ordinal="14" offset="109" sl="81" sc="21" el="81" ec="33" bec="0" bev="0" fileid="89" />
                <SequencePoint vc="0" uspid="290" ordinal="15" offset="136" sl="84" sc="9" el="84" ec="10" bec="0" bev="0" fileid="89" />
              </SequencePoints>
              <BranchPoints>
                <BranchPoint vc="0" uspid="291" ordinal="0" offset="107" sl="78" path="0" offsetend="109" fileid="89" />
                <BranchPoint vc="0" uspid="292" ordinal="1" offset="107" sl="78" path="1" offsetend="83" fileid="89" />
              </BranchPoints>
              <MethodPoint xsi:type="SequencePoint" vc="0" uspid="275" ordinal="0" offset="0" sl="62" sc="9" el="62" ec="10" bec="0" bev="0" fileid="89" />
            </Method>
            <Method visited="true" cyclomaticComplexity="3" nPathComplexity="0" sequenceCoverage="100" branchCoverage="100" crapScore="3" isConstructor="false" isStatic="true" isGetter="false" isSetter="false">
              <Summary numSequencePoints="12" visitedSequencePoints="12" numBranchPoints="1" visitedBranchPoints="1" sequenceCoverage="100" branchCoverage="100" maxCyclomaticComplexity="3" minCyclomaticComplexity="3" maxCrapScore="3" minCrapScore="3" visitedClasses="0" numClasses="0" visitedMethods="1" numMethods="1" />
              <MetadataToken>100663299</MetadataToken>
              <Name>System.Int64 ProjetoLoterica.Infra.Db::Insert(System.String,System.Object[])</Name>
              <FileRef uid="89" />
              <SequencePoints>
                <SequencePoint vc="7" uspid="293" ordinal="0" offset="0" sl="93" sc="9" el="93" ec="10" bec="0" bev="0" fileid="89" />
                <SequencePoint vc="7" uspid="294" ordinal="1" offset="1" sl="94" sc="20" el="94" ec="63" bec="0" bev="0" fileid="89" />
                <SequencePoint vc="7" uspid="295" ordinal="2" offset="12" sl="95" sc="13" el="95" ec="14" bec="0" bev="0" fileid="89" />
                <SequencePoint vc="7" uspid="296" ordinal="3" offset="13" sl="96" sc="17" el="96" ec="64" bec="0" bev="0" fileid="89" />
                <SequencePoint vc="7" uspid="297" ordinal="4" offset="25" sl="98" sc="24" el="98" ec="61" bec="0" bev="0" fileid="89" />
                <SequencePoint vc="7" uspid="298" ordinal="5" offset="36" sl="99" sc="17" el="99" ec="18" bec="0" bev="0" fileid="89" />
                <SequencePoint vc="7" uspid="299" ordinal="6" offset="37" sl="100" sc="21" el="100" ec="53" bec="0" bev="0" fileid="89" />
                <SequencePoint vc="7" uspid="300" ordinal="7" offset="45" sl="101" sc="21" el="101" ec="50" bec="0" bev="0" fileid="89" />
                <SequencePoint vc="7" uspid="301" ordinal="8" offset="53" sl="102" sc="21" el="102" ec="70" bec="0" bev="0" fileid="89" />
                <SequencePoint vc="7" uspid="302" ordinal="9" offset="66" sl="104" sc="21" el="104" ec="39" bec="0" bev="0" fileid="89" />
                <SequencePoint vc="7" uspid="303" ordinal="10" offset="73" sl="105" sc="21" el="105" ec="69" bec="0" bev="0" fileid="89" />
                <SequencePoint vc="7" uspid="304" ordinal="11" offset="110" sl="108" sc="9" el="108" ec="10" bec="0" bev="0" fileid="89" />
              </SequencePoints>
              <BranchPoints />
              <MethodPoint xsi:type="SequencePoint" vc="7" uspid="293" ordinal="0" offset="0" sl="93" sc="9" el="93" ec="10" bec="0" bev="0" fileid="89" />
            </Method>
            <Method visited="true" cyclomaticComplexity="3" nPathComplexity="0" sequenceCoverage="100" branchCoverage="100" crapScore="3" isConstructor="false" isStatic="true" isGetter="false" isSetter="false">
              <Summary numSequencePoints="14" visitedSequencePoints="14" numBranchPoints="1" visitedBranchPoints="1" sequenceCoverage="100" branchCoverage="100" maxCyclomaticComplexity="3" minCyclomaticComplexity="3" maxCrapScore="3" minCrapScore="3" visitedClasses="0" numClasses="0" visitedMethods="1" numMethods="1" />
              <MetadataToken>100663300</MetadataToken>
              <Name>System.Void ProjetoLoterica.Infra.Db::Update(System.String,System.Object[])</Name>
              <FileRef uid="89" />
              <SequencePoints>
                <SequencePoint vc="8" uspid="305" ordinal="0" offset="0" sl="116" sc="9" el="116" ec="10" bec="0" bev="0" fileid="89" />
                <SequencePoint vc="8" uspid="306" ordinal="1" offset="1" sl="117" sc="20" el="117" ec="63" bec="0" bev="0" fileid="89" />
                <SequencePoint vc="8" uspid="307" ordinal="2" offset="12" sl="118" sc="13" el="118" ec="14" bec="0" bev="0" fileid="89" />
                <SequencePoint vc="8" uspid="308" ordinal="3" offset="13" sl="119" sc="17" el="119" ec="64" bec="0" bev="0" fileid="89" />
                <SequencePoint vc="8" uspid="309" ordinal="4" offset="25" sl="121" sc="24" el="121" ec="61" bec="0" bev="0" fileid="89" />
                <SequencePoint vc="8" uspid="310" ordinal="5" offset="36" sl="122" sc="17" el="122" ec="18" bec="0" bev="0" fileid="89" />
                <SequencePoint vc="8" uspid="311" ordinal="6" offset="37" sl="123" sc="21" el="123" ec="53" bec="0" bev="0" fileid="89" />
                <SequencePoint vc="8" uspid="312" ordinal="7" offset="45" sl="124" sc="21" el="124" ec="47" bec="0" bev="0" fileid="89" />
                <SequencePoint vc="8" uspid="313" ordinal="8" offset="53" sl="125" sc="21" el="125" ec="50" bec="0" bev="0" fileid="89" />
                <SequencePoint vc="8" uspid="314" ordinal="9" offset="61" sl="127" sc="21" el="127" ec="39" bec="0" bev="0" fileid="89" />
                <SequencePoint vc="8" uspid="315" ordinal="10" offset="68" sl="128" sc="21" el="128" ec="47" bec="0" bev="0" fileid="89" />
                <SequencePoint vc="8" uspid="316" ordinal="11" offset="75" sl="129" sc="17" el="129" ec="18" bec="0" bev="0" fileid="89" />
                <SequencePoint vc="8" uspid="317" ordinal="12" offset="89" sl="130" sc="13" el="130" ec="14" bec="0" bev="0" fileid="89" />
                <SequencePoint vc="8" uspid="318" ordinal="13" offset="103" sl="131" sc="9" el="131" ec="10" bec="0" bev="0" fileid="89" />
              </SequencePoints>
              <BranchPoints />
              <MethodPoint xsi:type="SequencePoint" vc="8" uspid="305" ordinal="0" offset="0" sl="116" sc="9" el="116" ec="10" bec="0" bev="0" fileid="89" />
            </Method>
            <Method visited="false" cyclomaticComplexity="1" nPathComplexity="0" sequenceCoverage="0" branchCoverage="0" crapScore="2" isConstructor="false" isStatic="true" isGetter="false" isSetter="false">
              <Summary numSequencePoints="3" visitedSequencePoints="0" numBranchPoints="1" visitedBranchPoints="0" sequenceCoverage="0" branchCoverage="0" maxCyclomaticComplexity="1" minCyclomaticComplexity="1" maxCrapScore="2" minCrapScore="2" visitedClasses="0" numClasses="0" visitedMethods="0" numMethods="1" />
              <MetadataToken>100663301</MetadataToken>
              <Name>System.Void ProjetoLoterica.Infra.Db::Delete(System.String,System.Object[])</Name>
              <FileRef uid="89" />
              <SequencePoints>
                <SequencePoint vc="0" uspid="319" ordinal="0" offset="0" sl="139" sc="9" el="139" ec="10" bec="0" bev="0" fileid="89" />
                <SequencePoint vc="0" uspid="320" ordinal="1" offset="1" sl="140" sc="13" el="140" ec="32" bec="0" bev="0" fileid="89" />
                <SequencePoint vc="0" uspid="321" ordinal="2" offset="9" sl="141" sc="9" el="141" ec="10" bec="0" bev="0" fileid="89" />
              </SequencePoints>
              <BranchPoints />
              <MethodPoint xsi:type="SequencePoint" vc="0" uspid="319" ordinal="0" offset="0" sl="139" sc="9" el="139" ec="10" bec="0" bev="0" fileid="89" />
            </Method>
            <Method visited="true" cyclomaticComplexity="5" nPathComplexity="16" sequenceCoverage="50" branchCoverage="33.33" crapScore="8.12" isConstructor="false" isStatic="true" isGetter="false" isSetter="false">
              <Summary numSequencePoints="8" visitedSequencePoints="4" numBranchPoints="9" visitedBranchPoints="3" sequenceCoverage="50" branchCoverage="33.33" maxCyclomaticComplexity="5" minCyclomaticComplexity="5" maxCrapScore="8.12" minCrapScore="8.12" visitedClasses="0" numClasses="0" visitedMethods="1" numMethods="1" />
              <MetadataToken>100663302</MetadataToken>
              <Name>System.String ProjetoLoterica.Infra.Db::AppendIdentitySelect(System.String)</Name>
              <FileRef uid="89" />
              <SequencePoints>
                <SequencePoint vc="7" uspid="322" ordinal="0" offset="0" sl="151" sc="9" el="151" ec="10" bec="0" bev="0" fileid="89" />
                <SequencePoint vc="7" uspid="323" ordinal="1" offset="1" sl="152" sc="13" el="152" ec="34" bec="8" bev="2" fileid="89" />
                <SequencePoint vc="0" uspid="324" ordinal="2" offset="61" sl="155" sc="43" el="155" ec="54" bec="0" bev="0" fileid="89" />
                <SequencePoint vc="7" uspid="325" ordinal="3" offset="65" sl="156" sc="47" el="156" ec="87" bec="0" bev="0" fileid="89" />
                <SequencePoint vc="0" uspid="326" ordinal="4" offset="79" sl="157" sc="50" el="157" ec="102" bec="0" bev="0" fileid="89" />
                <SequencePoint vc="0" uspid="327" ordinal="5" offset="93" sl="158" sc="53" el="158" ec="86" bec="0" bev="0" fileid="89" />
                <SequencePoint vc="0" uspid="328" ordinal="6" offset="107" sl="159" sc="26" el="159" ec="60" bec="0" bev="0" fileid="89" />
                <SequencePoint vc="7" uspid="329" ordinal="7" offset="121" sl="161" sc="9" el="161" ec="10" bec="0" bev="0" fileid="89" />
              </SequencePoints>
              <BranchPoints>
                <BranchPoint vc="7" uspid="330" ordinal="0" offset="18" sl="152" path="0" offsetend="20" fileid="89" />
                <BranchPoint vc="0" uspid="331" ordinal="1" offset="18" sl="152" path="1" offsetend="61" fileid="89" />
                <BranchPoint vc="0" uspid="332" ordinal="2" offset="31" sl="152" path="0" offsetend="33" fileid="89" />
                <BranchPoint vc="7" uspid="333" ordinal="3" offset="31" sl="152" path="1" offsetend="65" fileid="89" />
                <BranchPoint vc="0" uspid="334" ordinal="4" offset="44" sl="152" path="0" offsetend="46" fileid="89" />
                <BranchPoint vc="0" uspid="335" ordinal="5" offset="44" sl="152" path="1" offsetend="79" fileid="89" />
                <BranchPoint vc="0" uspid="336" ordinal="6" offset="57" sl="152" path="0" offsetchain="59" offsetend="107" fileid="89" />
                <BranchPoint vc="0" uspid="337" ordinal="7" offset="57" sl="152" path="1" offsetend="93" fileid="89" />
              </BranchPoints>
              <MethodPoint xsi:type="SequencePoint" vc="7" uspid="322" ordinal="0" offset="0" sl="151" sc="9" el="151" ec="10" bec="0" bev="0" fileid="89" />
            </Method>
            <Method visited="true" cyclomaticComplexity="7" nPathComplexity="16" sequenceCoverage="94.44" branchCoverage="77.78" crapScore="7.01" isConstructor="false" isStatic="true" isGetter="false" isSetter="false">
              <Summary numSequencePoints="18" visitedSequencePoints="17" numBranchPoints="9" visitedBranchPoints="7" sequenceCoverage="94.44" branchCoverage="77.78" maxCyclomaticComplexity="7" minCyclomaticComplexity="7" maxCrapScore="7.01" minCrapScore="7.01" visitedClasses="0" numClasses="0" visitedMethods="1" numMethods="1" />
              <MetadataToken>100663303</MetadataToken>
              <Name>System.Void ProjetoLoterica.Infra.Db::SetParameters(System.Data.Common.DbCommand,System.Object[])</Name>
              <FileRef uid="89" />
              <SequencePoints>
                <SequencePoint vc="15" uspid="338" ordinal="0" offset="0" sl="169" sc="9" el="169" ec="10" bec="0" bev="0" fileid="89" />
                <SequencePoint vc="15" uspid="339" ordinal="1" offset="1" sl="170" sc="13" el="170" ec="51" bec="2" bev="2" fileid="89" />
                <SequencePoint vc="7" uspid="340" ordinal="2" offset="19" sl="171" sc="13" el="171" ec="14" bec="0" bev="0" fileid="89" />
                <SequencePoint vc="7" uspid="341" ordinal="3" offset="20" sl="172" sc="22" el="172" ec="31" bec="0" bev="0" fileid="89" />
                <SequencePoint vc="16" uspid="342" ordinal="4" offset="24" sl="173" sc="17" el="173" ec="18" bec="0" bev="0" fileid="89" />
                <SequencePoint vc="16" uspid="343" ordinal="5" offset="25" sl="174" sc="21" el="174" ec="55" bec="0" bev="0" fileid="89" />
                <SequencePoint vc="16" uspid="344" ordinal="6" offset="34" sl="176" sc="21" el="176" ec="78" bec="2" bev="1" fileid="89" />
                <SequencePoint vc="0" uspid="345" ordinal="7" offset="75" sl="177" sc="25" el="177" ec="45" bec="0" bev="0" fileid="89" />
                <SequencePoint vc="16" uspid="346" ordinal="8" offset="81" sl="179" sc="21" el="179" ec="65" bec="2" bev="1" fileid="89" />
                <SequencePoint vc="16" uspid="347" ordinal="9" offset="96" sl="181" sc="21" el="181" ec="65" bec="0" bev="0" fileid="89" />
                <SequencePoint vc="16" uspid="348" ordinal="10" offset="104" sl="182" sc="21" el="182" ec="54" bec="0" bev="0" fileid="89" />
                <SequencePoint vc="16" uspid="349" ordinal="11" offset="113" sl="183" sc="21" el="183" ec="47" bec="0" bev="0" fileid="89" />
                <SequencePoint vc="16" uspid="350" ordinal="12" offset="122" sl="185" sc="21" el="185" ec="57" bec="0" bev="0" fileid="89" />
                <SequencePoint vc="16" uspid="351" ordinal="13" offset="136" sl="186" sc="17" el="186" ec="18" bec="0" bev="0" fileid="89" />
                <SequencePoint vc="16" uspid="352" ordinal="14" offset="137" sl="172" sc="51" el="172" ec="57" bec="0" bev="0" fileid="89" />
                <SequencePoint vc="23" uspid="353" ordinal="15" offset="141" sl="172" sc="33" el="172" ec="49" bec="2" bev="2" fileid="89" />
                <SequencePoint vc="7" uspid="354" ordinal="16" offset="156" sl="187" sc="13" el="187" ec="14" bec="0" bev="0" fileid="89" />
                <SequencePoint vc="15" uspid="355" ordinal="17" offset="157" sl="188" sc="9" el="188" ec="10" bec="0" bev="0" fileid="89" />
              </SequencePoints>
              <BranchPoints>
                <BranchPoint vc="7" uspid="358" ordinal="2" offset="14" sl="170" path="0" offsetend="19" fileid="89" />
                <BranchPoint vc="8" uspid="359" ordinal="3" offset="14" sl="170" path="1" offsetend="157" fileid="89" />
                <BranchPoint vc="0" uspid="362" ordinal="6" offset="73" sl="176" path="0" offsetend="75" fileid="89" />
                <BranchPoint vc="16" uspid="363" ordinal="7" offset="73" sl="176" path="1" offsetend="81" fileid="89" />
                <BranchPoint vc="0" uspid="364" ordinal="8" offset="87" sl="179" path="0" offsetend="89" fileid="89" />
                <BranchPoint vc="16" uspid="365" ordinal="9" offset="87" sl="179" path="1" offsetend="95" fileid="89" />
                <BranchPoint vc="7" uspid="366" ordinal="10" offset="151" sl="172" path="0" offsetend="156" fileid="89" />
                <BranchPoint vc="16" uspid="367" ordinal="11" offset="151" sl="172" path="1" offsetend="24" fileid="89" />
              </BranchPoints>
              <MethodPoint xsi:type="SequencePoint" vc="15" uspid="338" ordinal="0" offset="0" sl="169" sc="9" el="169" ec="10" bec="0" bev="0" fileid="89" />
            </Method>
            <Method visited="true" cyclomaticComplexity="1" nPathComplexity="0" sequenceCoverage="100" branchCoverage="100" crapScore="1" isConstructor="true" isStatic="true" isGetter="false" isSetter="false">
              <Summary numSequencePoints="4" visitedSequencePoints="4" numBranchPoints="1" visitedBranchPoints="1" sequenceCoverage="100" branchCoverage="100" maxCyclomaticComplexity="1" minCyclomaticComplexity="1" maxCrapScore="1" minCrapScore="1" visitedClasses="0" numClasses="0" visitedMethods="1" numMethods="1" />
              <MetadataToken>100663304</MetadataToken>
              <Name>System.Void ProjetoLoterica.Infra.Db::.cctor()</Name>
              <FileRef uid="89" />
              <SequencePoints>
                <SequencePoint vc="1" uspid="368" ordinal="0" offset="0" sl="14" sc="9" el="14" ec="108" bec="0" bev="0" fileid="89" />
                <SequencePoint vc="1" uspid="369" ordinal="1" offset="20" sl="15" sc="9" el="15" ec="106" bec="0" bev="0" fileid="89" />
                <SequencePoint vc="1" uspid="370" ordinal="2" offset="35" sl="17" sc="9" el="17" ec="124" bec="0" bev="0" fileid="89" />
                <SequencePoint vc="1" uspid="371" ordinal="3" offset="55" sl="18" sc="9" el="18" ec="137" bec="0" bev="0" fileid="89" />
              </SequencePoints>
              <BranchPoints />
              <MethodPoint xsi:type="SequencePoint" vc="1" uspid="368" ordinal="0" offset="0" sl="14" sc="9" el="14" ec="108" bec="0" bev="0" fileid="89" />
            </Method>
          </Methods>
        </Class>
      </Classes>
    </Module>
  </Modules>
</CoverageSession>