<?xml version="1.0" encoding="utf-8"?>
<CoverageSession xmlns:xsd="http://www.w3.org/2001/XMLSchema" xmlns:xsi="http://www.w3.org/2001/XMLSchema-instance" Version="4.6.0.0">
  <Summary numSequencePoints="25" visitedSequencePoints="16" numBranchPoints="19" visitedBranchPoints="15" sequenceCoverage="64" branchCoverage="78.95" maxCyclomaticComplexity="8" minCyclomaticComplexity="1" maxCrapScore="8" minCrapScore="2" visitedClasses="1" numClasses="2" visitedMethods="1" numMethods="3" />
  <Modules>
    <Module hash="D9-6D-E8-5E-46-88-45-E0-C8-E0-A1-6C-40-4D-13-DA-DA-ED-22-A4">
      <Summary numSequencePoints="25" visitedSequencePoints="16" numBranchPoints="19" visitedBranchPoints="15" sequenceCoverage="64" branchCoverage="78.95" maxCyclomaticComplexity="8" minCyclomaticComplexity="1" maxCrapScore="8" minCrapScore="2" visitedClasses="1" numClasses="2" visitedMethods="1" numMethods="3" />
      <ModulePath>C:\Users\felip\Google Drive\Academia\BibliotecaRosangela\Biblioteca\Biblioteca.Domain.Tests\bin\Debug\Biblioteca.Domain.dll</ModulePath>
      <ModuleTime>2018-05-26T02:21:22.0229464Z</ModuleTime>
      <ModuleName>Biblioteca.Domain</ModuleName>
      <Files>
        <File uid="1" fullPath="C:\Users\felip\Google Drive\Academia\BibliotecaRosangela\Biblioteca\Biblioteca.Domain\Features\Books\Book.cs" />
        <File uid="13" fullPath="C:\Users\felip\Google Drive\Academia\BibliotecaRosangela\Biblioteca\Biblioteca.Domain\Base\Entity.cs" />
      </Files>
      <Classes>
        <Class>
          <Summary numSequencePoints="16" visitedSequencePoints="16" numBranchPoints="15" visitedBranchPoints="15" sequenceCoverage="100" branchCoverage="100" maxCyclomaticComplexity="8" minCyclomaticComplexity="1" maxCrapScore="8" minCrapScore="2" visitedClasses="1" numClasses="1" visitedMethods="1" numMethods="1" />
          <FullName>Biblioteca.Domain.Features.Books.Book</FullName>
          <Methods>
            <Method skippedDueTo="AutoImplementedProperty" visited="false" cyclomaticComplexity="1" nPathComplexity="0" sequenceCoverage="0" branchCoverage="0" crapScore="0" isConstructor="false" isStatic="false" isGetter="true" isSetter="false">
              <MetadataToken>100663297</MetadataToken>
              <Name>System.String Biblioteca.Domain.Features.Books.Book::get_Title()</Name>
              <FileRef uid="1" />
              <SequencePoints />
              <BranchPoints />
            </Method>
            <Method skippedDueTo="AutoImplementedProperty" visited="false" cyclomaticComplexity="1" nPathComplexity="0" sequenceCoverage="0" branchCoverage="0" crapScore="0" isConstructor="false" isStatic="false" isGetter="false" isSetter="true">
              <MetadataToken>100663298</MetadataToken>
              <Name>System.Void Biblioteca.Domain.Features.Books.Book::set_Title(System.String)</Name>
              <FileRef uid="1" />
              <SequencePoints />
              <BranchPoints />
            </Method>
            <Method skippedDueTo="AutoImplementedProperty" visited="false" cyclomaticComplexity="1" nPathComplexity="0" sequenceCoverage="0" branchCoverage="0" crapScore="0" isConstructor="false" isStatic="false" isGetter="true" isSetter="false">
              <MetadataToken>100663299</MetadataToken>
              <Name>System.String Biblioteca.Domain.Features.Books.Book::get_Author()</Name>
              <FileRef uid="1" />
              <SequencePoints />
              <BranchPoints />
            </Method>
            <Method skippedDueTo="AutoImplementedProperty" visited="false" cyclomaticComplexity="1" nPathComplexity="0" sequenceCoverage="0" branchCoverage="0" crapScore="0" isConstructor="false" isStatic="false" isGetter="false" isSetter="true">
              <MetadataToken>100663300</MetadataToken>
              <Name>System.Void Biblioteca.Domain.Features.Books.Book::set_Author(System.String)</Name>
              <FileRef uid="1" />
              <SequencePoints />
              <BranchPoints />
            </Method>
            <Method skippedDueTo="AutoImplementedProperty" visited="false" cyclomaticComplexity="1" nPathComplexity="0" sequenceCoverage="0" branchCoverage="0" crapScore="0" isConstructor="false" isStatic="false" isGetter="true" isSetter="false">
              <MetadataToken>100663301</MetadataToken>
              <Name>System.String Biblioteca.Domain.Features.Books.Book::get_Theme()</Name>
              <FileRef uid="1" />
              <SequencePoints />
              <BranchPoints />
            </Method>
            <Method skippedDueTo="AutoImplementedProperty" visited="false" cyclomaticComplexity="1" nPathComplexity="0" sequenceCoverage="0" branchCoverage="0" crapScore="0" isConstructor="false" isStatic="false" isGetter="false" isSetter="true">
              <MetadataToken>100663302</MetadataToken>
              <Name>System.Void Biblioteca.Domain.Features.Books.Book::set_Theme(System.String)</Name>
              <FileRef uid="1" />
              <SequencePoints />
              <BranchPoints />
            </Method>
            <Method skippedDueTo="AutoImplementedProperty" visited="false" cyclomaticComplexity="1" nPathComplexity="0" sequenceCoverage="0" branchCoverage="0" crapScore="0" isConstructor="false" isStatic="false" isGetter="true" isSetter="false">
              <MetadataToken>100663303</MetadataToken>
              <Name>System.Int32 Biblioteca.Domain.Features.Books.Book::get_Volume()</Name>
              <FileRef uid="1" />
              <SequencePoints />
              <BranchPoints />
            </Method>
            <Method skippedDueTo="AutoImplementedProperty" visited="false" cyclomaticComplexity="1" nPathComplexity="0" sequenceCoverage="0" branchCoverage="0" crapScore="0" isConstructor="false" isStatic="false" isGetter="false" isSetter="true">
              <MetadataToken>100663304</MetadataToken>
              <Name>System.Void Biblioteca.Domain.Features.Books.Book::set_Volume(System.Int32)</Name>
              <FileRef uid="1" />
              <SequencePoints />
              <BranchPoints />
            </Method>
            <Method skippedDueTo="AutoImplementedProperty" visited="false" cyclomaticComplexity="1" nPathComplexity="0" sequenceCoverage="0" branchCoverage="0" crapScore="0" isConstructor="false" isStatic="false" isGetter="true" isSetter="false">
              <MetadataToken>100663305</MetadataToken>
              <Name>System.DateTime Biblioteca.Domain.Features.Books.Book::get_Publication()</Name>
              <FileRef uid="1" />
              <SequencePoints />
              <BranchPoints />
            </Method>
            <Method skippedDueTo="AutoImplementedProperty" visited="false" cyclomaticComplexity="1" nPathComplexity="0" sequenceCoverage="0" branchCoverage="0" crapScore="0" isConstructor="false" isStatic="false" isGetter="false" isSetter="true">
              <MetadataToken>100663306</MetadataToken>
              <Name>System.Void Biblioteca.Domain.Features.Books.Book::set_Publication(System.DateTime)</Name>
              <FileRef uid="1" />
              <SequencePoints />
              <BranchPoints />
            </Method>
            <Method skippedDueTo="AutoImplementedProperty" visited="false" cyclomaticComplexity="1" nPathComplexity="0" sequenceCoverage="0" branchCoverage="0" crapScore="0" isConstructor="false" isStatic="false" isGetter="true" isSetter="false">
              <MetadataToken>100663307</MetadataToken>
              <Name>System.Boolean Biblioteca.Domain.Features.Books.Book::get_IsAvailable()</Name>
              <FileRef uid="1" />
              <SequencePoints />
              <BranchPoints />
            </Method>
            <Method skippedDueTo="AutoImplementedProperty" visited="false" cyclomaticComplexity="1" nPathComplexity="0" sequenceCoverage="0" branchCoverage="0" crapScore="0" isConstructor="false" isStatic="false" isGetter="false" isSetter="true">
              <MetadataToken>100663308</MetadataToken>
              <Name>System.Void Biblioteca.Domain.Features.Books.Book::set_IsAvailable(System.Boolean)</Name>
              <FileRef uid="1" />
              <SequencePoints />
              <BranchPoints />
            </Method>
            <Method visited="true" cyclomaticComplexity="8" nPathComplexity="128" sequenceCoverage="100" branchCoverage="100" crapScore="8" isConstructor="false" isStatic="false" isGetter="false" isSetter="false">
              <Summary numSequencePoints="16" visitedSequencePoints="16" numBranchPoints="15" visitedBranchPoints="15" sequenceCoverage="100" branchCoverage="100" maxCyclomaticComplexity="8" minCyclomaticComplexity="8" maxCrapScore="8" minCrapScore="8" visitedClasses="0" numClasses="0" visitedMethods="1" numMethods="1" />
              <MetadataToken>100663309</MetadataToken>
              <Name>System.Void Biblioteca.Domain.Features.Books.Book::Validate()</Name>
              <FileRef uid="1" />
              <SequencePoints>
                <SequencePoint vc="8" uspid="1" ordinal="0" offset="0" sl="17" sc="9" el="17" ec="10" bec="0" bev="0" fileid="1" />
                <SequencePoint vc="8" uspid="2" ordinal="1" offset="1" sl="18" sc="13" el="18" ec="45" bec="2" bev="2" fileid="1" />
                <SequencePoint vc="1" uspid="3" ordinal="2" offset="16" sl="19" sc="17" el="19" ec="57" bec="0" bev="0" fileid="1" />
                <SequencePoint vc="7" uspid="4" ordinal="3" offset="22" sl="21" sc="13" el="21" ec="34" bec="2" bev="2" fileid="1" />
                <SequencePoint vc="1" uspid="5" ordinal="4" offset="40" sl="22" sc="17" el="22" ec="50" bec="0" bev="0" fileid="1" />
                <SequencePoint vc="6" uspid="6" ordinal="5" offset="46" sl="24" sc="13" el="24" ec="46" bec="2" bev="2" fileid="1" />
                <SequencePoint vc="1" uspid="7" ordinal="6" offset="61" sl="25" sc="17" el="25" ec="58" bec="0" bev="0" fileid="1" />
                <SequencePoint vc="5" uspid="8" ordinal="7" offset="67" sl="27" sc="13" el="27" ec="35" bec="2" bev="2" fileid="1" />
                <SequencePoint vc="1" uspid="9" ordinal="8" offset="85" sl="28" sc="17" el="28" ec="51" bec="0" bev="0" fileid="1" />
                <SequencePoint vc="4" uspid="10" ordinal="9" offset="91" sl="30" sc="13" el="30" ec="45" bec="2" bev="2" fileid="1" />
                <SequencePoint vc="1" uspid="11" ordinal="10" offset="108" sl="31" sc="17" el="31" ec="57" bec="0" bev="0" fileid="1" />
                <SequencePoint vc="3" uspid="12" ordinal="11" offset="114" sl="33" sc="13" el="33" ec="34" bec="2" bev="2" fileid="1" />
                <SequencePoint vc="1" uspid="13" ordinal="12" offset="134" sl="34" sc="17" el="34" ec="50" bec="0" bev="0" fileid="1" />
                <SequencePoint vc="2" uspid="14" ordinal="13" offset="140" sl="36" sc="13" el="36" ec="29" bec="2" bev="2" fileid="1" />
                <SequencePoint vc="1" uspid="15" ordinal="14" offset="158" sl="37" sc="17" el="37" ec="53" bec="0" bev="0" fileid="1" />
                <SequencePoint vc="1" uspid="16" ordinal="15" offset="164" sl="38" sc="9" el="38" ec="10" bec="0" bev="0" fileid="1" />
              </SequencePoints>
              <BranchPoints>
                <BranchPoint vc="1" uspid="17" ordinal="0" offset="14" sl="18" path="0" offsetend="16" fileid="1" />
                <BranchPoint vc="7" uspid="18" ordinal="1" offset="14" sl="18" path="1" offsetend="22" fileid="1" />
                <BranchPoint vc="1" uspid="19" ordinal="2" offset="38" sl="21" path="0" offsetend="40" fileid="1" />
                <BranchPoint vc="6" uspid="20" ordinal="3" offset="38" sl="21" path="1" offsetend="46" fileid="1" />
                <BranchPoint vc="1" uspid="21" ordinal="4" offset="59" sl="24" path="0" offsetend="61" fileid="1" />
                <BranchPoint vc="5" uspid="22" ordinal="5" offset="59" sl="24" path="1" offsetend="67" fileid="1" />
                <BranchPoint vc="1" uspid="23" ordinal="6" offset="83" sl="27" path="0" offsetend="85" fileid="1" />
                <BranchPoint vc="4" uspid="24" ordinal="7" offset="83" sl="27" path="1" offsetend="91" fileid="1" />
                <BranchPoint vc="1" uspid="25" ordinal="8" offset="106" sl="30" path="0" offsetend="108" fileid="1" />
                <BranchPoint vc="3" uspid="26" ordinal="9" offset="106" sl="30" path="1" offsetend="114" fileid="1" />
                <BranchPoint vc="1" uspid="27" ordinal="10" offset="132" sl="33" path="0" offsetend="134" fileid="1" />
                <BranchPoint vc="2" uspid="28" ordinal="11" offset="132" sl="33" path="1" offsetend="140" fileid="1" />
                <BranchPoint vc="1" uspid="29" ordinal="12" offset="156" sl="36" path="0" offsetend="158" fileid="1" />
                <BranchPoint vc="1" uspid="30" ordinal="13" offset="156" sl="36" path="1" offsetend="164" fileid="1" />
              </BranchPoints>
              <MethodPoint xsi:type="SequencePoint" vc="8" uspid="1" ordinal="0" offset="0" sl="17" sc="9" el="17" ec="10" bec="0" bev="0" fileid="1" />
            </Method>
            <Method visited="false" cyclomaticComplexity="1" nPathComplexity="0" sequenceCoverage="0" branchCoverage="0" crapScore="2" isConstructor="true" isStatic="false" isGetter="false" isSetter="false">
              <Summary numSequencePoints="0" visitedSequencePoints="0" numBranchPoints="0" visitedBranchPoints="0" sequenceCoverage="0" branchCoverage="0" maxCyclomaticComplexity="1" minCyclomaticComplexity="1" maxCrapScore="2" minCrapScore="2" visitedClasses="0" numClasses="0" visitedMethods="0" numMethods="0" />
              <MetadataToken>100663310</MetadataToken>
              <Name>System.Void Biblioteca.Domain.Features.Books.Book::.ctor()</Name>
              <SequencePoints />
              <BranchPoints />
              <MethodPoint vc="0" uspid="31" ordinal="0" offset="0" />
            </Method>
          </Methods>
        </Class>
        <Class>
          <Summary numSequencePoints="9" visitedSequencePoints="0" numBranchPoints="4" visitedBranchPoints="0" sequenceCoverage="0" branchCoverage="0" maxCyclomaticComplexity="2" minCyclomaticComplexity="1" maxCrapScore="6" minCrapScore="2" visitedClasses="0" numClasses="1" visitedMethods="0" numMethods="2" />
          <FullName>Biblioteca.Domain.Base.Entity</FullName>
          <Methods>
            <Method skippedDueTo="AutoImplementedProperty" visited="false" cyclomaticComplexity="1" nPathComplexity="0" sequenceCoverage="0" branchCoverage="0" crapScore="0" isConstructor="false" isStatic="false" isGetter="true" isSetter="false">
              <MetadataToken>100663322</MetadataToken>
              <Name>System.Int32 Biblioteca.Domain.Base.Entity::get_Id()</Name>
              <FileRef uid="13" />
              <SequencePoints />
              <BranchPoints />
            </Method>
            <Method skippedDueTo="AutoImplementedProperty" visited="false" cyclomaticComplexity="1" nPathComplexity="0" sequenceCoverage="0" branchCoverage="0" crapScore="0" isConstructor="false" isStatic="false" isGetter="false" isSetter="true">
              <MetadataToken>100663323</MetadataToken>
              <Name>System.Void Biblioteca.Domain.Base.Entity::set_Id(System.Int32)</Name>
              <FileRef uid="13" />
              <SequencePoints />
              <BranchPoints />
            </Method>
            <Method visited="false" cyclomaticComplexity="1" nPathComplexity="0" sequenceCoverage="0" branchCoverage="0" crapScore="2" isConstructor="false" isStatic="false" isGetter="false" isSetter="false">
              <Summary numSequencePoints="3" visitedSequencePoints="0" numBranchPoints="1" visitedBranchPoints="0" sequenceCoverage="0" branchCoverage="0" maxCyclomaticComplexity="1" minCyclomaticComplexity="1" maxCrapScore="2" minCrapScore="2" visitedClasses="0" numClasses="0" visitedMethods="0" numMethods="1" />
              <MetadataToken>100663325</MetadataToken>
              <Name>System.Int32 Biblioteca.Domain.Base.Entity::GetHashCode()</Name>
              <FileRef uid="13" />
              <SequencePoints>
                <SequencePoint vc="0" uspid="32" ordinal="0" offset="0" sl="11" sc="9" el="11" ec="10" bec="0" bev="0" fileid="13" />
                <SequencePoint vc="0" uspid="33" ordinal="1" offset="1" sl="12" sc="13" el="12" ec="39" bec="0" bev="0" fileid="13" />
                <SequencePoint vc="0" uspid="34" ordinal="2" offset="10" sl="13" sc="9" el="13" ec="10" bec="0" bev="0" fileid="13" />
              </SequencePoints>
              <BranchPoints />
              <MethodPoint xsi:type="SequencePoint" vc="0" uspid="32" ordinal="0" offset="0" sl="11" sc="9" el="11" ec="10" bec="0" bev="0" fileid="13" />
            </Method>
            <Method visited="false" cyclomaticComplexity="2" nPathComplexity="2" sequenceCoverage="0" branchCoverage="0" crapScore="6" isConstructor="false" isStatic="false" isGetter="false" isSetter="false">
              <Summary numSequencePoints="6" visitedSequencePoints="0" numBranchPoints="3" visitedBranchPoints="0" sequenceCoverage="0" branchCoverage="0" maxCyclomaticComplexity="2" minCyclomaticComplexity="2" maxCrapScore="6" minCrapScore="6" visitedClasses="0" numClasses="0" visitedMethods="0" numMethods="1" />
              <MetadataToken>100663326</MetadataToken>
              <Name>System.Boolean Biblioteca.Domain.Base.Entity::Equals(System.Object)</Name>
              <FileRef uid="13" />
              <SequencePoints>
                <SequencePoint vc="0" uspid="35" ordinal="0" offset="0" sl="16" sc="9" el="16" ec="10" bec="0" bev="0" fileid="13" />
                <SequencePoint vc="0" uspid="36" ordinal="1" offset="1" sl="17" sc="13" el="17" ec="43" bec="0" bev="0" fileid="13" />
                <SequencePoint vc="0" uspid="37" ordinal="2" offset="8" sl="18" sc="13" el="18" ec="32" bec="2" bev="0" fileid="13" />
                <SequencePoint vc="0" uspid="38" ordinal="3" offset="16" sl="19" sc="17" el="19" ec="30" bec="0" bev="0" fileid="13" />
                <SequencePoint vc="0" uspid="39" ordinal="4" offset="20" sl="21" sc="17" el="21" ec="45" bec="0" bev="0" fileid="13" />
                <SequencePoint vc="0" uspid="40" ordinal="5" offset="43" sl="22" sc="9" el="22" ec="10" bec="0" bev="0" fileid="13" />
              </SequencePoints>
              <BranchPoints>
                <BranchPoint vc="0" uspid="41" ordinal="0" offset="14" sl="18" path="0" offsetend="16" fileid="13" />
                <BranchPoint vc="0" uspid="42" ordinal="1" offset="14" sl="18" path="1" offsetend="20" fileid="13" />
              </BranchPoints>
              <MethodPoint xsi:type="SequencePoint" vc="0" uspid="35" ordinal="0" offset="0" sl="16" sc="9" el="16" ec="10" bec="0" bev="0" fileid="13" />
            </Method>
            <Method visited="false" cyclomaticComplexity="1" nPathComplexity="0" sequenceCoverage="0" branchCoverage="0" crapScore="2" isConstructor="true" isStatic="false" isGetter="false" isSetter="false">
              <Summary numSequencePoints="0" visitedSequencePoints="0" numBranchPoints="0" visitedBranchPoints="0" sequenceCoverage="0" branchCoverage="0" maxCyclomaticComplexity="1" minCyclomaticComplexity="1" maxCrapScore="2" minCrapScore="2" visitedClasses="0" numClasses="0" visitedMethods="0" numMethods="0" />
              <MetadataToken>100663327</MetadataToken>
              <Name>System.Void Biblioteca.Domain.Base.Entity::.ctor()</Name>
              <SequencePoints />
              <BranchPoints />
              <MethodPoint vc="0" uspid="43" ordinal="0" offset="0" />
            </Method>
          </Methods>
        </Class>
      </Classes>
    </Module>
  </Modules>
</CoverageSession>